Without Data augmented version 5 queries
f1-score: 0.4521
accuracy: 0.5164
recall: 0.5164
precision: 0.6565
====================================================================================================
Without Data augmented version 25 queries
f1-score: 0.6858
accuracy: 0.6814
recall: 0.6814
precision: 0.7979
====================================================================================================
Without Data augmented version 50 queries
f1-score: 0.7867
accuracy: 0.7937
recall: 0.7937
precision: 0.8047
====================================================================================================
Without Data augmented version 100 queries
f1-score: 0.8572
accuracy: 0.8583
recall: 0.8583
precision: 0.8578
====================================================================================================
BT augmented version 5
f1-score: 0.6023
accuracy: 0.6129
recall: 0.6129
precision: 0.7075
====================================================================================================
BT augmented version 25
f1-score: 0.8499
accuracy: 0.8512
recall: 0.8512
precision: 0.8497
====================================================================================================
BT augmented version 50
f1-score: 0.8671
accuracy: 0.8679
recall: 0.8679
precision: 0.8676
====================================================================================================
BT augmented version 100
f1-score: 0.8808
accuracy: 0.8808
recall: 0.8808
precision: 0.8811
====================================================================================================
EDA augmented version 5 queries
f1-score: 0.6461
accuracy: 0.6534
recall: 0.6534
precision: 0.6668
====================================================================================================
EDA augmented version 25 queries
f1-score: 0.827
accuracy: 0.8262
recall: 0.8262
precision: 0.8342
====================================================================================================
EDA augmented version 50 queries
f1-score: 0.843
accuracy: 0.8432
recall: 0.8432
precision: 0.856
====================================================================================================
EDA augmented version 100 queries
f1-score: 0.7955
accuracy: 0.7991
recall: 0.7991
precision: 0.8208
====================================================================================================
