Without Data augmented version 5 queries
f1-score: 0.5226
accuracy: 0.5645
recall: 0.5645
precision: 0.747
====================================================================================================
Without Data augmented version 25 queries
f1-score: 0.6706
accuracy: 0.6732
recall: 0.6732
precision: 0.7741
====================================================================================================
Without Data augmented version 50 queries
f1-score: 0.8132
accuracy: 0.8168
recall: 0.8168
precision: 0.8215
====================================================================================================
Without Data augmented version 100 queries
f1-score: 0.8497
accuracy: 0.8514
recall: 0.8514
precision: 0.853
====================================================================================================
BT augmented version 5
f1-score: 0.6358
accuracy: 0.6487
recall: 0.6487
precision: 0.6598
====================================================================================================
BT augmented version 25
f1-score: 0.8347
accuracy: 0.8362
recall: 0.8362
precision: 0.8348
====================================================================================================
BT augmented version 50
f1-score: 0.8683
accuracy: 0.8689
recall: 0.8689
precision: 0.8681
====================================================================================================
EDA augmented version 5 queries
f1-score: 0.5774
accuracy: 0.5813
recall: 0.5813
precision: 0.6747
====================================================================================================
BT augmented version 100
f1-score: 0.882
accuracy: 0.8817
recall: 0.8817
precision: 0.8828
====================================================================================================
EDA augmented version 100 queries
f1-score: 0.8361
accuracy: 0.8368
recall: 0.8368
precision: 0.8385
====================================================================================================
EDA augmented version 25 queries
f1-score: 0.8052
accuracy: 0.8082
recall: 0.8082
precision: 0.8133
====================================================================================================
EDA augmented version 50 queries
f1-score: 0.8486
accuracy: 0.8479
recall: 0.8479
precision: 0.8575
====================================================================================================

BT augmented version 100
f1-score: 0.8815
accuracy: 0.8818
recall: 0.8818
precision: 0.8814
====================================================================================================
