Without Data augmented version 5 queries
f1-score: 0.2753
accuracy: 0.3528
recall: 0.3528
precision: 0.4737
====================================================================================================
EDA augmented version 5 queries
f1-score: 0.6414
accuracy: 0.6449
recall: 0.6449
precision: 0.6516
====================================================================================================
Without Data augmented version 25 queries
f1-score: 0.7106
accuracy: 0.7204
recall: 0.7204
precision: 0.7427
====================================================================================================
EDA augmented version 25 queries
f1-score: 0.8192
accuracy: 0.8207
recall: 0.8207
precision: 0.8218
====================================================================================================
Without Data augmented version 50 queries
f1-score: 0.8118
accuracy: 0.8134
recall: 0.8134
precision: 0.8275
====================================================================================================
Without Data augmented version 100 queries
f1-score: 0.8648
accuracy: 0.8655
recall: 0.8655
precision: 0.8654
====================================================================================================
EDA augmented version 50 queries
f1-score: 0.7665
accuracy: 0.7699
recall: 0.7699
precision: 0.8075
====================================================================================================
BT augmented version 5
f1-score: 0.483
accuracy: 0.5339
recall: 0.5339
precision: 0.5768
====================================================================================================
EDA augmented version 100 queries
f1-score: 0.7192
accuracy: 0.7197
recall: 0.7197
precision: 0.8241
====================================================================================================
BT augmented version 25
f1-score: 0.8532
accuracy: 0.8547
recall: 0.8547
precision: 0.8534
====================================================================================================
BT augmented version 50
f1-score: 0.8792
accuracy: 0.88
recall: 0.88
precision: 0.8789
====================================================================================================
BT augmented version 100
f1-score: 0.8816
accuracy: 0.8818
recall: 0.8818
precision: 0.8817
====================================================================================================

