Without Data augmented version 5 queries
f1-score: 0.2281
accuracy: 0.2933
recall: 0.2933
precision: 0.3722
====================================================================================================
Without Data augmented version 25 queries
f1-score: 0.7369
accuracy: 0.7439
recall: 0.7439
precision: 0.7614
====================================================================================================
Without Data augmented version 50 queries
f1-score: 0.8006
accuracy: 0.7997
recall: 0.7997
precision: 0.8079
====================================================================================================
Without Data augmented version 100 queries
f1-score: 0.8546
accuracy: 0.8554
recall: 0.8554
precision: 0.8566
====================================================================================================
BT augmented version 5
f1-score: 0.6175
accuracy: 0.6174
recall: 0.6174
precision: 0.625
====================================================================================================
EDA augmented version 100 queries
f1-score: 0.7303
accuracy: 0.7237
recall: 0.7237
precision: 0.8056
====================================================================================================
BT augmented version 25
f1-score: 0.8357
accuracy: 0.8375
recall: 0.8375
precision: 0.8429
====================================================================================================
BT augmented version 50
f1-score: 0.8808
accuracy: 0.8809
recall: 0.8809
precision: 0.8822
====================================================================================================
EDA augmented version 50 queries
f1-score: 0.6812
accuracy: 0.7003
recall: 0.7003
precision: 0.76
====================================================================================================
EDA augmented version 25 queries
f1-score: 0.7953
accuracy: 0.7976
recall: 0.7976
precision: 0.8097
====================================================================================================
BT augmented version 100
f1-score: 0.876
accuracy: 0.8759
recall: 0.8759
precision: 0.8769
====================================================================================================
EDA augmented version 5 queries
f1-score: 0.569
accuracy: 0.5675
recall: 0.5675
precision: 0.6213
====================================================================================================
