Without Data augmented version
f1-score: 0.7861
accuracy: 0.7895
recall: 0.7895
precision: 0.8147
====================================================================================================
EDA augmented version
f1-score: 0.8381
accuracy: 0.8386
recall: 0.8386
precision: 0.8402
====================================================================================================
BT augmented version
f1-score: 0.8781
accuracy: 0.8778
recall: 0.8778
precision: 0.8792
====================================================================================================
BT augmented version 5
f1-score: 0.5104
accuracy: 0.5366
recall: 0.5366
precision: 0.6521
====================================================================================================
BT augmented version 25
f1-score: 0.8818
accuracy: 0.8816
recall: 0.8816
precision: 0.8828
====================================================================================================
BT augmented version 100
f1-score: 0.8825
accuracy: 0.8824
recall: 0.8825
precision: 0.8826
====================================================================================================
Without Data augmented version 5 queries
f1-score: 0.2451
accuracy: 0.2821
recall: 0.2821
precision: 0.3058
====================================================================================================
Without Data augmented version 25 queries
f1-score: 0.7529
accuracy: 0.7518
recall: 0.7518
precision: 0.7964
====================================================================================================
Without Data augmented version 100 queries
f1-score: 0.8719
accuracy: 0.8722
recall: 0.8722
precision: 0.872
====================================================================================================
EDA augmented version 5 queries
f1-score: 0.5792
accuracy: 0.567
recall: 0.567
precision: 0.6497
====================================================================================================
EDA augmented version 25 queries
f1-score: 0.798
accuracy: 0.7951
recall: 0.7951
precision: 0.8137
====================================================================================================
EDA augmented version 100 queries
f1-score: 0.6197
accuracy: 0.6201
recall: 0.6201
precision: 0.7637
====================================================================================================
