content_name: query_hispanic-culture-facts
f1-score: 0.5596
accuracy: 0.5862
recall: 0.5259
precision: 0.598
====================================================================================================
content_name: query_egyptian-gods-and-goddesses
f1-score: 0.7068
accuracy: 0.6636
recall: 0.8073
precision: 0.6286
====================================================================================================
content_name: query_the-mayans-facts
f1-score: 0.3297
accuracy: 0.5414
recall: 0.2239
precision: 0.625
====================================================================================================
content_name: query_culture-facts
f1-score: 0.3851
accuracy: 0.4844
recall: 0.3229
precision: 0.4769
====================================================================================================
content_name: query_st-patricks-day-facts
f1-score: 0.3238
accuracy: 0.3932
recall: 0.2881
precision: 0.3696
====================================================================================================
content_name: query_thanksgiving-facts
f1-score: 0.4878
accuracy: 0.58
recall: 0.4
precision: 0.625
====================================================================================================
content_name: query_valentines-day-facts
f1-score: 0.3529
accuracy: 0.5299
recall: 0.2542
precision: 0.5769
====================================================================================================
content_name: query_language-facts
f1-score: 0.7347
accuracy: 0.7679
recall: 0.6429
precision: 0.8571
====================================================================================================
content_name: query_korean-war-facts
f1-score: 0.5527
accuracy: 0.6152
recall: 0.4755
precision: 0.6599
====================================================================================================
content_name: query_historical-events-facts
f1-score: 0.4825
accuracy: 0.5547
recall: 0.4135
precision: 0.5789
====================================================================================================
content_name: query_911-facts
f1-score: 0.3611
accuracy: 0.5446
recall: 0.2549
precision: 0.619
====================================================================================================
content_name: query_ww2-facts
f1-score: 0.4123
accuracy: 0.5411
recall: 0.3219
precision: 0.5732
====================================================================================================
content_name: query_boston-tea-party-facts
f1-score: 0.5366
accuracy: 0.6481
recall: 0.4074
precision: 0.7857
====================================================================================================
content_name: query_pearl-harbor-facts
f1-score: 0.6755
accuracy: 0.7232
recall: 0.573
precision: 0.8226
====================================================================================================
content_name: query_auschwitz-facts
f1-score: 0.5517
accuracy: 0.6422
recall: 0.4364
precision: 0.75
====================================================================================================
content_name: query_4th-of-july-facts
f1-score: 0.2667
accuracy: 0.4762
recall: 0.1887
precision: 0.4545
====================================================================================================
content_name: query_cinco-de-mayo-facts
f1-score: 0.1096
accuracy: 0.4397
recall: 0.069
precision: 0.2667
====================================================================================================
content_name: query_ww1-facts
f1-score: 0.6699
accuracy: 0.5055
recall: 1.0
precision: 0.5037
====================================================================================================
content_name: query_andre-the-giant-facts
f1-score: 0.3913
accuracy: 0.5333
recall: 0.3
precision: 0.5625
====================================================================================================
content_name: query_mother-teresa-facts
f1-score: 0.3889
accuracy: 0.4677
recall: 0.3387
precision: 0.4565
====================================================================================================
content_name: query_hades-facts
f1-score: 0.3129
accuracy: 0.5236
recall: 0.217
precision: 0.561
====================================================================================================
content_name: query_hera-facts
f1-score: 0.7262
accuracy: 0.7617
recall: 0.6289
precision: 0.8592
====================================================================================================
content_name: query_jesus-facts
f1-score: 0.4167
accuracy: 0.58
recall: 0.3
precision: 0.6818
====================================================================================================
content_name: query_people-facts
f1-score: 0.125
accuracy: 0.4717
recall: 0.0755
precision: 0.3636
====================================================================================================
content_name: query_oprah-winfrey-facts
f1-score: 0.3836
accuracy: 0.5673
recall: 0.2692
precision: 0.6667
====================================================================================================
content_name: query_julius-caesar-facts
f1-score: 0.3846
accuracy: 0.4615
recall: 0.3365
precision: 0.4487
====================================================================================================
content_name: query_william-shakespeare-facts
f1-score: 0.3066
accuracy: 0.5701
recall: 0.1892
precision: 0.8077
====================================================================================================
content_name: query_florence-nightingale-facts
f1-score: 0.561
accuracy: 0.6538
recall: 0.4423
precision: 0.7667
====================================================================================================
content_name: query_bill-gates-facts
f1-score: 0.4355
accuracy: 0.6296
recall: 0.2842
precision: 0.931
====================================================================================================
content_name: query_alexander-the-great-facts
f1-score: 0.5294
accuracy: 0.5556
recall: 0.5
precision: 0.5625
====================================================================================================
content_name: query_michael-jackson-facts
f1-score: 0.4211
accuracy: 0.5344
recall: 0.3368
precision: 0.5614
====================================================================================================
content_name: query_neil-armstrong-facts
f1-score: 0.4898
accuracy: 0.5413
recall: 0.4364
precision: 0.5581
====================================================================================================
content_name: query_george-washington-facts
f1-score: 0.3467
accuracy: 0.5333
recall: 0.2453
precision: 0.5909
====================================================================================================
content_name: query_marilyn-monroe-facts
f1-score: 0.5915
accuracy: 0.42
recall: 0.84
precision: 0.4565
====================================================================================================
content_name: query_cleopatra-facts
f1-score: 0.4167
accuracy: 0.5556
recall: 0.3158
precision: 0.6122
====================================================================================================
content_name: query_the-beatles-facts
f1-score: 0.6586
accuracy: 0.7176
recall: 0.543
precision: 0.8367
====================================================================================================
content_name: query_martin-luther-king-jr-facts
f1-score: 0.4211
accuracy: 0.5259
recall: 0.3448
precision: 0.5405
====================================================================================================
content_name: query_bruce-lee-facts
f1-score: 0.2143
accuracy: 0.4359
recall: 0.1538
precision: 0.3529
====================================================================================================
content_name: query_michael-jordan-facts
f1-score: 0.3178
accuracy: 0.5944
recall: 0.1889
precision: 1.0
====================================================================================================
content_name: query_beethoven-facts
f1-score: 0.5895
accuracy: 0.675
recall: 0.4667
precision: 0.8
====================================================================================================
content_name: query_marie-curie-facts
f1-score: 0.2727
accuracy: 0.5556
recall: 0.1667
precision: 0.75
====================================================================================================
content_name: query_pablo-escobar-facts
f1-score: 0.3133
accuracy: 0.4911
recall: 0.2321
precision: 0.4815
====================================================================================================
content_name: query_poseidon-facts
f1-score: 0.6614
accuracy: 0.7312
recall: 0.525
precision: 0.8936
====================================================================================================
content_name: query_aphrodite-facts
f1-score: 0.6309
accuracy: 0.7027
recall: 0.5054
precision: 0.8393
====================================================================================================
content_name: query_maya-angelou-facts
f1-score: 0.2376
accuracy: 0.5064
recall: 0.1538
precision: 0.5217
====================================================================================================
content_name: query_mozart-facts
f1-score: 0.6174
accuracy: 0.4667
recall: 0.8554
precision: 0.483
====================================================================================================
content_name: query_donald-trump-facts
f1-score: 0.3284
accuracy: 0.5515
recall: 0.2185
precision: 0.66
====================================================================================================
content_name: query_us-presidents-facts
f1-score: 0.2727
accuracy: 0.534
recall: 0.1742
precision: 0.6279
====================================================================================================
content_name: query_women-leaders-facts
f1-score: 0.3095
accuracy: 0.5043
recall: 0.2203
precision: 0.52
====================================================================================================
content_name: query_steve-jobs-facts
f1-score: 0.125
accuracy: 0.4215
recall: 0.082
precision: 0.2632
====================================================================================================
content_name: query_barack-obama-facts
f1-score: 0.3894
accuracy: 0.6167
recall: 0.2444
precision: 0.9565
====================================================================================================
content_name: query_confucius-facts
f1-score: 0.2308
accuracy: 0.4495
recall: 0.1636
precision: 0.3913
====================================================================================================
content_name: query_pythagoras-facts
f1-score: 0.36
accuracy: 0.453
recall: 0.3051
precision: 0.439
====================================================================================================
content_name: query_buddhism-facts
f1-score: 0.4238
accuracy: 0.5397
recall: 0.3368
precision: 0.5714
====================================================================================================
content_name: query_bible-facts
f1-score: 0.3944
accuracy: 0.5743
recall: 0.2745
precision: 0.7
====================================================================================================
content_name: query_easter-facts
f1-score: 0.2903
accuracy: 0.5243
recall: 0.1935
precision: 0.5806
====================================================================================================
content_name: query_entertainment-facts
f1-score: 0.1875
accuracy: 0.48
recall: 0.12
precision: 0.4286
====================================================================================================
content_name: query_my-cousin-vinny-facts
f1-score: 0.5833
accuracy: 0.619
recall: 0.5283
precision: 0.6512
====================================================================================================
content_name: query_friends-facts
f1-score: 0.566
accuracy: 0.6892
recall: 0.4054
precision: 0.9375
====================================================================================================
content_name: query_star-wars-facts
f1-score: 0.6497
accuracy: 0.6406
recall: 0.6667
precision: 0.6337
====================================================================================================
content_name: query_christmas-songs
f1-score: 0.6667
accuracy: 0.5
recall: 1.0
precision: 0.5
====================================================================================================
content_name: query_tiktok-facts
f1-score: 0.4727
accuracy: 0.5492
recall: 0.4021
precision: 0.5735
====================================================================================================
content_name: query_rock-paper-scissors-facts
f1-score: 0.6818
accuracy: 0.58
recall: 0.9
precision: 0.5488
====================================================================================================
content_name: query_lego-facts
f1-score: 0.5541
accuracy: 0.6071
recall: 0.4881
precision: 0.6406
====================================================================================================
content_name: query_disney-facts
f1-score: 0.223
accuracy: 0.5103
recall: 0.1405
precision: 0.5397
====================================================================================================
content_name: query_spotify-facts
f1-score: 0.4655
accuracy: 0.5518
recall: 0.3902
precision: 0.5766
====================================================================================================
content_name: query_netflix-facts
f1-score: 0.5038
accuracy: 0.6261
recall: 0.3785
precision: 0.7528
====================================================================================================
content_name: query_harry-potter-facts
f1-score: 0.328
accuracy: 0.5666
recall: 0.2109
precision: 0.7381
====================================================================================================
content_name: query_marvel-facts
f1-score: 0.3986
accuracy: 0.6195
recall: 0.2522
precision: 0.95
====================================================================================================
content_name: query_bts-facts
f1-score: 0.5103
accuracy: 0.4279
recall: 0.5962
precision: 0.446
====================================================================================================
content_name: query_minecraft-facts
f1-score: 0.5083
accuracy: 0.6181
recall: 0.3935
precision: 0.7176
====================================================================================================
content_name: query_pokemon-facts
f1-score: 0.0991
accuracy: 0.4962
recall: 0.0553
precision: 0.4783
====================================================================================================
content_name: query_books-facts
f1-score: 0.8202
accuracy: 0.827
recall: 0.7849
precision: 0.8588
====================================================================================================
content_name: query_lord-of-the-rings-facts
f1-score: 0.35
accuracy: 0.5702
recall: 0.2295
precision: 0.7368
====================================================================================================
content_name: query_video-game-facts
f1-score: 0.6525
accuracy: 0.6597
recall: 0.6389
precision: 0.6667
====================================================================================================
content_name: query_food-facts
f1-score: 0.2315
accuracy: 0.5132
recall: 0.1462
precision: 0.5556
====================================================================================================
content_name: query_chocolate-facts
f1-score: 0.7754
accuracy: 0.7542
recall: 0.8456
precision: 0.7159
====================================================================================================
content_name: query_strawberry-facts
f1-score: 0.9107
accuracy: 0.9145
recall: 0.8644
precision: 0.9623
====================================================================================================
content_name: query_nutella-facts
f1-score: 0.3291
accuracy: 0.547
recall: 0.2203
precision: 0.65
====================================================================================================
content_name: query_watermelon-facts
f1-score: 0.7778
accuracy: 0.7686
recall: 0.8033
precision: 0.7538
====================================================================================================
content_name: query_cornflakes-facts
f1-score: 0.8333
accuracy: 0.8462
recall: 0.7692
precision: 0.9091
====================================================================================================
content_name: query_breakfast-around-the-world
f1-score: 0.902
accuracy: 0.9038
recall: 0.8846
precision: 0.92
====================================================================================================
content_name: query_pizza-hut-facts
f1-score: 0.5748
accuracy: 0.6636
recall: 0.4534
precision: 0.7849
====================================================================================================
content_name: query_starbucks-facts
f1-score: 0.2256
accuracy: 0.5354
recall: 0.135
precision: 0.6875
====================================================================================================
content_name: query_beer-facts
f1-score: 0.8263
accuracy: 0.8314
recall: 0.8023
precision: 0.8519
====================================================================================================
content_name: query_mcdonalds-facts
f1-score: 0.5447
accuracy: 0.6279
recall: 0.4437
precision: 0.7053
====================================================================================================
content_name: query_coca-cola-facts
f1-score: 0.1835
accuracy: 0.288
recall: 0.1587
precision: 0.2174
====================================================================================================
content_name: query_pizza-facts
f1-score: 0.673
accuracy: 0.6321
recall: 0.7571
precision: 0.6057
====================================================================================================
content_name: query_ice-cream-facts
f1-score: 0.7679
accuracy: 0.7615
recall: 0.7818
precision: 0.7544
====================================================================================================
content_name: query_avocado-facts
f1-score: 0.6783
accuracy: 0.6442
recall: 0.75
precision: 0.619
====================================================================================================
content_name: query_pineapple-facts
f1-score: 0.7033
accuracy: 0.7523
recall: 0.5818
precision: 0.8889
====================================================================================================
content_name: query_coffee-facts
f1-score: 0.8785
accuracy: 0.8839
recall: 0.8393
precision: 0.9216
====================================================================================================
content_name: query_wine-facts
f1-score: 0.8205
accuracy: 0.8391
recall: 0.7328
precision: 0.932
====================================================================================================
content_name: query_egg-facts
f1-score: 0.8687
accuracy: 0.87
recall: 0.86
precision: 0.8776
====================================================================================================
content_name: query_health-facts
f1-score: 0.3545
accuracy: 0.5329
recall: 0.2566
precision: 0.5735
====================================================================================================
content_name: query_sports-facts
f1-score: 0.5074
accuracy: 0.5282
recall: 0.4859
precision: 0.5308
====================================================================================================
content_name: query_soccer-facts
f1-score: 0.9061
accuracy: 0.9101
recall: 0.8632
precision: 0.9535
====================================================================================================
content_name: query_basketball-facts
f1-score: 0.6961
accuracy: 0.6953
recall: 0.6979
precision: 0.6943
====================================================================================================
content_name: query_baseball-facts
f1-score: 0.6469
accuracy: 0.6877
recall: 0.5707
precision: 0.7466
====================================================================================================
content_name: query_espn-facts
f1-score: 0.3061
accuracy: 0.4848
recall: 0.2273
precision: 0.4688
====================================================================================================
content_name: query_golf-facts
f1-score: 0.7895
accuracy: 0.7519
recall: 0.9231
precision: 0.6897
====================================================================================================
content_name: query_running-facts
f1-score: 0.7317
accuracy: 0.7747
recall: 0.6122
precision: 0.9091
====================================================================================================
content_name: query_little-red-flying-fox-facts
f1-score: 0.6777
accuracy: 0.6389
recall: 0.7593
precision: 0.6119
====================================================================================================
content_name: query_types-of-starfish
f1-score: 0.7661
accuracy: 0.75
recall: 0.819
precision: 0.7197
====================================================================================================
content_name: query_black-bear-facts
f1-score: 0.9143
accuracy: 0.9143
recall: 0.9057
precision: 0.9231
====================================================================================================
content_name: query_hippo-facts
f1-score: 0.6769
accuracy: 0.7181
recall: 0.5867
precision: 0.8
====================================================================================================
content_name: query_cow-facts
f1-score: 0.7527
accuracy: 0.787
recall: 0.6481
precision: 0.8974
====================================================================================================
content_name: query_red-tailed-hawk-facts
f1-score: 0.7395
accuracy: 0.7417
recall: 0.7333
precision: 0.7458
====================================================================================================
content_name: query_pigeon-facts
f1-score: 0.8932
accuracy: 0.8942
recall: 0.8846
precision: 0.902
====================================================================================================
content_name: query_animal-facts
f1-score: 0.2759
accuracy: 0.5304
recall: 0.1783
precision: 0.6087
====================================================================================================
content_name: query_rabbit-facts
f1-score: 0.7863
accuracy: 0.7934
recall: 0.7541
precision: 0.8214
====================================================================================================
content_name: query_golden-retriever-facts
f1-score: 0.6022
accuracy: 0.6838
recall: 0.4746
precision: 0.8235
====================================================================================================
content_name: query_bobcat-facts
f1-score: 0.7153
accuracy: 0.6638
recall: 0.8448
precision: 0.6203
====================================================================================================
content_name: query_frog-facts
f1-score: 0.8548
accuracy: 0.8462
recall: 0.8983
precision: 0.8154
====================================================================================================
content_name: query_penguin-facts
f1-score: 0.8932
accuracy: 0.8942
recall: 0.8846
precision: 0.902
====================================================================================================
content_name: query_cat-facts
f1-score: 0.7668
accuracy: 0.7465
recall: 0.8333
precision: 0.7101
====================================================================================================
content_name: query_corgi-facts
f1-score: 0.6769
accuracy: 0.6379
recall: 0.7586
precision: 0.6111
====================================================================================================
content_name: query_otter-facts
f1-score: 0.8319
accuracy: 0.819
recall: 0.8868
precision: 0.7833
====================================================================================================
content_name: query_lobster-facts
f1-score: 0.8805
accuracy: 0.8805
recall: 0.8776
precision: 0.8836
====================================================================================================
content_name: query_fish-facts
f1-score: 0.7863
accuracy: 0.7685
recall: 0.8519
precision: 0.7302
====================================================================================================
content_name: query_bug-facts
f1-score: 0.9173
accuracy: 0.9173
recall: 0.9104
precision: 0.9242
====================================================================================================
content_name: query_megalodon-facts
f1-score: 0.8108
accuracy: 0.832
recall: 0.7143
precision: 0.9375
====================================================================================================
content_name: query_lion-facts
f1-score: 0.5984
accuracy: 0.5887
recall: 0.6129
precision: 0.5846
====================================================================================================
content_name: query_owl-facts
f1-score: 0.8808
accuracy: 0.8757
recall: 0.914
precision: 0.85
====================================================================================================
content_name: query_bat-facts
f1-score: 0.7186
accuracy: 0.6702
recall: 0.8392
precision: 0.6283
====================================================================================================
content_name: query_bee-facts
f1-score: 0.9219
accuracy: 0.9194
recall: 0.9516
precision: 0.8939
====================================================================================================
content_name: query_tiger-facts
f1-score: 0.8794
accuracy: 0.8819
recall: 0.8611
precision: 0.8986
====================================================================================================
content_name: query_monarch-butterfly-facts
f1-score: 0.8246
accuracy: 0.8276
recall: 0.8103
precision: 0.8393
====================================================================================================
content_name: query_killer-whale-facts
f1-score: 0.885
accuracy: 0.8713
recall: 0.9804
precision: 0.8065
====================================================================================================
content_name: query_horse-facts
f1-score: 0.8608
accuracy: 0.8667
recall: 0.8193
precision: 0.9067
====================================================================================================
content_name: query_bear-facts
f1-score: 0.9027
accuracy: 0.9005
recall: 0.9189
precision: 0.887
====================================================================================================
content_name: query_elephant-facts
f1-score: 0.8163
accuracy: 0.8188
recall: 0.8
precision: 0.8333
====================================================================================================
content_name: query_dolphin-facts
f1-score: 0.8571
accuracy: 0.8661
recall: 0.8036
precision: 0.9184
====================================================================================================
content_name: query_wolf-facts
f1-score: 0.8889
accuracy: 0.8974
recall: 0.8205
precision: 0.9697
====================================================================================================
content_name: query_chihuahua-facts
f1-score: 0.8756
accuracy: 0.8708
recall: 0.9048
precision: 0.8482
====================================================================================================
content_name: query_siberian-husky-facts
f1-score: 0.5909
accuracy: 0.6842
recall: 0.4561
precision: 0.8387
====================================================================================================
content_name: query_whale-facts
f1-score: 0.7677
accuracy: 0.781
recall: 0.717
precision: 0.8261
====================================================================================================
content_name: query_snake-facts
f1-score: 0.6484
accuracy: 0.7143
recall: 0.5268
precision: 0.8429
====================================================================================================
content_name: query_chicken-facts
f1-score: 0.6179
accuracy: 0.6439
recall: 0.5758
precision: 0.6667
====================================================================================================
content_name: query_monkey-facts
f1-score: 0.6452
accuracy: 0.7011
recall: 0.5435
precision: 0.7937
====================================================================================================
content_name: query_camel-facts
f1-score: 0.6279
accuracy: 0.68
recall: 0.54
precision: 0.75
====================================================================================================
content_name: query_parasite-facts
f1-score: 0.5139
accuracy: 0.5349
recall: 0.4901
precision: 0.5401
====================================================================================================
content_name: query_shark-facts
f1-score: 0.7407
accuracy: 0.7667
recall: 0.6667
precision: 0.8333
====================================================================================================
content_name: query_human-body-facts
f1-score: 0.3677
accuracy: 0.4835
recall: 0.2993
precision: 0.4767
====================================================================================================
content_name: query_redhead-facts
f1-score: 0.8649
accuracy: 0.8611
recall: 0.8889
precision: 0.8421
====================================================================================================
content_name: query_baby-facts
f1-score: 0.6084
accuracy: 0.5724
recall: 0.6645
precision: 0.5611
====================================================================================================
content_name: query_sex-facts
f1-score: 0.6311
accuracy: 0.7036
recall: 0.5071
precision: 0.8353
====================================================================================================
content_name: query_plant-facts
f1-score: 0.6154
accuracy: 0.6196
recall: 0.6087
precision: 0.6222
====================================================================================================
content_name: query_sunflower-facts
f1-score: 0.9419
accuracy: 0.9379
recall: 1.0
precision: 0.8902
====================================================================================================
content_name: query_universe-facts
f1-score: 0.4171
accuracy: 0.5824
recall: 0.2977
precision: 0.6964
====================================================================================================
content_name: query_saturn-facts
f1-score: 0.4348
accuracy: 0.4851
recall: 0.3922
precision: 0.4878
====================================================================================================
content_name: query_jupiter-facts
f1-score: 0.4211
accuracy: 0.4762
recall: 0.3774
precision: 0.4762
====================================================================================================
content_name: query_moon-facts
f1-score: 0.433
accuracy: 0.4712
recall: 0.4038
precision: 0.4667
====================================================================================================
content_name: query_pluto-facts
f1-score: 0.5932
accuracy: 0.52
recall: 0.7
precision: 0.5147
====================================================================================================
content_name: query_earth-facts
f1-score: 0.4483
accuracy: 0.5127
recall: 0.3939
precision: 0.52
====================================================================================================
content_name: query_northern-lights-facts
f1-score: 0.6292
accuracy: 0.6972
recall: 0.5091
precision: 0.8235
====================================================================================================
content_name: query_biology-facts
f1-score: 0.6225
accuracy: 0.6607
recall: 0.5595
precision: 0.7015
====================================================================================================
content_name: query_bacteria-facts
f1-score: 0.7068
accuracy: 0.6777
recall: 0.7705
precision: 0.6528
====================================================================================================
content_name: query_lithium-facts
f1-score: 0.92
accuracy: 0.9231
recall: 0.8846
precision: 0.9583
====================================================================================================
content_name: query_chemistry-facts
f1-score: 0.156
accuracy: 0.5143
recall: 0.0894
precision: 0.6111
====================================================================================================
content_name: query_gold-facts
f1-score: 0.8364
accuracy: 0.8269
recall: 0.8846
precision: 0.7931
====================================================================================================
content_name: query_taiga-biomes-facts
f1-score: 0.7735
accuracy: 0.7784
recall: 0.7527
precision: 0.7955
====================================================================================================
content_name: query_deforestation-facts
f1-score: 0.7092
accuracy: 0.6917
recall: 0.7463
precision: 0.6757
====================================================================================================
content_name: query_desert-facts
f1-score: 0.7419
accuracy: 0.6952
recall: 0.8679
precision: 0.6479
====================================================================================================
content_name: query_geography-facts
f1-score: 0.679
accuracy: 0.7062
recall: 0.618
precision: 0.7534
====================================================================================================
content_name: query_rainforest-facts
f1-score: 0.864
accuracy: 0.8547
recall: 0.9153
precision: 0.8182
====================================================================================================
content_name: query_great-pacific-garbage-patch-facts
f1-score: 0.5977
accuracy: 0.6789
recall: 0.4727
precision: 0.8125
====================================================================================================
content_name: query_weather-facts
f1-score: 0.5128
accuracy: 0.5547
recall: 0.4688
precision: 0.566
====================================================================================================
content_name: query_technology-facts
f1-score: 0.3358
accuracy: 0.5357
recall: 0.2347
precision: 0.5897
====================================================================================================
content_name: query_car-facts
f1-score: 0.8106
accuracy: 0.8311
recall: 0.723
precision: 0.9224
====================================================================================================
content_name: query_apollo-11-facts
f1-score: 0.7832
accuracy: 0.8063
recall: 0.7
precision: 0.8889
====================================================================================================
content_name: query_linkedin-facts
f1-score: 0.4648
accuracy: 0.5308
recall: 0.4064
precision: 0.5429
====================================================================================================
content_name: query_paypal-facts
f1-score: 0.1942
accuracy: 0.5284
recall: 0.1136
precision: 0.6667
====================================================================================================
content_name: query_yahoo-facts
f1-score: 0.4215
accuracy: 0.5825
recall: 0.3032
precision: 0.6912
====================================================================================================
content_name: query_whatsapp-facts
f1-score: 0.3394
accuracy: 0.5514
recall: 0.2298
precision: 0.6491
====================================================================================================
content_name: query_airbnb-facts
f1-score: 0.5267
accuracy: 0.6314
recall: 0.4103
precision: 0.7356
====================================================================================================
content_name: query_amazon-facts
f1-score: 0.4385
accuracy: 0.5212
recall: 0.3729
precision: 0.5323
====================================================================================================
content_name: query_internet-facts
f1-score: 0.4876
accuracy: 0.5974
recall: 0.3831
precision: 0.6705
====================================================================================================
content_name: query_las-vegas-facts
f1-score: 0.3611
accuracy: 0.4651
recall: 0.3023
precision: 0.4483
====================================================================================================
content_name: query_barcelona-facts
f1-score: 0.5946
accuracy: 0.645
recall: 0.5176
precision: 0.6984
====================================================================================================
content_name: query_city-facts
f1-score: 0.5514
accuracy: 0.5692
recall: 0.5276
precision: 0.5776
====================================================================================================
content_name: query_london-facts
f1-score: 0.4919
accuracy: 0.4167
recall: 0.5648
precision: 0.4357
====================================================================================================
content_name: query_berlin-facts
f1-score: 0.5
accuracy: 0.5644
recall: 0.4314
precision: 0.5946
====================================================================================================
content_name: query_new-york-facts
f1-score: 0.3981
accuracy: 0.4356
recall: 0.3717
precision: 0.4286
====================================================================================================
content_name: query_galapagos-islands-facts
f1-score: 0.7234
accuracy: 0.7045
recall: 0.7727
precision: 0.68
====================================================================================================
content_name: query_pompeii-facts
f1-score: 0.5161
accuracy: 0.5982
recall: 0.4286
precision: 0.6486
====================================================================================================
content_name: query_paris-facts
f1-score: 0.3291
accuracy: 0.4479
recall: 0.2708
precision: 0.4194
====================================================================================================
content_name: query_tokyo-facts
f1-score: 0.4513
accuracy: 0.5158
recall: 0.3964
precision: 0.5238
====================================================================================================
content_name: query_venice-facts
f1-score: 0.4545
accuracy: 0.469
recall: 0.4386
precision: 0.4717
====================================================================================================
content_name: query_costa-rica-facts
f1-score: 0.5363
accuracy: 0.5677
recall: 0.5
precision: 0.5783
====================================================================================================
content_name: query_ancient-egypt-facts
f1-score: 0.1463
accuracy: 0.475
recall: 0.09
precision: 0.3913
====================================================================================================
content_name: query_nigeria-facts
f1-score: 0.4599
accuracy: 0.4767
recall: 0.4433
precision: 0.4778
====================================================================================================
content_name: query_pakistan-facts
f1-score: 0.4375
accuracy: 0.5179
recall: 0.375
precision: 0.525
====================================================================================================
content_name: query_ancient-rome-facts
f1-score: 0.4692
accuracy: 0.5787
recall: 0.3718
precision: 0.6358
====================================================================================================
content_name: query_panama-facts
f1-score: 0.4425
accuracy: 0.5655
recall: 0.3425
precision: 0.625
====================================================================================================
content_name: query_scotland-facts
f1-score: 0.3333
accuracy: 0.5644
recall: 0.2157
precision: 0.7333
====================================================================================================
content_name: query_portugal-facts
f1-score: 0.4725
accuracy: 0.5294
recall: 0.4216
precision: 0.5375
====================================================================================================
content_name: query_ancient-greece-facts
f1-score: 0.2424
accuracy: 0.5192
recall: 0.1538
precision: 0.5714
====================================================================================================
content_name: query_country-facts
f1-score: 0.4959
accuracy: 0.6038
recall: 0.3885
precision: 0.6854
====================================================================================================
content_name: query_russia-facts
f1-score: 0.4146
accuracy: 0.5224
recall: 0.3366
precision: 0.5397
====================================================================================================
content_name: query_afghanistan-facts
f1-score: 0.487
accuracy: 0.5662
recall: 0.4118
precision: 0.5957
====================================================================================================
content_name: query_north-korea-facts
f1-score: 0.3889
accuracy: 0.5769
recall: 0.2692
precision: 0.7
====================================================================================================
content_name: query_brazil-facts
f1-score: 0.4
accuracy: 0.4122
recall: 0.3919
precision: 0.4085
====================================================================================================
content_name: query_venezuela-facts
f1-score: 0.5146
accuracy: 0.5931
recall: 0.4314
precision: 0.6377
====================================================================================================
content_name: query_israel-facts
f1-score: 0.4179
accuracy: 0.5491
recall: 0.3218
precision: 0.5957
====================================================================================================
content_name: query_argentina-facts
f1-score: 0.2051
accuracy: 0.5079
recall: 0.1263
precision: 0.5455
====================================================================================================
content_name: query_switzerland-facts
f1-score: 0.5426
accuracy: 0.6309
recall: 0.4359
precision: 0.7183
====================================================================================================
content_name: query_philippines-facts
f1-score: 0.6533
accuracy: 0.655
recall: 0.65
precision: 0.6566
====================================================================================================
content_name: query_haiti-facts
f1-score: 0.4328
accuracy: 0.5979
recall: 0.3053
precision: 0.7436
====================================================================================================
content_name: query_iceland-facts
f1-score: 0.4412
accuracy: 0.5892
recall: 0.3226
precision: 0.6977
====================================================================================================
content_name: query_canada-facts
f1-score: 0.5328
accuracy: 0.5169
recall: 0.5508
precision: 0.5159
====================================================================================================
content_name: query_facts-about-greece
f1-score: 0.2105
accuracy: 0.5179
recall: 0.1286
precision: 0.5806
====================================================================================================
content_name: query_poland-facts
f1-score: 0.8333
accuracy: 0.8276
recall: 0.8621
precision: 0.8065
====================================================================================================
content_name: query_greenland-facts
f1-score: 0.5248
accuracy: 0.5732
recall: 0.4684
precision: 0.5968
====================================================================================================
content_name: query_colombia-facts
f1-score: 0.4624
accuracy: 0.5714
recall: 0.367
precision: 0.625
====================================================================================================
content_name: query_mexico-facts
f1-score: 0.1833
accuracy: 0.4258
recall: 0.1285
precision: 0.3194
====================================================================================================
content_name: query_germany-facts
f1-score: 0.3874
accuracy: 0.5651
recall: 0.2741
precision: 0.6607
====================================================================================================
content_name: query_belgium-facts
f1-score: 0.1475
accuracy: 0.48
recall: 0.09
precision: 0.4091
====================================================================================================
content_name: query_ecuador-facts
f1-score: 0.1616
accuracy: 0.4845
recall: 0.0988
precision: 0.4444
====================================================================================================
content_name: query_spain-facts
f1-score: 0.25
accuracy: 0.5085
recall: 0.1633
precision: 0.5333
====================================================================================================
content_name: query_egypt-facts
f1-score: 0.2146
accuracy: 0.3167
recall: 0.1867
precision: 0.2523
====================================================================================================
content_name: query_honduras-facts
f1-score: 0.4098
accuracy: 0.574
recall: 0.2941
precision: 0.6757
====================================================================================================
content_name: query_sweden-facts
f1-score: 0.4823
accuracy: 0.5213
recall: 0.4444
precision: 0.5271
====================================================================================================
content_name: query_japan-facts
f1-score: 0.3302
accuracy: 0.5087
recall: 0.2414
precision: 0.5224
====================================================================================================
content_name: query_turkey-facts
f1-score: 0.1368
accuracy: 0.4767
recall: 0.0825
precision: 0.4
====================================================================================================
content_name: query_hong-kong-facts
f1-score: 0.4076
accuracy: 0.4318
recall: 0.3909
precision: 0.4257
====================================================================================================
content_name: query_iran-facts
f1-score: 0.3355
accuracy: 0.5318
recall: 0.2364
precision: 0.5778
====================================================================================================
content_name: query_italy-facts
f1-score: 0.3874
accuracy: 0.3938
recall: 0.3814
precision: 0.3936
====================================================================================================
content_name: query_bolivia-facts
f1-score: 0.3448
accuracy: 0.3383
recall: 0.3465
precision: 0.3431
====================================================================================================
content_name: query_south-korea-facts
f1-score: 0.2128
accuracy: 0.4219
recall: 0.1562
precision: 0.3333
====================================================================================================
content_name: query_china-facts
f1-score: 0.1739
accuracy: 0.525
recall: 0.1
precision: 0.6667
====================================================================================================
content_name: query_denmark-facts
f1-score: 0.1547
accuracy: 0.5234
recall: 0.087
precision: 0.7
====================================================================================================
content_name: query_singapore-facts
f1-score: 0.5
accuracy: 0.5231
recall: 0.4769
precision: 0.5254
====================================================================================================
content_name: query_norway-facts
f1-score: 0.6177
accuracy: 0.6566
recall: 0.5549
precision: 0.6966
====================================================================================================
content_name: query_new-zealand-facts
f1-score: 0.6837
accuracy: 0.6786
recall: 0.6948
precision: 0.673
====================================================================================================
content_name: query_vietnam-facts
f1-score: 0.7437
accuracy: 0.7543
recall: 0.7103
precision: 0.7803
====================================================================================================
content_name: query_guatemala-facts
f1-score: 0.3441
accuracy: 0.4378
recall: 0.2936
precision: 0.4156
====================================================================================================
content_name: query_dominican-republic-facts
f1-score: 0.0661
accuracy: 0.4887
recall: 0.036
precision: 0.4
====================================================================================================
content_name: query_mongolia-facts
f1-score: 0.4762
accuracy: 0.5746
recall: 0.3846
precision: 0.625
====================================================================================================
content_name: query_puerto-rico-facts
f1-score: 0.1437
accuracy: 0.4762
recall: 0.0876
precision: 0.4
====================================================================================================
content_name: query_thailand-facts
f1-score: 0.219
accuracy: 0.4225
recall: 0.162
precision: 0.3382
====================================================================================================
content_name: query_india-facts
f1-score: 0.2603
accuracy: 0.5263
recall: 0.1667
precision: 0.5938
====================================================================================================
content_name: query_panama-canal-facts
f1-score: 0.6869
accuracy: 0.7328
recall: 0.5862
precision: 0.8293
====================================================================================================
content_name: query_victoria-falls-facts
f1-score: 0.604
accuracy: 0.4327
recall: 0.8654
precision: 0.4639
====================================================================================================
content_name: query_colosseum-facts
f1-score: 0.5657
accuracy: 0.57
recall: 0.56
precision: 0.5714
====================================================================================================
content_name: query_winchester-house-facts
f1-score: 0.7407
accuracy: 0.7333
recall: 0.7547
precision: 0.7273
====================================================================================================
content_name: query_sydney-opera-house-facts
f1-score: 0.403
accuracy: 0.5
recall: 0.3375
precision: 0.5
====================================================================================================
content_name: query_niagara-falls-facts
f1-score: 0.3846
accuracy: 0.5862
recall: 0.2586
precision: 0.75
====================================================================================================
content_name: query_buckingham-palace-facts
f1-score: 0.5814
accuracy: 0.6571
recall: 0.4717
precision: 0.7576
====================================================================================================
content_name: query_big-ben-facts
f1-score: 0.7702
accuracy: 0.7628
recall: 0.7949
precision: 0.747
====================================================================================================
content_name: query_stonehenge-facts
f1-score: 0.6364
accuracy: 0.6952
recall: 0.5283
precision: 0.8
====================================================================================================
content_name: query_eiffel-tower-facts
f1-score: 0.5562
accuracy: 0.6767
recall: 0.4052
precision: 0.8868
====================================================================================================
content_name: query_area-51-facts
f1-score: 0.2333
accuracy: 0.54
recall: 0.14
precision: 0.7
====================================================================================================
content_name: query_statue-of-liberty-facts
f1-score: 0.4651
accuracy: 0.6349
recall: 0.3158
precision: 0.8824
====================================================================================================
content_name: query_statue-of-liberty-facts
f1-score: 0.4651
accuracy: 0.6349
recall: 0.3158
precision: 0.8824
====================================================================================================
content_name: query_yellowstone-national-park-facts
f1-score: 0.6596
accuracy: 0.7143
recall: 0.5536
precision: 0.8158
====================================================================================================
content_name: query_grand-canyon-national-park-facts
f1-score: 0.6175
accuracy: 0.4763
recall: 0.8428
precision: 0.4873
====================================================================================================
content_name: query_burj-khalifa-facts
f1-score: 0.2222
accuracy: 0.4338
recall: 0.1618
precision: 0.3548
====================================================================================================
content_name: query_golden-gate-bridge-facts
f1-score: 0.5962
accuracy: 0.6456
recall: 0.521
precision: 0.6966
====================================================================================================
content_name: query_notre-dame-cathedral-facts
f1-score: 0.6704
accuracy: 0.5083
recall: 1.0
precision: 0.5042
====================================================================================================
content_name: query_machu-picchu-facts
f1-score: 0.2985
accuracy: 0.5804
recall: 0.1786
precision: 0.9091
====================================================================================================
content_name: query_mount-rushmore-facts
f1-score: 0.4933
accuracy: 0.6545
recall: 0.3364
precision: 0.925
====================================================================================================
content_name: query_virginia-plan-vs-new-jersey-plan
f1-score: 0.4615
accuracy: 0.5625
recall: 0.375
precision: 0.6
====================================================================================================
content_name: query_new-hampshire-facts
f1-score: 0.538
accuracy: 0.5325
recall: 0.5412
precision: 0.5349
====================================================================================================
content_name: query_south-carolina-facts
f1-score: 0.6272
accuracy: 0.6272
recall: 0.6235
precision: 0.631
====================================================================================================
content_name: query_new-york-state-facts
f1-score: 0.6232
accuracy: 0.6299
recall: 0.6099
precision: 0.637
====================================================================================================
content_name: query_nebraska-facts
f1-score: 0.5
accuracy: 0.4756
recall: 0.5244
precision: 0.4778
====================================================================================================
content_name: query_ohio-facts
f1-score: 0.5208
accuracy: 0.5348
recall: 0.5036
precision: 0.5391
====================================================================================================
content_name: query_maine-facts
f1-score: 0.6584
accuracy: 0.6497
recall: 0.6709
precision: 0.6463
====================================================================================================
content_name: query_missouri-facts
f1-score: 0.5743
accuracy: 0.5962
recall: 0.5421
precision: 0.6105
====================================================================================================
content_name: query_minnesota-facts
f1-score: 0.6183
accuracy: 0.6212
recall: 0.6136
precision: 0.6231
====================================================================================================
content_name: query_wisconsin-facts
f1-score: 0.4557
accuracy: 0.5141
recall: 0.4045
precision: 0.5217
====================================================================================================
content_name: query_michigan-facts
f1-score: 0.5502
accuracy: 0.5443
recall: 0.5556
precision: 0.5449
====================================================================================================
content_name: query_maryland-facts
f1-score: 0.5379
accuracy: 0.5732
recall: 0.4937
precision: 0.5909
====================================================================================================
content_name: query_kansas-facts
f1-score: 0.5022
accuracy: 0.5462
recall: 0.456
precision: 0.5588
====================================================================================================
content_name: query_indiana-facts
f1-score: 0.5309
accuracy: 0.4899
recall: 0.5733
precision: 0.4943
====================================================================================================
content_name: query_rhode-island-facts
f1-score: 0.5299
accuracy: 0.5736
recall: 0.4769
precision: 0.5962
====================================================================================================
content_name: query_virginia-facts
f1-score: 0.5745
accuracy: 0.604
recall: 0.5294
precision: 0.6279
====================================================================================================
content_name: query_north-carolina-facts
f1-score: 0.5258
accuracy: 0.543
recall: 0.5045
precision: 0.549
====================================================================================================
content_name: query_illinois-facts
f1-score: 0.5259
accuracy: 0.572
recall: 0.4729
precision: 0.5922
====================================================================================================
content_name: query_new-mexico-facts
f1-score: 0.6049
accuracy: 0.5817
recall: 0.6364
precision: 0.5765
====================================================================================================
content_name: query_us-states-facts
f1-score: 0.6908
accuracy: 0.7083
recall: 0.6515
precision: 0.735
====================================================================================================
content_name: query_oregon-facts
f1-score: 0.5179
accuracy: 0.5781
recall: 0.4531
precision: 0.6042
====================================================================================================
content_name: query_texas-facts
f1-score: 0.377
accuracy: 0.461
recall: 0.3239
precision: 0.451
====================================================================================================
content_name: query_pennsylvania-facts
f1-score: 0.3478
accuracy: 0.467
recall: 0.2828
precision: 0.4516
====================================================================================================
content_name: query_connecticut-facts
f1-score: 0.6783
accuracy: 0.6696
recall: 0.6964
precision: 0.661
====================================================================================================
content_name: query_louisiana-facts
f1-score: 0.2297
accuracy: 0.4412
recall: 0.1667
precision: 0.3696
====================================================================================================
content_name: query_hawaii-facts
f1-score: 0.4706
accuracy: 0.5909
recall: 0.3636
precision: 0.6667
====================================================================================================
content_name: query_alaska-facts
f1-score: 0.2835
accuracy: 0.4013
recall: 0.2368
precision: 0.3529
====================================================================================================
content_name: query_kentucky-facts
f1-score: 0.2667
accuracy: 0.4545
recall: 0.1967
precision: 0.4138
====================================================================================================
content_name: query_montana-facts
f1-score: 0.6138
accuracy: 0.4932
recall: 0.8018
precision: 0.4972
====================================================================================================
