content_name: query_hispanic-culture-facts
f1-score: 0.375
accuracy: 0.569
recall: 0.2586
precision: 0.6818
====================================================================================================
content_name: query_egyptian-gods-and-goddesses
f1-score: 0.7626
accuracy: 0.7189
recall: 0.8991
precision: 0.6622
====================================================================================================
content_name: query_the-mayans-facts
f1-score: 0.1389
accuracy: 0.5338
recall: 0.0746
precision: 1.0
====================================================================================================
content_name: query_culture-facts
f1-score: 0.6471
accuracy: 0.5
recall: 0.9167
precision: 0.5
====================================================================================================
content_name: query_st-patricks-day-facts
f1-score: 0.7934
accuracy: 0.7863
recall: 0.8136
precision: 0.7742
====================================================================================================
content_name: query_thanksgiving-facts
f1-score: 0.4375
accuracy: 0.64
recall: 0.28
precision: 1.0
====================================================================================================
content_name: query_valentines-day-facts
f1-score: 0.6863
accuracy: 0.7265
recall: 0.5932
precision: 0.814
====================================================================================================
content_name: query_language-facts
f1-score: 0.6667
accuracy: 0.75
recall: 0.5
precision: 1.0
====================================================================================================
content_name: query_korean-war-facts
f1-score: 0.0935
accuracy: 0.5245
recall: 0.049
precision: 1.0
====================================================================================================
content_name: query_historical-events-facts
f1-score: 0.3353
accuracy: 0.5811
recall: 0.2105
precision: 0.8235
====================================================================================================
content_name: query_911-facts
f1-score: 0.1455
accuracy: 0.5347
recall: 0.0784
precision: 1.0
====================================================================================================
content_name: query_ww2-facts
f1-score: 0.6886
accuracy: 0.7089
recall: 0.6438
precision: 0.7402
====================================================================================================
content_name: query_boston-tea-party-facts
f1-score: 0.8511
accuracy: 0.8704
recall: 0.7407
precision: 1.0
====================================================================================================
content_name: query_pearl-harbor-facts
f1-score: 0.3393
accuracy: 0.5819
recall: 0.2135
precision: 0.8261
====================================================================================================
content_name: query_auschwitz-facts
f1-score: 0.625
accuracy: 0.7248
recall: 0.4545
precision: 1.0
====================================================================================================
content_name: query_4th-of-july-facts
f1-score: 0.8889
accuracy: 0.8952
recall: 0.8302
precision: 0.9565
====================================================================================================
content_name: query_cinco-de-mayo-facts
f1-score: 0.7117
accuracy: 0.5948
recall: 1.0
precision: 0.5524
====================================================================================================
content_name: query_ww1-facts
f1-score: 0.7902
accuracy: 0.7802
recall: 0.8248
precision: 0.7584
====================================================================================================
content_name: query_andre-the-giant-facts
f1-score: 0.74
accuracy: 0.7833
recall: 0.6167
precision: 0.925
====================================================================================================
content_name: query_mother-teresa-facts
f1-score: 0.8348
accuracy: 0.8468
recall: 0.7742
precision: 0.9057
====================================================================================================
content_name: query_hades-facts
f1-score: 0.6606
accuracy: 0.6509
recall: 0.6792
precision: 0.6429
====================================================================================================
content_name: query_hera-facts
f1-score: 0.795
accuracy: 0.829
recall: 0.6598
precision: 1.0
====================================================================================================
content_name: query_jesus-facts
f1-score: 0.9375
accuracy: 0.94
recall: 0.9
precision: 0.9783
====================================================================================================
content_name: query_people-facts
f1-score: 0.5909
accuracy: 0.6604
recall: 0.4906
precision: 0.7429
====================================================================================================
content_name: query_oprah-winfrey-facts
f1-score: 0.6316
accuracy: 0.7308
recall: 0.4615
precision: 1.0
====================================================================================================
content_name: query_julius-caesar-facts
f1-score: 0.1593
accuracy: 0.5433
recall: 0.0865
precision: 1.0
====================================================================================================
content_name: query_william-shakespeare-facts
f1-score: 0.8768
accuracy: 0.8869
recall: 0.8018
precision: 0.9674
====================================================================================================
content_name: query_florence-nightingale-facts
f1-score: 0.9515
accuracy: 0.9519
recall: 0.9423
precision: 0.9608
====================================================================================================
content_name: query_bill-gates-facts
f1-score: 0.913
accuracy: 0.9153
recall: 0.8842
precision: 0.9438
====================================================================================================
content_name: query_alexander-the-great-facts
f1-score: 0.9412
accuracy: 0.9444
recall: 0.8889
precision: 1.0
====================================================================================================
content_name: query_michael-jackson-facts
f1-score: 0.86
accuracy: 0.8519
recall: 0.9053
precision: 0.819
====================================================================================================
content_name: query_neil-armstrong-facts
f1-score: 0.803
accuracy: 0.7615
recall: 0.9636
precision: 0.6883
====================================================================================================
content_name: query_george-washington-facts
f1-score: 0.7816
accuracy: 0.819
recall: 0.6415
precision: 1.0
====================================================================================================
content_name: query_marilyn-monroe-facts
f1-score: 0.8276
accuracy: 0.85
recall: 0.72
precision: 0.973
====================================================================================================
content_name: query_cleopatra-facts
f1-score: 0.7771
accuracy: 0.8148
recall: 0.6421
precision: 0.9839
====================================================================================================
content_name: query_the-beatles-facts
f1-score: 0.7213
accuracy: 0.7741
recall: 0.5828
precision: 0.9462
====================================================================================================
content_name: query_martin-luther-king-jr-facts
f1-score: 0.9358
accuracy: 0.9397
recall: 0.8793
precision: 1.0
====================================================================================================
content_name: query_bruce-lee-facts
f1-score: 0.8951
accuracy: 0.9038
recall: 0.8205
precision: 0.9846
====================================================================================================
content_name: query_michael-jordan-facts
f1-score: 0.9091
accuracy: 0.9167
recall: 0.8333
precision: 1.0
====================================================================================================
content_name: query_beethoven-facts
f1-score: 0.9189
accuracy: 0.925
recall: 0.85
precision: 1.0
====================================================================================================
content_name: query_marie-curie-facts
f1-score: 0.8866
accuracy: 0.8981
recall: 0.7963
precision: 1.0
====================================================================================================
content_name: query_pablo-escobar-facts
f1-score: 0.9541
accuracy: 0.9554
recall: 0.9286
precision: 0.9811
====================================================================================================
content_name: query_poseidon-facts
f1-score: 0.8235
accuracy: 0.85
recall: 0.7
precision: 1.0
====================================================================================================
content_name: query_aphrodite-facts
f1-score: 0.8862
accuracy: 0.8973
recall: 0.7957
precision: 1.0
====================================================================================================
content_name: query_maya-angelou-facts
f1-score: 0.8816
accuracy: 0.8846
recall: 0.859
precision: 0.9054
====================================================================================================
content_name: query_mozart-facts
f1-score: 0.831
accuracy: 0.8545
recall: 0.7108
precision: 1.0
====================================================================================================
content_name: query_donald-trump-facts
f1-score: 0.4105
accuracy: 0.6279
recall: 0.2583
precision: 1.0
====================================================================================================
content_name: query_us-presidents-facts
f1-score: 0.3043
accuracy: 0.5858
recall: 0.1806
precision: 0.9655
====================================================================================================
content_name: query_women-leaders-facts
f1-score: 0.6889
accuracy: 0.7607
recall: 0.5254
precision: 1.0
====================================================================================================
content_name: query_steve-jobs-facts
f1-score: 0.832
accuracy: 0.8264
recall: 0.8525
precision: 0.8125
====================================================================================================
content_name: query_barack-obama-facts
f1-score: 0.7448
accuracy: 0.7944
recall: 0.6
precision: 0.9818
====================================================================================================
content_name: query_confucius-facts
f1-score: 0.5714
accuracy: 0.6972
recall: 0.4
precision: 1.0
====================================================================================================
content_name: query_pythagoras-facts
f1-score: 0.6972
accuracy: 0.7179
recall: 0.6441
precision: 0.76
====================================================================================================
content_name: query_buddhism-facts
f1-score: 0.593
accuracy: 0.6296
recall: 0.5368
precision: 0.6623
====================================================================================================
content_name: query_bible-facts
f1-score: 0.7317
accuracy: 0.7822
recall: 0.5882
precision: 0.9677
====================================================================================================
content_name: query_easter-facts
f1-score: 0.549
accuracy: 0.627
recall: 0.4516
precision: 0.7
====================================================================================================
content_name: query_entertainment-facts
f1-score: 0.6621
accuracy: 0.51
recall: 0.96
precision: 0.5053
====================================================================================================
content_name: query_my-cousin-vinny-facts
f1-score: 0.7835
accuracy: 0.8
recall: 0.717
precision: 0.8636
====================================================================================================
content_name: query_friends-facts
f1-score: 0.8
accuracy: 0.8243
recall: 0.7027
precision: 0.9286
====================================================================================================
content_name: query_star-wars-facts
f1-score: 0.5652
accuracy: 0.6875
recall: 0.4062
precision: 0.9286
====================================================================================================
content_name: query_christmas-songs
f1-score: 0.7805
accuracy: 0.73
recall: 0.96
precision: 0.6575
====================================================================================================
content_name: query_tiktok-facts
f1-score: 0.7339
accuracy: 0.6995
recall: 0.8247
precision: 0.6612
====================================================================================================
content_name: query_rock-paper-scissors-facts
f1-score: 0.735
accuracy: 0.69
recall: 0.86
precision: 0.6418
====================================================================================================
content_name: query_lego-facts
f1-score: 0.8659
accuracy: 0.869
recall: 0.8452
precision: 0.8875
====================================================================================================
content_name: query_disney-facts
f1-score: 0.25
accuracy: 0.5661
recall: 0.1446
precision: 0.9211
====================================================================================================
content_name: query_spotify-facts
f1-score: 0.8222
accuracy: 0.814
recall: 0.8598
precision: 0.7877
====================================================================================================
content_name: query_netflix-facts
f1-score: 0.6008
accuracy: 0.7139
recall: 0.4294
precision: 1.0
====================================================================================================
content_name: query_harry-potter-facts
f1-score: 0.7875
accuracy: 0.7679
recall: 0.8571
precision: 0.7283
====================================================================================================
content_name: query_marvel-facts
f1-score: 0.6006
accuracy: 0.7146
recall: 0.4292
precision: 1.0
====================================================================================================
content_name: query_bts-facts
f1-score: 0.6792
accuracy: 0.7548
recall: 0.5192
precision: 0.9818
====================================================================================================
content_name: query_minecraft-facts
f1-score: 0.6161
accuracy: 0.7217
recall: 0.4452
precision: 1.0
====================================================================================================
content_name: query_pokemon-facts
f1-score: 0.6916
accuracy: 0.7506
recall: 0.5578
precision: 0.9098
====================================================================================================
content_name: query_books-facts
f1-score: 0.8315
accuracy: 0.8378
recall: 0.7957
precision: 0.8706
====================================================================================================
content_name: query_lord-of-the-rings-facts
f1-score: 0.8112
accuracy: 0.7769
recall: 0.9508
precision: 0.7073
====================================================================================================
content_name: query_video-game-facts
f1-score: 0.6324
accuracy: 0.6528
recall: 0.5972
precision: 0.6719
====================================================================================================
content_name: query_food-facts
f1-score: 0.69
accuracy: 0.6364
recall: 0.807
precision: 0.6026
====================================================================================================
content_name: query_chocolate-facts
f1-score: 0.7705
accuracy: 0.8114
recall: 0.6309
precision: 0.9895
====================================================================================================
content_name: query_strawberry-facts
f1-score: 0.8966
accuracy: 0.8974
recall: 0.8814
precision: 0.9123
====================================================================================================
content_name: query_nutella-facts
f1-score: 0.6222
accuracy: 0.7094
recall: 0.4746
precision: 0.9032
====================================================================================================
content_name: query_watermelon-facts
f1-score: 0.6947
accuracy: 0.7603
recall: 0.541
precision: 0.9706
====================================================================================================
content_name: query_cornflakes-facts
f1-score: 0.8485
accuracy: 0.8558
recall: 0.8077
precision: 0.8936
====================================================================================================
content_name: query_breakfast-around-the-world
f1-score: 0.8119
accuracy: 0.8173
recall: 0.7885
precision: 0.8367
====================================================================================================
content_name: query_pizza-hut-facts
f1-score: 0.8503
accuracy: 0.8629
recall: 0.7764
precision: 0.9398
====================================================================================================
content_name: query_starbucks-facts
f1-score: 0.1685
accuracy: 0.5446
recall: 0.092
precision: 1.0
====================================================================================================
content_name: query_beer-facts
f1-score: 0.5546
accuracy: 0.6919
recall: 0.3837
precision: 1.0
====================================================================================================
content_name: query_mcdonalds-facts
f1-score: 0.7331
accuracy: 0.7774
recall: 0.6093
precision: 0.92
====================================================================================================
content_name: query_coca-cola-facts
f1-score: 0.8163
accuracy: 0.784
recall: 0.9524
precision: 0.7143
====================================================================================================
content_name: query_pizza-facts
f1-score: 0.492
accuracy: 0.6607
recall: 0.3286
precision: 0.9787
====================================================================================================
content_name: query_ice-cream-facts
f1-score: 0.7356
accuracy: 0.789
recall: 0.5818
precision: 1.0
====================================================================================================
content_name: query_avocado-facts
f1-score: 0.8269
accuracy: 0.8269
recall: 0.8269
precision: 0.8269
====================================================================================================
content_name: query_pineapple-facts
f1-score: 0.625
accuracy: 0.7248
recall: 0.4545
precision: 1.0
====================================================================================================
content_name: query_coffee-facts
f1-score: 0.8205
accuracy: 0.8125
recall: 0.8571
precision: 0.7869
====================================================================================================
content_name: query_wine-facts
f1-score: 0.8966
accuracy: 0.8966
recall: 0.8931
precision: 0.9
====================================================================================================
content_name: query_egg-facts
f1-score: 0.6842
accuracy: 0.76
recall: 0.52
precision: 1.0
====================================================================================================
content_name: query_health-facts
f1-score: 0.6528
accuracy: 0.6151
recall: 0.7237
precision: 0.5946
====================================================================================================
content_name: query_sports-facts
f1-score: 0.6569
accuracy: 0.5035
recall: 0.9507
precision: 0.5019
====================================================================================================
content_name: query_soccer-facts
f1-score: 0.5821
accuracy: 0.7037
recall: 0.4105
precision: 1.0
====================================================================================================
content_name: query_basketball-facts
f1-score: 0.6349
accuracy: 0.6406
recall: 0.625
precision: 0.6452
====================================================================================================
content_name: query_baseball-facts
f1-score: 0.4697
accuracy: 0.6325
recall: 0.3246
precision: 0.8493
====================================================================================================
content_name: query_espn-facts
f1-score: 0.876
accuracy: 0.8864
recall: 0.803
precision: 0.9636
====================================================================================================
content_name: query_golf-facts
f1-score: 0.8477
accuracy: 0.8217
recall: 0.9846
precision: 0.7442
====================================================================================================
content_name: query_running-facts
f1-score: 0.5479
accuracy: 0.6621
recall: 0.4082
precision: 0.8333
====================================================================================================
content_name: query_little-red-flying-fox-facts
f1-score: 0.2857
accuracy: 0.5833
recall: 0.1667
precision: 1.0
====================================================================================================
content_name: query_types-of-starfish
f1-score: 0.9005
accuracy: 0.9095
recall: 0.819
precision: 1.0
====================================================================================================
content_name: query_black-bear-facts
f1-score: 0.3175
accuracy: 0.5905
recall: 0.1887
precision: 1.0
====================================================================================================
content_name: query_hippo-facts
f1-score: 0.1235
accuracy: 0.5235
recall: 0.0667
precision: 0.8333
====================================================================================================
content_name: query_cow-facts
f1-score: 0.1695
accuracy: 0.5463
recall: 0.0926
precision: 1.0
====================================================================================================
content_name: query_red-tailed-hawk-facts
f1-score: 0.8
accuracy: 0.825
recall: 0.7
precision: 0.9333
====================================================================================================
content_name: query_pigeon-facts
f1-score: 0.8411
accuracy: 0.8365
recall: 0.8654
precision: 0.8182
====================================================================================================
content_name: query_animal-facts
f1-score: 0.7239
accuracy: 0.6709
recall: 0.8599
precision: 0.625
====================================================================================================
content_name: query_rabbit-facts
f1-score: 0.7963
accuracy: 0.8182
recall: 0.7049
precision: 0.9149
====================================================================================================
content_name: query_golden-retriever-facts
f1-score: 0.8056
accuracy: 0.7607
recall: 0.9831
precision: 0.6824
====================================================================================================
content_name: query_bobcat-facts
f1-score: 0.6783
accuracy: 0.681
recall: 0.6724
precision: 0.6842
====================================================================================================
content_name: query_frog-facts
f1-score: 0.9744
accuracy: 0.9744
recall: 0.9661
precision: 0.9828
====================================================================================================
content_name: query_penguin-facts
f1-score: 0.9369
accuracy: 0.9327
recall: 1.0
precision: 0.8814
====================================================================================================
content_name: query_cat-facts
f1-score: 0.5381
accuracy: 0.684
recall: 0.3681
precision: 1.0
====================================================================================================
content_name: query_corgi-facts
f1-score: 0.6353
accuracy: 0.7328
recall: 0.4655
precision: 1.0
====================================================================================================
content_name: query_otter-facts
f1-score: 0.8247
accuracy: 0.8381
recall: 0.7547
precision: 0.9091
====================================================================================================
content_name: query_lobster-facts
f1-score: 0.4362
accuracy: 0.6382
recall: 0.2789
precision: 1.0
====================================================================================================
content_name: query_fish-facts
f1-score: 0.5949
accuracy: 0.7037
recall: 0.4352
precision: 0.94
====================================================================================================
content_name: query_bug-facts
f1-score: 0.5435
accuracy: 0.6842
recall: 0.3731
precision: 1.0
====================================================================================================
content_name: query_megalodon-facts
f1-score: 0.8095
accuracy: 0.808
recall: 0.8095
precision: 0.8095
====================================================================================================
content_name: query_lion-facts
f1-score: 0.5349
accuracy: 0.6774
recall: 0.371
precision: 0.9583
====================================================================================================
content_name: query_owl-facts
f1-score: 0.7632
accuracy: 0.8054
recall: 0.6237
precision: 0.9831
====================================================================================================
content_name: query_bat-facts
f1-score: 0.486
accuracy: 0.614
recall: 0.3636
precision: 0.7324
====================================================================================================
content_name: query_bee-facts
f1-score: 0.8318
accuracy: 0.8548
recall: 0.7177
precision: 0.9889
====================================================================================================
content_name: query_tiger-facts
f1-score: 0.5743
accuracy: 0.7014
recall: 0.4028
precision: 1.0
====================================================================================================
content_name: query_monarch-butterfly-facts
f1-score: 0.5316
accuracy: 0.681
recall: 0.3621
precision: 1.0
====================================================================================================
content_name: query_killer-whale-facts
f1-score: 0.7664
accuracy: 0.7525
recall: 0.8039
precision: 0.7321
====================================================================================================
content_name: query_horse-facts
f1-score: 0.4771
accuracy: 0.6545
recall: 0.3133
precision: 1.0
====================================================================================================
content_name: query_bear-facts
f1-score: 0.6125
accuracy: 0.7195
recall: 0.4414
precision: 1.0
====================================================================================================
content_name: query_elephant-facts
f1-score: 0.7395
accuracy: 0.7919
recall: 0.5867
precision: 1.0
====================================================================================================
content_name: query_dolphin-facts
f1-score: 0.9483
accuracy: 0.9464
recall: 0.9821
precision: 0.9167
====================================================================================================
content_name: query_wolf-facts
f1-score: 0.65
accuracy: 0.7308
recall: 0.5
precision: 0.9286
====================================================================================================
content_name: query_chihuahua-facts
f1-score: 0.945
accuracy: 0.9426
recall: 0.981
precision: 0.9115
====================================================================================================
content_name: query_siberian-husky-facts
f1-score: 0.8269
accuracy: 0.8421
recall: 0.7544
precision: 0.9149
====================================================================================================
content_name: query_whale-facts
f1-score: 0.7381
accuracy: 0.7905
recall: 0.5849
precision: 1.0
====================================================================================================
content_name: query_snake-facts
f1-score: 0.6098
accuracy: 0.7143
recall: 0.4464
precision: 0.9615
====================================================================================================
content_name: query_chicken-facts
f1-score: 0.5785
accuracy: 0.6136
recall: 0.5303
precision: 0.6364
====================================================================================================
content_name: query_monkey-facts
f1-score: 0.9462
accuracy: 0.9457
recall: 0.9565
precision: 0.9362
====================================================================================================
content_name: query_camel-facts
f1-score: 0.3607
accuracy: 0.61
recall: 0.22
precision: 1.0
====================================================================================================
content_name: query_parasite-facts
f1-score: 0.4831
accuracy: 0.5947
recall: 0.3775
precision: 0.6706
====================================================================================================
content_name: query_shark-facts
f1-score: 0.7769
accuracy: 0.775
recall: 0.7833
precision: 0.7705
====================================================================================================
content_name: query_human-body-facts
f1-score: 0.7594
accuracy: 0.696
recall: 0.9562
precision: 0.6298
====================================================================================================
content_name: query_redhead-facts
f1-score: 0.6847
accuracy: 0.7569
recall: 0.5278
precision: 0.9744
====================================================================================================
content_name: query_baby-facts
f1-score: 0.651
accuracy: 0.6579
recall: 0.6382
precision: 0.6644
====================================================================================================
content_name: query_sex-facts
f1-score: 0.7511
accuracy: 0.7893
recall: 0.6357
precision: 0.9175
====================================================================================================
content_name: query_plant-facts
f1-score: 0.6944
accuracy: 0.6014
recall: 0.9058
precision: 0.5631
====================================================================================================
content_name: query_sunflower-facts
f1-score: 0.54
accuracy: 0.6828
recall: 0.3699
precision: 1.0
====================================================================================================
content_name: query_universe-facts
f1-score: 0.2517
accuracy: 0.567
recall: 0.145
precision: 0.95
====================================================================================================
content_name: query_saturn-facts
f1-score: 0.5
accuracy: 0.6238
recall: 0.3725
precision: 0.76
====================================================================================================
content_name: query_jupiter-facts
f1-score: 0.3143
accuracy: 0.5429
recall: 0.2075
precision: 0.6471
====================================================================================================
content_name: query_moon-facts
f1-score: 0.0377
accuracy: 0.5096
recall: 0.0192
precision: 1.0
====================================================================================================
content_name: query_pluto-facts
f1-score: 0.8264
accuracy: 0.79
recall: 1.0
precision: 0.7042
====================================================================================================
content_name: query_earth-facts
f1-score: 0.1636
accuracy: 0.533
recall: 0.0909
precision: 0.8182
====================================================================================================
content_name: query_northern-lights-facts
f1-score: 0.8649
accuracy: 0.8624
recall: 0.8727
precision: 0.8571
====================================================================================================
content_name: query_biology-facts
f1-score: 0.2941
accuracy: 0.5714
recall: 0.1786
precision: 0.8333
====================================================================================================
content_name: query_bacteria-facts
f1-score: 0.7679
accuracy: 0.7851
recall: 0.7049
precision: 0.8431
====================================================================================================
content_name: query_lithium-facts
f1-score: 0.7191
accuracy: 0.7596
recall: 0.6154
precision: 0.8649
====================================================================================================
content_name: query_chemistry-facts
f1-score: 0.7055
accuracy: 0.5878
recall: 0.9837
precision: 0.55
====================================================================================================
content_name: query_gold-facts
f1-score: 0.7294
accuracy: 0.7788
recall: 0.5962
precision: 0.9394
====================================================================================================
content_name: query_taiga-biomes-facts
f1-score: 0.5714
accuracy: 0.6919
recall: 0.4086
precision: 0.95
====================================================================================================
content_name: query_deforestation-facts
f1-score: 0.5745
accuracy: 0.6992
recall: 0.403
precision: 1.0
====================================================================================================
content_name: query_desert-facts
f1-score: 0.4
accuracy: 0.5714
recall: 0.283
precision: 0.6818
====================================================================================================
content_name: query_geography-facts
f1-score: 0.597
accuracy: 0.6949
recall: 0.4494
precision: 0.8889
====================================================================================================
content_name: query_rainforest-facts
f1-score: 0.7174
accuracy: 0.7778
recall: 0.5593
precision: 1.0
====================================================================================================
content_name: query_great-pacific-garbage-patch-facts
f1-score: 0.8281
accuracy: 0.7982
recall: 0.9636
precision: 0.726
====================================================================================================
content_name: query_weather-facts
f1-score: 0.1449
accuracy: 0.5391
recall: 0.0781
precision: 1.0
====================================================================================================
content_name: query_technology-facts
f1-score: 0.3193
accuracy: 0.5867
recall: 0.1939
precision: 0.9048
====================================================================================================
content_name: query_car-facts
f1-score: 0.8088
accuracy: 0.8243
recall: 0.7432
precision: 0.8871
====================================================================================================
content_name: query_apollo-11-facts
f1-score: 0.8571
accuracy: 0.875
recall: 0.75
precision: 1.0
====================================================================================================
content_name: query_linkedin-facts
f1-score: 0.496
accuracy: 0.6622
recall: 0.3316
precision: 0.9841
====================================================================================================
content_name: query_paypal-facts
f1-score: 0.3163
accuracy: 0.5824
recall: 0.1932
precision: 0.8718
====================================================================================================
content_name: query_yahoo-facts
f1-score: 0.3719
accuracy: 0.5955
recall: 0.2387
precision: 0.8409
====================================================================================================
content_name: query_whatsapp-facts
f1-score: 0.4272
accuracy: 0.6324
recall: 0.2733
precision: 0.9778
====================================================================================================
content_name: query_airbnb-facts
f1-score: 0.7868
accuracy: 0.8141
recall: 0.6859
precision: 0.9224
====================================================================================================
content_name: query_amazon-facts
f1-score: 0.377
accuracy: 0.5694
recall: 0.2599
precision: 0.6866
====================================================================================================
content_name: query_internet-facts
f1-score: 0.1882
accuracy: 0.5519
recall: 0.1039
precision: 1.0
====================================================================================================
content_name: query_las-vegas-facts
f1-score: 0.5369
accuracy: 0.5988
recall: 0.4651
precision: 0.6349
====================================================================================================
content_name: query_barcelona-facts
f1-score: 0.6923
accuracy: 0.7633
recall: 0.5294
precision: 1.0
====================================================================================================
content_name: query_city-facts
f1-score: 0.4138
accuracy: 0.5968
recall: 0.2835
precision: 0.766
====================================================================================================
content_name: query_london-facts
f1-score: 0.5306
accuracy: 0.5741
recall: 0.4815
precision: 0.5909
====================================================================================================
content_name: query_berlin-facts
f1-score: 0.4545
accuracy: 0.6436
recall: 0.2941
precision: 1.0
====================================================================================================
content_name: query_new-york-facts
f1-score: 0.5698
accuracy: 0.6711
recall: 0.4336
precision: 0.8305
====================================================================================================
content_name: query_galapagos-islands-facts
f1-score: 0.8377
accuracy: 0.8591
recall: 0.7273
precision: 0.9877
====================================================================================================
content_name: query_pompeii-facts
f1-score: 0.5641
accuracy: 0.6964
recall: 0.3929
precision: 1.0
====================================================================================================
content_name: query_paris-facts
f1-score: 0.4475
accuracy: 0.5799
recall: 0.3403
precision: 0.6533
====================================================================================================
content_name: query_tokyo-facts
f1-score: 0.1026
accuracy: 0.5249
recall: 0.0541
precision: 1.0
====================================================================================================
content_name: query_venice-facts
f1-score: 0.7308
accuracy: 0.7522
recall: 0.6667
precision: 0.8085
====================================================================================================
content_name: query_costa-rica-facts
f1-score: 0.4219
accuracy: 0.6146
recall: 0.2812
precision: 0.8438
====================================================================================================
content_name: query_ancient-egypt-facts
f1-score: 0.7783
accuracy: 0.775
recall: 0.79
precision: 0.767
====================================================================================================
content_name: query_nigeria-facts
f1-score: 0.3594
accuracy: 0.5751
recall: 0.2371
precision: 0.7419
====================================================================================================
content_name: query_pakistan-facts
f1-score: 0.443
accuracy: 0.6295
recall: 0.2946
precision: 0.8919
====================================================================================================
content_name: query_ancient-rome-facts
f1-score: 0.4023
accuracy: 0.6239
recall: 0.2527
precision: 0.9859
====================================================================================================
content_name: query_panama-facts
f1-score: 0.5769
accuracy: 0.6966
recall: 0.411
precision: 0.9677
====================================================================================================
content_name: query_scotland-facts
f1-score: 0.381
accuracy: 0.6139
recall: 0.2353
precision: 1.0
====================================================================================================
content_name: query_portugal-facts
f1-score: 0.6704
accuracy: 0.7108
recall: 0.5882
precision: 0.7792
====================================================================================================
content_name: query_ancient-greece-facts
f1-score: 0.1404
accuracy: 0.5288
recall: 0.0769
precision: 0.8
====================================================================================================
content_name: query_country-facts
f1-score: 0.7093
accuracy: 0.6518
recall: 0.8471
precision: 0.6101
====================================================================================================
content_name: query_russia-facts
f1-score: 0.1111
accuracy: 0.5224
recall: 0.0594
precision: 0.8571
====================================================================================================
content_name: query_afghanistan-facts
f1-score: 0.5684
accuracy: 0.6985
recall: 0.3971
precision: 1.0
====================================================================================================
content_name: query_north-korea-facts
f1-score: 0.0976
accuracy: 0.5256
recall: 0.0513
precision: 1.0
====================================================================================================
content_name: query_brazil-facts
f1-score: 0.7692
accuracy: 0.7568
recall: 0.8108
precision: 0.7317
====================================================================================================
content_name: query_venezuela-facts
f1-score: 0.8042
accuracy: 0.8186
recall: 0.7451
precision: 0.8736
====================================================================================================
content_name: query_israel-facts
f1-score: 0.8079
accuracy: 0.8324
recall: 0.7011
precision: 0.9531
====================================================================================================
content_name: query_argentina-facts
f1-score: 0.359
accuracy: 0.6032
recall: 0.2211
precision: 0.9545
====================================================================================================
content_name: query_switzerland-facts
f1-score: 0.4503
accuracy: 0.6438
recall: 0.2906
precision: 1.0
====================================================================================================
content_name: query_philippines-facts
f1-score: 0.7261
accuracy: 0.785
recall: 0.57
precision: 1.0
====================================================================================================
content_name: query_haiti-facts
f1-score: 0.4921
accuracy: 0.6614
recall: 0.3263
precision: 1.0
====================================================================================================
content_name: query_iceland-facts
f1-score: 0.354
accuracy: 0.6054
recall: 0.2151
precision: 1.0
====================================================================================================
content_name: query_canada-facts
f1-score: 0.5146
accuracy: 0.6483
recall: 0.3729
precision: 0.8302
====================================================================================================
content_name: query_facts-about-greece
f1-score: 0.5714
accuracy: 0.7
recall: 0.4
precision: 1.0
====================================================================================================
content_name: query_poland-facts
f1-score: 0.6919
accuracy: 0.7543
recall: 0.5517
precision: 0.9275
====================================================================================================
content_name: query_greenland-facts
f1-score: 0.8209
accuracy: 0.8471
recall: 0.6962
precision: 1.0
====================================================================================================
content_name: query_colombia-facts
f1-score: 0.8731
accuracy: 0.8848
recall: 0.789
precision: 0.9773
====================================================================================================
content_name: query_mexico-facts
f1-score: 0.1717
accuracy: 0.5406
recall: 0.095
precision: 0.8947
====================================================================================================
content_name: query_germany-facts
f1-score: 0.7511
accuracy: 0.7955
recall: 0.6148
precision: 0.9651
====================================================================================================
content_name: query_belgium-facts
f1-score: 0.2735
accuracy: 0.575
recall: 0.16
precision: 0.9412
====================================================================================================
content_name: query_ecuador-facts
f1-score: 0.704
accuracy: 0.7702
recall: 0.5432
precision: 1.0
====================================================================================================
content_name: query_spain-facts
f1-score: 0.8649
accuracy: 0.8635
recall: 0.8707
precision: 0.8591
====================================================================================================
content_name: query_egypt-facts
f1-score: 0.4127
accuracy: 0.63
recall: 0.26
precision: 1.0
====================================================================================================
content_name: query_honduras-facts
f1-score: 0.705
accuracy: 0.7574
recall: 0.5765
precision: 0.9074
====================================================================================================
content_name: query_sweden-facts
f1-score: 0.7165
accuracy: 0.7639
recall: 0.5948
precision: 0.901
====================================================================================================
content_name: query_japan-facts
f1-score: 0.1761
accuracy: 0.5467
recall: 0.0966
precision: 1.0
====================================================================================================
content_name: query_turkey-facts
f1-score: 0.5775
accuracy: 0.6891
recall: 0.4227
precision: 0.9111
====================================================================================================
content_name: query_hong-kong-facts
f1-score: 0.3913
accuracy: 0.6182
recall: 0.2455
precision: 0.9643
====================================================================================================
content_name: query_iran-facts
f1-score: 0.4173
accuracy: 0.6318
recall: 0.2636
precision: 1.0
====================================================================================================
content_name: query_italy-facts
f1-score: 0.4531
accuracy: 0.6373
recall: 0.299
precision: 0.9355
====================================================================================================
content_name: query_bolivia-facts
f1-score: 0.5147
accuracy: 0.6716
recall: 0.3465
precision: 1.0
====================================================================================================
content_name: query_south-korea-facts
f1-score: 0.4551
accuracy: 0.6445
recall: 0.2969
precision: 0.9744
====================================================================================================
content_name: query_china-facts
f1-score: 0.7755
accuracy: 0.8167
recall: 0.6333
precision: 1.0
====================================================================================================
content_name: query_denmark-facts
f1-score: 0.3141
accuracy: 0.5919
recall: 0.1863
precision: 1.0
====================================================================================================
content_name: query_singapore-facts
f1-score: 0.6935
accuracy: 0.7654
recall: 0.5308
precision: 1.0
====================================================================================================
content_name: query_norway-facts
f1-score: 0.18
accuracy: 0.5495
recall: 0.0989
precision: 1.0
====================================================================================================
content_name: query_new-zealand-facts
f1-score: 0.2697
accuracy: 0.5779
recall: 0.1558
precision: 1.0
====================================================================================================
content_name: query_vietnam-facts
f1-score: 0.7111
accuracy: 0.7751
recall: 0.5517
precision: 1.0
====================================================================================================
content_name: query_guatemala-facts
f1-score: 0.6813
accuracy: 0.7327
recall: 0.5688
precision: 0.8493
====================================================================================================
content_name: query_dominican-republic-facts
f1-score: 0.6296
accuracy: 0.7285
recall: 0.4595
precision: 1.0
====================================================================================================
content_name: query_mongolia-facts
f1-score: 0.5781
accuracy: 0.7017
recall: 0.4066
precision: 1.0
====================================================================================================
content_name: query_puerto-rico-facts
f1-score: 0.1974
accuracy: 0.5531
recall: 0.1095
precision: 1.0
====================================================================================================
content_name: query_thailand-facts
f1-score: 0.3771
accuracy: 0.6162
recall: 0.2324
precision: 1.0
====================================================================================================
content_name: query_india-facts
f1-score: 0.8909
accuracy: 0.8947
recall: 0.8596
precision: 0.9245
====================================================================================================
content_name: query_panama-canal-facts
f1-score: 0.2424
accuracy: 0.569
recall: 0.1379
precision: 1.0
====================================================================================================
content_name: query_victoria-falls-facts
f1-score: 0.8387
accuracy: 0.8558
recall: 0.75
precision: 0.9512
====================================================================================================
content_name: query_colosseum-facts
f1-score: 0.8095
accuracy: 0.84
recall: 0.68
precision: 1.0
====================================================================================================
content_name: query_winchester-house-facts
f1-score: 0.7652
accuracy: 0.7429
recall: 0.8302
precision: 0.7097
====================================================================================================
content_name: query_sydney-opera-house-facts
f1-score: 0.6992
accuracy: 0.7688
recall: 0.5375
precision: 1.0
====================================================================================================
content_name: query_niagara-falls-facts
f1-score: 0.4533
accuracy: 0.6466
recall: 0.2931
precision: 1.0
====================================================================================================
content_name: query_buckingham-palace-facts
f1-score: 0.6914
accuracy: 0.7619
recall: 0.5283
precision: 1.0
====================================================================================================
content_name: query_big-ben-facts
f1-score: 0.8777
accuracy: 0.891
recall: 0.7821
precision: 1.0
====================================================================================================
content_name: query_stonehenge-facts
f1-score: 0.8958
accuracy: 0.9048
recall: 0.8113
precision: 1.0
====================================================================================================
content_name: query_eiffel-tower-facts
f1-score: 0.8909
accuracy: 0.8966
recall: 0.8448
precision: 0.9423
====================================================================================================
content_name: query_area-51-facts
f1-score: 0.8235
accuracy: 0.85
recall: 0.7
precision: 1.0
====================================================================================================
content_name: query_statue-of-liberty-facts
f1-score: 0.9175
accuracy: 0.9153
recall: 0.9368
precision: 0.899
====================================================================================================
content_name: query_statue-of-liberty-facts
f1-score: 0.9175
accuracy: 0.9153
recall: 0.9368
precision: 0.899
====================================================================================================
content_name: query_yellowstone-national-park-facts
f1-score: 0.8085
accuracy: 0.8393
recall: 0.6786
precision: 1.0
====================================================================================================
content_name: query_grand-canyon-national-park-facts
f1-score: 0.2135
accuracy: 0.5584
recall: 0.1195
precision: 1.0
====================================================================================================
content_name: query_burj-khalifa-facts
f1-score: 0.7863
accuracy: 0.8162
recall: 0.6765
precision: 0.9388
====================================================================================================
content_name: query_golden-gate-bridge-facts
f1-score: 0.9356
accuracy: 0.9367
recall: 0.916
precision: 0.9561
====================================================================================================
content_name: query_notre-dame-cathedral-facts
f1-score: 0.8889
accuracy: 0.9
recall: 0.8
precision: 1.0
====================================================================================================
content_name: query_machu-picchu-facts
f1-score: 0.7629
accuracy: 0.7946
recall: 0.6607
precision: 0.9024
====================================================================================================
content_name: query_mount-rushmore-facts
f1-score: 0.7157
accuracy: 0.7364
recall: 0.6636
precision: 0.7766
====================================================================================================
content_name: query_virginia-plan-vs-new-jersey-plan
f1-score: 0.8793
accuracy: 0.8906
recall: 0.7969
precision: 0.9808
====================================================================================================
content_name: query_new-hampshire-facts
f1-score: 0.6993
accuracy: 0.7456
recall: 0.5882
precision: 0.8621
====================================================================================================
content_name: query_south-carolina-facts
f1-score: 0.4037
accuracy: 0.6154
recall: 0.2588
precision: 0.9167
====================================================================================================
content_name: query_new-york-state-facts
f1-score: 0.466
accuracy: 0.6085
recall: 0.3404
precision: 0.7385
====================================================================================================
content_name: query_nebraska-facts
f1-score: 0.3846
accuracy: 0.6098
recall: 0.2439
precision: 0.9091
====================================================================================================
content_name: query_ohio-facts
f1-score: 0.3494
accuracy: 0.6044
recall: 0.2117
precision: 1.0
====================================================================================================
content_name: query_maine-facts
f1-score: 0.2418
accuracy: 0.5605
recall: 0.1392
precision: 0.9167
====================================================================================================
content_name: query_missouri-facts
f1-score: 0.4684
accuracy: 0.6056
recall: 0.3458
precision: 0.7255
====================================================================================================
content_name: query_minnesota-facts
f1-score: 0.3067
accuracy: 0.572
recall: 0.1894
precision: 0.8065
====================================================================================================
content_name: query_wisconsin-facts
f1-score: 0.5271
accuracy: 0.6554
recall: 0.382
precision: 0.85
====================================================================================================
content_name: query_michigan-facts
f1-score: 0.5746
accuracy: 0.6262
recall: 0.5033
precision: 0.6696
====================================================================================================
content_name: query_maryland-facts
f1-score: 0.4815
accuracy: 0.6433
recall: 0.3291
precision: 0.8966
====================================================================================================
content_name: query_kansas-facts
f1-score: 0.5464
accuracy: 0.6667
recall: 0.4
precision: 0.8621
====================================================================================================
content_name: query_indiana-facts
f1-score: 0.3486
accuracy: 0.5235
recall: 0.2533
precision: 0.5588
====================================================================================================
content_name: query_rhode-island-facts
f1-score: 0.6923
accuracy: 0.6279
recall: 0.8308
precision: 0.5934
====================================================================================================
content_name: query_virginia-facts
f1-score: 0.6667
accuracy: 0.7327
recall: 0.5294
precision: 0.9
====================================================================================================
content_name: query_north-carolina-facts
f1-score: 0.8051
accuracy: 0.7919
recall: 0.8559
precision: 0.76
====================================================================================================
content_name: query_illinois-facts
f1-score: 0.4494
accuracy: 0.6187
recall: 0.3101
precision: 0.8163
====================================================================================================
content_name: query_new-mexico-facts
f1-score: 0.7463
accuracy: 0.7778
recall: 0.6494
precision: 0.8772
====================================================================================================
content_name: query_us-states-facts
f1-score: 0.7532
accuracy: 0.7121
recall: 0.8788
precision: 0.6591
====================================================================================================
content_name: query_oregon-facts
f1-score: 0.54
accuracy: 0.6406
recall: 0.4219
precision: 0.75
====================================================================================================
content_name: query_texas-facts
f1-score: 0.7771
accuracy: 0.7518
recall: 0.8592
precision: 0.7093
====================================================================================================
content_name: query_pennsylvania-facts
f1-score: 0.5441
accuracy: 0.6853
recall: 0.3737
precision: 1.0
====================================================================================================
content_name: query_connecticut-facts
f1-score: 0.8644
accuracy: 0.8571
recall: 0.9107
precision: 0.8226
====================================================================================================
content_name: query_louisiana-facts
f1-score: 0.1947
accuracy: 0.5539
recall: 0.1078
precision: 1.0
====================================================================================================
content_name: query_hawaii-facts
f1-score: 0.0444
accuracy: 0.5114
recall: 0.0227
precision: 1.0
====================================================================================================
content_name: query_alaska-facts
f1-score: 0.4167
accuracy: 0.6316
recall: 0.2632
precision: 1.0
====================================================================================================
content_name: query_kentucky-facts
f1-score: 0.7333
accuracy: 0.6694
recall: 0.9016
precision: 0.618
====================================================================================================
content_name: query_montana-facts
f1-score: 0.5298
accuracy: 0.6787
recall: 0.3604
precision: 1.0
====================================================================================================
