content_name: query_hispanic-culture-facts
f1-score: 0.5
accuracy: 0.4914
recall: 0.5086
precision: 0.4917
====================================================================================================
content_name: query_egyptian-gods-and-goddesses
f1-score: 0.4558
accuracy: 0.4608
recall: 0.4495
precision: 0.4623
====================================================================================================
content_name: query_the-mayans-facts
f1-score: 0.5344
accuracy: 0.5414
recall: 0.5224
precision: 0.5469
====================================================================================================
content_name: query_culture-facts
f1-score: 0.4809
accuracy: 0.5052
recall: 0.4583
precision: 0.5057
====================================================================================================
content_name: query_st-patricks-day-facts
f1-score: 0.5238
accuracy: 0.4872
recall: 0.5593
precision: 0.4925
====================================================================================================
content_name: query_thanksgiving-facts
f1-score: 0.5
accuracy: 0.48
recall: 0.52
precision: 0.4815
====================================================================================================
content_name: query_valentines-day-facts
f1-score: 0.3478
accuracy: 0.359
recall: 0.339
precision: 0.3571
====================================================================================================
content_name: query_language-facts
f1-score: 0.4815
accuracy: 0.5
recall: 0.4643
precision: 0.5
====================================================================================================
content_name: query_korean-war-facts
f1-score: 0.4848
accuracy: 0.5
recall: 0.4706
precision: 0.5
====================================================================================================
content_name: query_historical-events-facts
f1-score: 0.4697
accuracy: 0.4717
recall: 0.4662
precision: 0.4733
====================================================================================================
content_name: query_911-facts
f1-score: 0.5294
accuracy: 0.5248
recall: 0.5294
precision: 0.5294
====================================================================================================
content_name: query_ww2-facts
f1-score: 0.4916
accuracy: 0.4829
recall: 0.5
precision: 0.4834
====================================================================================================
content_name: query_boston-tea-party-facts
f1-score: 0.5045
accuracy: 0.4907
recall: 0.5185
precision: 0.4912
====================================================================================================
content_name: query_pearl-harbor-facts
f1-score: 0.4914
accuracy: 0.4972
recall: 0.4831
precision: 0.5
====================================================================================================
content_name: query_auschwitz-facts
f1-score: 0.6126
accuracy: 0.6055
recall: 0.6182
precision: 0.6071
====================================================================================================
content_name: query_4th-of-july-facts
f1-score: 0.4286
accuracy: 0.4667
recall: 0.3962
precision: 0.4667
====================================================================================================
content_name: query_cinco-de-mayo-facts
f1-score: 0.4815
accuracy: 0.5172
recall: 0.4483
precision: 0.52
====================================================================================================
content_name: query_ww1-facts
f1-score: 0.5194
accuracy: 0.5458
recall: 0.4891
precision: 0.5537
====================================================================================================
content_name: query_andre-the-giant-facts
f1-score: 0.4959
accuracy: 0.4917
recall: 0.5
precision: 0.4918
====================================================================================================
content_name: query_mother-teresa-facts
f1-score: 0.4696
accuracy: 0.5081
recall: 0.4355
precision: 0.5094
====================================================================================================
content_name: query_hades-facts
f1-score: 0.5204
accuracy: 0.5566
recall: 0.4811
precision: 0.5667
====================================================================================================
content_name: query_hera-facts
f1-score: 0.4624
accuracy: 0.4819
recall: 0.4433
precision: 0.4831
====================================================================================================
content_name: query_jesus-facts
f1-score: 0.531
accuracy: 0.47
recall: 0.6
precision: 0.4762
====================================================================================================
content_name: query_people-facts
f1-score: 0.4639
accuracy: 0.5094
recall: 0.4245
precision: 0.5114
====================================================================================================
content_name: query_oprah-winfrey-facts
f1-score: 0.4906
accuracy: 0.4808
recall: 0.5
precision: 0.4815
====================================================================================================
content_name: query_julius-caesar-facts
f1-score: 0.5146
accuracy: 0.5192
recall: 0.5096
precision: 0.5196
====================================================================================================
content_name: query_william-shakespeare-facts
f1-score: 0.4651
accuracy: 0.4796
recall: 0.4505
precision: 0.4808
====================================================================================================
content_name: query_florence-nightingale-facts
f1-score: 0.5094
accuracy: 0.5
recall: 0.5192
precision: 0.5
====================================================================================================
content_name: query_bill-gates-facts
f1-score: 0.5208
accuracy: 0.5132
recall: 0.5263
precision: 0.5155
====================================================================================================
content_name: query_alexander-the-great-facts
f1-score: 0.487
accuracy: 0.4537
recall: 0.5185
precision: 0.459
====================================================================================================
content_name: query_michael-jackson-facts
f1-score: 0.3977
accuracy: 0.4392
recall: 0.3684
precision: 0.4321
====================================================================================================
content_name: query_neil-armstrong-facts
f1-score: 0.4404
accuracy: 0.4404
recall: 0.4364
precision: 0.4444
====================================================================================================
content_name: query_george-washington-facts
f1-score: 0.4752
accuracy: 0.4952
recall: 0.4528
precision: 0.5
====================================================================================================
content_name: query_marilyn-monroe-facts
f1-score: 0.4681
accuracy: 0.5
recall: 0.44
precision: 0.5
====================================================================================================
content_name: query_cleopatra-facts
f1-score: 0.5368
accuracy: 0.5344
recall: 0.5368
precision: 0.5368
====================================================================================================
content_name: query_the-beatles-facts
f1-score: 0.5116
accuracy: 0.5116
recall: 0.5099
precision: 0.5133
====================================================================================================
content_name: query_martin-luther-king-jr-facts
f1-score: 0.5424
accuracy: 0.5345
recall: 0.5517
precision: 0.5333
====================================================================================================
content_name: query_bruce-lee-facts
f1-score: 0.5096
accuracy: 0.5064
recall: 0.5128
precision: 0.5063
====================================================================================================
content_name: query_michael-jordan-facts
f1-score: 0.5027
accuracy: 0.4944
recall: 0.5111
precision: 0.4946
====================================================================================================
content_name: query_beethoven-facts
f1-score: 0.4746
accuracy: 0.4833
recall: 0.4667
precision: 0.4828
====================================================================================================
content_name: query_marie-curie-facts
f1-score: 0.5472
accuracy: 0.5556
recall: 0.537
precision: 0.5577
====================================================================================================
content_name: query_pablo-escobar-facts
f1-score: 0.5524
accuracy: 0.5804
recall: 0.5179
precision: 0.5918
====================================================================================================
content_name: query_poseidon-facts
f1-score: 0.4872
accuracy: 0.5
recall: 0.475
precision: 0.5
====================================================================================================
content_name: query_aphrodite-facts
f1-score: 0.5417
accuracy: 0.5243
recall: 0.5591
precision: 0.5253
====================================================================================================
content_name: query_maya-angelou-facts
f1-score: 0.5065
accuracy: 0.5128
recall: 0.5
precision: 0.5132
====================================================================================================
content_name: query_mozart-facts
f1-score: 0.5389
accuracy: 0.5333
recall: 0.5422
precision: 0.5357
====================================================================================================
content_name: query_donald-trump-facts
f1-score: 0.568
accuracy: 0.5249
recall: 0.6225
precision: 0.5222
====================================================================================================
content_name: query_us-presidents-facts
f1-score: 0.5183
accuracy: 0.5307
recall: 0.5032
precision: 0.5342
====================================================================================================
content_name: query_women-leaders-facts
f1-score: 0.4348
accuracy: 0.4444
recall: 0.4237
precision: 0.4464
====================================================================================================
content_name: query_steve-jobs-facts
f1-score: 0.5299
accuracy: 0.5455
recall: 0.5082
precision: 0.5536
====================================================================================================
content_name: query_barack-obama-facts
f1-score: 0.4894
accuracy: 0.4667
recall: 0.5111
precision: 0.4694
====================================================================================================
content_name: query_confucius-facts
f1-score: 0.463
accuracy: 0.4679
recall: 0.4545
precision: 0.4717
====================================================================================================
content_name: query_pythagoras-facts
f1-score: 0.4786
accuracy: 0.4786
recall: 0.4746
precision: 0.4828
====================================================================================================
content_name: query_buddhism-facts
f1-score: 0.4896
accuracy: 0.4815
recall: 0.4947
precision: 0.4845
====================================================================================================
content_name: query_bible-facts
f1-score: 0.4528
accuracy: 0.4257
recall: 0.4706
precision: 0.4364
====================================================================================================
content_name: query_easter-facts
f1-score: 0.4372
accuracy: 0.4432
recall: 0.4301
precision: 0.4444
====================================================================================================
content_name: query_entertainment-facts
f1-score: 0.5288
accuracy: 0.51
recall: 0.55
precision: 0.5093
====================================================================================================
content_name: query_my-cousin-vinny-facts
f1-score: 0.5636
accuracy: 0.5429
recall: 0.5849
precision: 0.5439
====================================================================================================
content_name: query_friends-facts
f1-score: 0.5359
accuracy: 0.5203
recall: 0.5541
precision: 0.519
====================================================================================================
content_name: query_star-wars-facts
f1-score: 0.5297
accuracy: 0.5469
recall: 0.5104
precision: 0.5506
====================================================================================================
content_name: query_christmas-songs
f1-score: 0.466
accuracy: 0.45
recall: 0.48
precision: 0.4528
====================================================================================================
content_name: query_tiktok-facts
f1-score: 0.4667
accuracy: 0.5026
recall: 0.433
precision: 0.506
====================================================================================================
content_name: query_rock-paper-scissors-facts
f1-score: 0.5625
accuracy: 0.58
recall: 0.54
precision: 0.587
====================================================================================================
content_name: query_lego-facts
f1-score: 0.5795
accuracy: 0.5595
recall: 0.6071
precision: 0.5543
====================================================================================================
content_name: query_disney-facts
f1-score: 0.4968
accuracy: 0.5145
recall: 0.4793
precision: 0.5156
====================================================================================================
content_name: query_spotify-facts
f1-score: 0.4878
accuracy: 0.4878
recall: 0.4878
precision: 0.4878
====================================================================================================
content_name: query_netflix-facts
f1-score: 0.5
accuracy: 0.5071
recall: 0.4915
precision: 0.5088
====================================================================================================
content_name: query_harry-potter-facts
f1-score: 0.4664
accuracy: 0.4846
recall: 0.449
precision: 0.4853
====================================================================================================
content_name: query_marvel-facts
f1-score: 0.5353
accuracy: 0.5199
recall: 0.5531
precision: 0.5187
====================================================================================================
content_name: query_bts-facts
f1-score: 0.408
accuracy: 0.4279
recall: 0.3942
precision: 0.4227
====================================================================================================
content_name: query_minecraft-facts
f1-score: 0.5414
accuracy: 0.534
recall: 0.5484
precision: 0.5346
====================================================================================================
content_name: query_pokemon-facts
f1-score: 0.467
accuracy: 0.471
recall: 0.4623
precision: 0.4718
====================================================================================================
content_name: query_books-facts
f1-score: 0.5397
accuracy: 0.5297
recall: 0.5484
precision: 0.5312
====================================================================================================
content_name: query_lord-of-the-rings-facts
f1-score: 0.5556
accuracy: 0.5372
recall: 0.5738
precision: 0.5385
====================================================================================================
content_name: query_video-game-facts
f1-score: 0.5205
accuracy: 0.5139
recall: 0.5278
precision: 0.5135
====================================================================================================
content_name: query_food-facts
f1-score: 0.462
accuracy: 0.4604
recall: 0.462
precision: 0.462
====================================================================================================
content_name: query_chocolate-facts
f1-score: 0.4281
accuracy: 0.4512
recall: 0.4094
precision: 0.4485
====================================================================================================
content_name: query_strawberry-facts
f1-score: 0.4262
accuracy: 0.4017
recall: 0.4407
precision: 0.4127
====================================================================================================
content_name: query_nutella-facts
f1-score: 0.5
accuracy: 0.453
recall: 0.5424
precision: 0.4638
====================================================================================================
content_name: query_watermelon-facts
f1-score: 0.4274
accuracy: 0.4463
recall: 0.4098
precision: 0.4464
====================================================================================================
content_name: query_cornflakes-facts
f1-score: 0.5586
accuracy: 0.5288
recall: 0.5962
precision: 0.5254
====================================================================================================
content_name: query_breakfast-around-the-world
f1-score: 0.4486
accuracy: 0.4327
recall: 0.4615
precision: 0.4364
====================================================================================================
content_name: query_pizza-hut-facts
f1-score: 0.5092
accuracy: 0.5016
recall: 0.5155
precision: 0.503
====================================================================================================
content_name: query_starbucks-facts
f1-score: 0.519
accuracy: 0.5323
recall: 0.5031
precision: 0.5359
====================================================================================================
content_name: query_beer-facts
f1-score: 0.5405
accuracy: 0.5058
recall: 0.5814
precision: 0.5051
====================================================================================================
content_name: query_mcdonalds-facts
f1-score: 0.4564
accuracy: 0.4618
recall: 0.4503
precision: 0.4626
====================================================================================================
content_name: query_coca-cola-facts
f1-score: 0.5147
accuracy: 0.472
recall: 0.5556
precision: 0.4795
====================================================================================================
content_name: query_pizza-facts
f1-score: 0.5664
accuracy: 0.5571
recall: 0.5786
precision: 0.5548
====================================================================================================
content_name: query_ice-cream-facts
f1-score: 0.5766
accuracy: 0.5688
recall: 0.5818
precision: 0.5714
====================================================================================================
content_name: query_avocado-facts
f1-score: 0.5766
accuracy: 0.5481
recall: 0.6154
precision: 0.5424
====================================================================================================
content_name: query_pineapple-facts
f1-score: 0.4231
accuracy: 0.4495
recall: 0.4
precision: 0.449
====================================================================================================
content_name: query_coffee-facts
f1-score: 0.4762
accuracy: 0.5089
recall: 0.4464
precision: 0.5102
====================================================================================================
content_name: query_wine-facts
f1-score: 0.4715
accuracy: 0.4674
recall: 0.4733
precision: 0.4697
====================================================================================================
content_name: query_egg-facts
f1-score: 0.5
accuracy: 0.46
recall: 0.54
precision: 0.4655
====================================================================================================
content_name: query_health-facts
f1-score: 0.4702
accuracy: 0.4737
recall: 0.4671
precision: 0.4733
====================================================================================================
content_name: query_sports-facts
f1-score: 0.4583
accuracy: 0.4507
recall: 0.4648
precision: 0.4521
====================================================================================================
content_name: query_soccer-facts
f1-score: 0.5
accuracy: 0.5132
recall: 0.4842
precision: 0.5169
====================================================================================================
content_name: query_basketball-facts
f1-score: 0.4852
accuracy: 0.5026
recall: 0.4688
precision: 0.5028
====================================================================================================
content_name: query_baseball-facts
f1-score: 0.5366
accuracy: 0.5013
recall: 0.5759
precision: 0.5023
====================================================================================================
content_name: query_espn-facts
f1-score: 0.5588
accuracy: 0.5455
recall: 0.5758
precision: 0.5429
====================================================================================================
content_name: query_golf-facts
f1-score: 0.4426
accuracy: 0.4729
recall: 0.4154
precision: 0.4737
====================================================================================================
content_name: query_running-facts
f1-score: 0.4899
accuracy: 0.4812
recall: 0.4966
precision: 0.4834
====================================================================================================
content_name: query_little-red-flying-fox-facts
f1-score: 0.5283
accuracy: 0.537
recall: 0.5185
precision: 0.5385
====================================================================================================
content_name: query_types-of-starfish
f1-score: 0.4979
accuracy: 0.4957
recall: 0.5
precision: 0.4957
====================================================================================================
content_name: query_black-bear-facts
f1-score: 0.4717
accuracy: 0.4667
recall: 0.4717
precision: 0.4717
====================================================================================================
content_name: query_hippo-facts
f1-score: 0.4416
accuracy: 0.4228
recall: 0.4533
precision: 0.4304
====================================================================================================
content_name: query_cow-facts
f1-score: 0.5714
accuracy: 0.5833
recall: 0.5556
precision: 0.5882
====================================================================================================
content_name: query_red-tailed-hawk-facts
f1-score: 0.5113
accuracy: 0.4583
recall: 0.5667
precision: 0.4658
====================================================================================================
content_name: query_pigeon-facts
f1-score: 0.495
accuracy: 0.5096
recall: 0.4808
precision: 0.5102
====================================================================================================
content_name: query_animal-facts
f1-score: 0.4837
accuracy: 0.4952
recall: 0.4713
precision: 0.4966
====================================================================================================
content_name: query_rabbit-facts
f1-score: 0.4833
accuracy: 0.4876
recall: 0.4754
precision: 0.4915
====================================================================================================
content_name: query_golden-retriever-facts
f1-score: 0.5938
accuracy: 0.5556
recall: 0.6441
precision: 0.5507
====================================================================================================
content_name: query_bobcat-facts
f1-score: 0.55
accuracy: 0.5345
recall: 0.569
precision: 0.5323
====================================================================================================
content_name: query_frog-facts
f1-score: 0.4103
accuracy: 0.4103
recall: 0.4068
precision: 0.4138
====================================================================================================
content_name: query_penguin-facts
f1-score: 0.4865
accuracy: 0.4519
recall: 0.5192
precision: 0.4576
====================================================================================================
content_name: query_cat-facts
f1-score: 0.4739
accuracy: 0.4757
recall: 0.4722
precision: 0.4755
====================================================================================================
content_name: query_corgi-facts
f1-score: 0.5225
accuracy: 0.5431
recall: 0.5
precision: 0.5472
====================================================================================================
content_name: query_otter-facts
f1-score: 0.4554
accuracy: 0.4762
recall: 0.434
precision: 0.4792
====================================================================================================
content_name: query_lobster-facts
f1-score: 0.4915
accuracy: 0.4915
recall: 0.4898
precision: 0.4932
====================================================================================================
content_name: query_fish-facts
f1-score: 0.515
accuracy: 0.4769
recall: 0.5556
precision: 0.48
====================================================================================================
content_name: query_bug-facts
f1-score: 0.5037
accuracy: 0.4962
recall: 0.5075
precision: 0.5
====================================================================================================
content_name: query_megalodon-facts
f1-score: 0.5354
accuracy: 0.528
recall: 0.5397
precision: 0.5312
====================================================================================================
content_name: query_lion-facts
f1-score: 0.4762
accuracy: 0.4677
recall: 0.4839
precision: 0.4688
====================================================================================================
content_name: query_owl-facts
f1-score: 0.5109
accuracy: 0.5135
recall: 0.5054
precision: 0.5165
====================================================================================================
content_name: query_bat-facts
f1-score: 0.5597
accuracy: 0.5474
recall: 0.5734
precision: 0.5467
====================================================================================================
content_name: query_bee-facts
f1-score: 0.4819
accuracy: 0.4798
recall: 0.4839
precision: 0.48
====================================================================================================
content_name: query_tiger-facts
f1-score: 0.5897
accuracy: 0.5556
recall: 0.6389
precision: 0.5476
====================================================================================================
content_name: query_monarch-butterfly-facts
f1-score: 0.5091
accuracy: 0.5345
recall: 0.4828
precision: 0.5385
====================================================================================================
content_name: query_killer-whale-facts
f1-score: 0.54
accuracy: 0.5446
recall: 0.5294
precision: 0.551
====================================================================================================
content_name: query_horse-facts
f1-score: 0.5854
accuracy: 0.5879
recall: 0.5783
precision: 0.5926
====================================================================================================
content_name: query_bear-facts
f1-score: 0.5236
accuracy: 0.4977
recall: 0.5495
precision: 0.5
====================================================================================================
content_name: query_elephant-facts
f1-score: 0.4564
accuracy: 0.4564
recall: 0.4533
precision: 0.4595
====================================================================================================
content_name: query_dolphin-facts
f1-score: 0.5217
accuracy: 0.5089
recall: 0.5357
precision: 0.5085
====================================================================================================
content_name: query_wolf-facts
f1-score: 0.5526
accuracy: 0.5641
recall: 0.5385
precision: 0.5676
====================================================================================================
content_name: query_chihuahua-facts
f1-score: 0.4683
accuracy: 0.4785
recall: 0.4571
precision: 0.48
====================================================================================================
content_name: query_siberian-husky-facts
f1-score: 0.5
accuracy: 0.5
recall: 0.5
precision: 0.5
====================================================================================================
content_name: query_whale-facts
f1-score: 0.5577
accuracy: 0.5619
recall: 0.5472
precision: 0.5686
====================================================================================================
content_name: query_snake-facts
f1-score: 0.4766
accuracy: 0.5
recall: 0.4554
precision: 0.5
====================================================================================================
content_name: query_chicken-facts
f1-score: 0.5312
accuracy: 0.5455
recall: 0.5152
precision: 0.5484
====================================================================================================
content_name: query_monkey-facts
f1-score: 0.4839
accuracy: 0.4783
recall: 0.4891
precision: 0.4787
====================================================================================================
content_name: query_camel-facts
f1-score: 0.5185
accuracy: 0.48
recall: 0.56
precision: 0.4828
====================================================================================================
content_name: query_parasite-facts
f1-score: 0.4483
accuracy: 0.4684
recall: 0.4305
precision: 0.4676
====================================================================================================
content_name: query_shark-facts
f1-score: 0.4706
accuracy: 0.475
recall: 0.4667
precision: 0.4746
====================================================================================================
content_name: query_human-body-facts
f1-score: 0.6014
accuracy: 0.5678
recall: 0.6496
precision: 0.5597
====================================================================================================
content_name: query_redhead-facts
f1-score: 0.4932
accuracy: 0.4861
recall: 0.5
precision: 0.4865
====================================================================================================
content_name: query_baby-facts
f1-score: 0.4218
accuracy: 0.4408
recall: 0.4079
precision: 0.4366
====================================================================================================
content_name: query_sex-facts
f1-score: 0.5352
accuracy: 0.5286
recall: 0.5429
precision: 0.5278
====================================================================================================
content_name: query_plant-facts
f1-score: 0.4667
accuracy: 0.4783
recall: 0.4565
precision: 0.4773
====================================================================================================
content_name: query_sunflower-facts
f1-score: 0.5098
accuracy: 0.4828
recall: 0.5342
precision: 0.4875
====================================================================================================
content_name: query_universe-facts
f1-score: 0.5597
accuracy: 0.5479
recall: 0.5725
precision: 0.5474
====================================================================================================
content_name: query_saturn-facts
f1-score: 0.4902
accuracy: 0.4851
recall: 0.4902
precision: 0.4902
====================================================================================================
content_name: query_jupiter-facts
f1-score: 0.5536
accuracy: 0.5238
recall: 0.5849
precision: 0.5254
====================================================================================================
content_name: query_moon-facts
f1-score: 0.404
accuracy: 0.4327
recall: 0.3846
precision: 0.4255
====================================================================================================
content_name: query_pluto-facts
f1-score: 0.6346
accuracy: 0.62
recall: 0.66
precision: 0.6111
====================================================================================================
content_name: query_earth-facts
f1-score: 0.4623
accuracy: 0.4569
recall: 0.4646
precision: 0.46
====================================================================================================
content_name: query_northern-lights-facts
f1-score: 0.537
accuracy: 0.5413
recall: 0.5273
precision: 0.5472
====================================================================================================
content_name: query_biology-facts
f1-score: 0.4643
accuracy: 0.4643
recall: 0.4643
precision: 0.4643
====================================================================================================
content_name: query_bacteria-facts
f1-score: 0.4194
accuracy: 0.405
recall: 0.4262
precision: 0.4127
====================================================================================================
content_name: query_lithium-facts
f1-score: 0.5
accuracy: 0.4808
recall: 0.5192
precision: 0.4821
====================================================================================================
content_name: query_chemistry-facts
f1-score: 0.5433
accuracy: 0.5265
recall: 0.561
precision: 0.5267
====================================================================================================
content_name: query_gold-facts
f1-score: 0.404
accuracy: 0.4327
recall: 0.3846
precision: 0.4255
====================================================================================================
content_name: query_taiga-biomes-facts
f1-score: 0.5368
accuracy: 0.5243
recall: 0.5484
precision: 0.5258
====================================================================================================
content_name: query_deforestation-facts
f1-score: 0.5037
accuracy: 0.4962
recall: 0.5075
precision: 0.5
====================================================================================================
content_name: query_desert-facts
f1-score: 0.4554
accuracy: 0.4762
recall: 0.434
precision: 0.4792
====================================================================================================
content_name: query_geography-facts
f1-score: 0.5556
accuracy: 0.548
recall: 0.5618
precision: 0.5495
====================================================================================================
content_name: query_rainforest-facts
f1-score: 0.5254
accuracy: 0.5214
recall: 0.5254
precision: 0.5254
====================================================================================================
content_name: query_great-pacific-garbage-patch-facts
f1-score: 0.3929
accuracy: 0.3761
recall: 0.4
precision: 0.386
====================================================================================================
content_name: query_weather-facts
f1-score: 0.4885
accuracy: 0.4766
recall: 0.5
precision: 0.4776
====================================================================================================
content_name: query_technology-facts
f1-score: 0.4845
accuracy: 0.4898
recall: 0.4796
precision: 0.4896
====================================================================================================
content_name: query_car-facts
f1-score: 0.4514
accuracy: 0.4662
recall: 0.4392
precision: 0.4643
====================================================================================================
content_name: query_apollo-11-facts
f1-score: 0.45
accuracy: 0.45
recall: 0.45
precision: 0.45
====================================================================================================
content_name: query_linkedin-facts
f1-score: 0.5489
accuracy: 0.555
recall: 0.5401
precision: 0.558
====================================================================================================
content_name: query_paypal-facts
f1-score: 0.5014
accuracy: 0.4915
recall: 0.5114
precision: 0.4918
====================================================================================================
content_name: query_yahoo-facts
f1-score: 0.5597
accuracy: 0.5469
recall: 0.5742
precision: 0.546
====================================================================================================
content_name: query_whatsapp-facts
f1-score: 0.5
accuracy: 0.514
recall: 0.4845
precision: 0.5166
====================================================================================================
content_name: query_airbnb-facts
f1-score: 0.4286
accuracy: 0.4615
recall: 0.4038
precision: 0.4565
====================================================================================================
content_name: query_amazon-facts
f1-score: 0.4535
accuracy: 0.4674
recall: 0.4407
precision: 0.4671
====================================================================================================
content_name: query_internet-facts
f1-score: 0.4969
accuracy: 0.4805
recall: 0.513
precision: 0.4817
====================================================================================================
content_name: query_las-vegas-facts
f1-score: 0.4198
accuracy: 0.4535
recall: 0.3953
precision: 0.4474
====================================================================================================
content_name: query_barcelona-facts
f1-score: 0.56
accuracy: 0.5444
recall: 0.5765
precision: 0.5444
====================================================================================================
content_name: query_city-facts
f1-score: 0.4781
accuracy: 0.4822
recall: 0.4724
precision: 0.4839
====================================================================================================
content_name: query_london-facts
f1-score: 0.5171
accuracy: 0.5417
recall: 0.4907
precision: 0.5464
====================================================================================================
content_name: query_berlin-facts
f1-score: 0.5253
accuracy: 0.5347
recall: 0.5098
precision: 0.5417
====================================================================================================
content_name: query_new-york-facts
f1-score: 0.4664
accuracy: 0.4711
recall: 0.4602
precision: 0.4727
====================================================================================================
content_name: query_galapagos-islands-facts
f1-score: 0.4019
accuracy: 0.4182
recall: 0.3909
precision: 0.4135
====================================================================================================
content_name: query_pompeii-facts
f1-score: 0.4906
accuracy: 0.5179
recall: 0.4643
precision: 0.52
====================================================================================================
content_name: query_paris-facts
f1-score: 0.5379
accuracy: 0.5347
recall: 0.5417
precision: 0.5342
====================================================================================================
content_name: query_tokyo-facts
f1-score: 0.478
accuracy: 0.5158
recall: 0.4414
precision: 0.5213
====================================================================================================
content_name: query_venice-facts
f1-score: 0.5263
accuracy: 0.5221
recall: 0.5263
precision: 0.5263
====================================================================================================
content_name: query_costa-rica-facts
f1-score: 0.5052
accuracy: 0.5
recall: 0.5104
precision: 0.5
====================================================================================================
content_name: query_ancient-egypt-facts
f1-score: 0.4925
accuracy: 0.495
recall: 0.49
precision: 0.4949
====================================================================================================
content_name: query_nigeria-facts
f1-score: 0.5714
accuracy: 0.5648
recall: 0.5773
precision: 0.5657
====================================================================================================
content_name: query_pakistan-facts
f1-score: 0.5161
accuracy: 0.5312
recall: 0.5
precision: 0.5333
====================================================================================================
content_name: query_ancient-rome-facts
f1-score: 0.5009
accuracy: 0.4846
recall: 0.5162
precision: 0.4864
====================================================================================================
content_name: query_panama-facts
f1-score: 0.4966
accuracy: 0.4966
recall: 0.4932
precision: 0.5
====================================================================================================
content_name: query_scotland-facts
f1-score: 0.5294
accuracy: 0.5248
recall: 0.5294
precision: 0.5294
====================================================================================================
content_name: query_portugal-facts
f1-score: 0.5196
accuracy: 0.5196
recall: 0.5196
precision: 0.5196
====================================================================================================
content_name: query_ancient-greece-facts
f1-score: 0.5091
accuracy: 0.4808
recall: 0.5385
precision: 0.4828
====================================================================================================
content_name: query_country-facts
f1-score: 0.4675
accuracy: 0.476
recall: 0.4586
precision: 0.4768
====================================================================================================
content_name: query_russia-facts
f1-score: 0.5118
accuracy: 0.4876
recall: 0.5347
precision: 0.4909
====================================================================================================
content_name: query_afghanistan-facts
f1-score: 0.4789
accuracy: 0.4559
recall: 0.5
precision: 0.4595
====================================================================================================
content_name: query_north-korea-facts
f1-score: 0.4645
accuracy: 0.4679
recall: 0.4615
precision: 0.4675
====================================================================================================
content_name: query_brazil-facts
f1-score: 0.4768
accuracy: 0.4662
recall: 0.4865
precision: 0.4675
====================================================================================================
content_name: query_venezuela-facts
f1-score: 0.5023
accuracy: 0.4755
recall: 0.5294
precision: 0.4779
====================================================================================================
content_name: query_israel-facts
f1-score: 0.4393
accuracy: 0.4393
recall: 0.4368
precision: 0.4419
====================================================================================================
content_name: query_argentina-facts
f1-score: 0.52
accuracy: 0.4921
recall: 0.5474
precision: 0.4952
====================================================================================================
content_name: query_switzerland-facts
f1-score: 0.5069
accuracy: 0.5408
recall: 0.4701
precision: 0.55
====================================================================================================
content_name: query_philippines-facts
f1-score: 0.5403
accuracy: 0.515
recall: 0.57
precision: 0.5135
====================================================================================================
content_name: query_haiti-facts
f1-score: 0.4632
accuracy: 0.4603
recall: 0.4632
precision: 0.4632
====================================================================================================
content_name: query_iceland-facts
f1-score: 0.4828
accuracy: 0.5135
recall: 0.4516
precision: 0.5185
====================================================================================================
content_name: query_canada-facts
f1-score: 0.4557
accuracy: 0.4534
recall: 0.4576
precision: 0.4538
====================================================================================================
content_name: query_facts-about-greece
f1-score: 0.5035
accuracy: 0.4929
recall: 0.5143
precision: 0.4932
====================================================================================================
content_name: query_poland-facts
f1-score: 0.5388
accuracy: 0.5129
recall: 0.569
precision: 0.5116
====================================================================================================
content_name: query_greenland-facts
f1-score: 0.4872
accuracy: 0.4904
recall: 0.481
precision: 0.4935
====================================================================================================
content_name: query_colombia-facts
f1-score: 0.4857
accuracy: 0.5023
recall: 0.4679
precision: 0.505
====================================================================================================
content_name: query_mexico-facts
f1-score: 0.5399
accuracy: 0.5322
recall: 0.5475
precision: 0.5326
====================================================================================================
content_name: query_germany-facts
f1-score: 0.5283
accuracy: 0.5353
recall: 0.5185
precision: 0.5385
====================================================================================================
content_name: query_belgium-facts
f1-score: 0.5128
accuracy: 0.525
recall: 0.5
precision: 0.5263
====================================================================================================
content_name: query_ecuador-facts
f1-score: 0.5357
accuracy: 0.5155
recall: 0.5556
precision: 0.5172
====================================================================================================
content_name: query_spain-facts
f1-score: 0.5102
accuracy: 0.5085
recall: 0.5102
precision: 0.5102
====================================================================================================
content_name: query_egypt-facts
f1-score: 0.5324
accuracy: 0.5667
recall: 0.4933
precision: 0.5781
====================================================================================================
content_name: query_honduras-facts
f1-score: 0.5325
accuracy: 0.5325
recall: 0.5294
precision: 0.5357
====================================================================================================
content_name: query_sweden-facts
f1-score: 0.4645
accuracy: 0.4557
recall: 0.4706
precision: 0.4586
====================================================================================================
content_name: query_japan-facts
f1-score: 0.5203
accuracy: 0.5087
recall: 0.531
precision: 0.5099
====================================================================================================
content_name: query_turkey-facts
f1-score: 0.5073
accuracy: 0.4767
recall: 0.5361
precision: 0.4815
====================================================================================================
content_name: query_hong-kong-facts
f1-score: 0.5253
accuracy: 0.5318
recall: 0.5182
precision: 0.5327
====================================================================================================
content_name: query_iran-facts
f1-score: 0.5346
accuracy: 0.5409
recall: 0.5273
precision: 0.5421
====================================================================================================
content_name: query_italy-facts
f1-score: 0.4973
accuracy: 0.5181
recall: 0.4742
precision: 0.5227
====================================================================================================
content_name: query_bolivia-facts
f1-score: 0.4845
accuracy: 0.5025
recall: 0.4653
precision: 0.5054
====================================================================================================
content_name: query_south-korea-facts
f1-score: 0.4867
accuracy: 0.4727
recall: 0.5
precision: 0.4741
====================================================================================================
content_name: query_china-facts
f1-score: 0.4844
accuracy: 0.45
recall: 0.5167
precision: 0.4559
====================================================================================================
content_name: query_denmark-facts
f1-score: 0.4828
accuracy: 0.486
recall: 0.4783
precision: 0.4873
====================================================================================================
content_name: query_singapore-facts
f1-score: 0.5358
accuracy: 0.5269
recall: 0.5462
precision: 0.5259
====================================================================================================
content_name: query_norway-facts
f1-score: 0.4931
accuracy: 0.4973
recall: 0.489
precision: 0.4972
====================================================================================================
content_name: query_new-zealand-facts
f1-score: 0.5367
accuracy: 0.5292
recall: 0.5455
precision: 0.5283
====================================================================================================
content_name: query_vietnam-facts
f1-score: 0.5157
accuracy: 0.519
recall: 0.5103
precision: 0.5211
====================================================================================================
content_name: query_guatemala-facts
f1-score: 0.4854
accuracy: 0.5115
recall: 0.4587
precision: 0.5155
====================================================================================================
content_name: query_dominican-republic-facts
f1-score: 0.5023
accuracy: 0.5068
recall: 0.4955
precision: 0.5093
====================================================================================================
content_name: query_mongolia-facts
f1-score: 0.5417
accuracy: 0.5138
recall: 0.5714
precision: 0.5149
====================================================================================================
content_name: query_puerto-rico-facts
f1-score: 0.4765
accuracy: 0.4689
recall: 0.4818
precision: 0.4714
====================================================================================================
content_name: query_thailand-facts
f1-score: 0.6061
accuracy: 0.588
recall: 0.6338
precision: 0.5806
====================================================================================================
content_name: query_india-facts
f1-score: 0.4815
accuracy: 0.5088
recall: 0.4561
precision: 0.5098
====================================================================================================
content_name: query_panama-canal-facts
f1-score: 0.5128
accuracy: 0.5086
recall: 0.5172
precision: 0.5085
====================================================================================================
content_name: query_victoria-falls-facts
f1-score: 0.4808
accuracy: 0.4808
recall: 0.4808
precision: 0.4808
====================================================================================================
content_name: query_colosseum-facts
f1-score: 0.4792
accuracy: 0.5
recall: 0.46
precision: 0.5
====================================================================================================
content_name: query_winchester-house-facts
f1-score: 0.5234
accuracy: 0.5143
recall: 0.5283
precision: 0.5185
====================================================================================================
content_name: query_sydney-opera-house-facts
f1-score: 0.4557
accuracy: 0.4625
recall: 0.45
precision: 0.4615
====================================================================================================
content_name: query_niagara-falls-facts
f1-score: 0.375
accuracy: 0.3966
recall: 0.3621
precision: 0.3889
====================================================================================================
content_name: query_buckingham-palace-facts
f1-score: 0.5143
accuracy: 0.5143
recall: 0.5094
precision: 0.5192
====================================================================================================
content_name: query_big-ben-facts
f1-score: 0.5195
accuracy: 0.5256
recall: 0.5128
precision: 0.5263
====================================================================================================
content_name: query_stonehenge-facts
f1-score: 0.5
accuracy: 0.4857
recall: 0.5094
precision: 0.4909
====================================================================================================
content_name: query_eiffel-tower-facts
f1-score: 0.4746
accuracy: 0.4655
recall: 0.4828
precision: 0.4667
====================================================================================================
content_name: query_area-51-facts
f1-score: 0.434
accuracy: 0.4
recall: 0.46
precision: 0.4107
====================================================================================================
content_name: query_statue-of-liberty-facts
f1-score: 0.5078
accuracy: 0.4974
recall: 0.5158
precision: 0.5
====================================================================================================
content_name: query_statue-of-liberty-facts
f1-score: 0.4762
accuracy: 0.4762
recall: 0.4737
precision: 0.4787
====================================================================================================
content_name: query_yellowstone-national-park-facts
f1-score: 0.5593
accuracy: 0.5357
recall: 0.5893
precision: 0.5323
====================================================================================================
content_name: query_grand-canyon-national-park-facts
f1-score: 0.527
accuracy: 0.53
recall: 0.522
precision: 0.5321
====================================================================================================
content_name: query_burj-khalifa-facts
f1-score: 0.4211
accuracy: 0.4338
recall: 0.4118
precision: 0.4308
====================================================================================================
content_name: query_golden-gate-bridge-facts
f1-score: 0.4807
accuracy: 0.4895
recall: 0.4706
precision: 0.4912
====================================================================================================
content_name: query_notre-dame-cathedral-facts
f1-score: 0.5333
accuracy: 0.5333
recall: 0.5333
precision: 0.5333
====================================================================================================
content_name: query_machu-picchu-facts
f1-score: 0.5424
accuracy: 0.5179
recall: 0.5714
precision: 0.5161
====================================================================================================
content_name: query_mount-rushmore-facts
f1-score: 0.5229
accuracy: 0.5273
recall: 0.5182
precision: 0.5278
====================================================================================================
content_name: query_virginia-plan-vs-new-jersey-plan
f1-score: 0.5323
accuracy: 0.5469
recall: 0.5156
precision: 0.55
====================================================================================================
content_name: query_new-hampshire-facts
f1-score: 0.5506
accuracy: 0.5266
recall: 0.5765
precision: 0.5269
====================================================================================================
content_name: query_south-carolina-facts
f1-score: 0.4103
accuracy: 0.4556
recall: 0.3765
precision: 0.4507
====================================================================================================
content_name: query_new-york-state-facts
f1-score: 0.5017
accuracy: 0.4911
recall: 0.5106
precision: 0.4932
====================================================================================================
content_name: query_nebraska-facts
f1-score: 0.4663
accuracy: 0.4695
recall: 0.4634
precision: 0.4691
====================================================================================================
content_name: query_ohio-facts
f1-score: 0.5409
accuracy: 0.5275
recall: 0.5547
precision: 0.5278
====================================================================================================
content_name: query_maine-facts
f1-score: 0.4605
accuracy: 0.4777
recall: 0.443
precision: 0.4795
====================================================================================================
content_name: query_missouri-facts
f1-score: 0.486
accuracy: 0.4836
recall: 0.486
precision: 0.486
====================================================================================================
content_name: query_minnesota-facts
f1-score: 0.5393
accuracy: 0.5341
recall: 0.5455
precision: 0.5333
====================================================================================================
content_name: query_wisconsin-facts
f1-score: 0.4886
accuracy: 0.4915
recall: 0.4831
precision: 0.4943
====================================================================================================
content_name: query_michigan-facts
f1-score: 0.5132
accuracy: 0.5148
recall: 0.5098
precision: 0.5166
====================================================================================================
content_name: query_maryland-facts
f1-score: 0.5366
accuracy: 0.5159
recall: 0.557
precision: 0.5176
====================================================================================================
content_name: query_kansas-facts
f1-score: 0.498
accuracy: 0.49
recall: 0.504
precision: 0.4922
====================================================================================================
content_name: query_indiana-facts
f1-score: 0.4429
accuracy: 0.4765
recall: 0.4133
precision: 0.4769
====================================================================================================
content_name: query_rhode-island-facts
f1-score: 0.563
accuracy: 0.5426
recall: 0.5846
precision: 0.5429
====================================================================================================
content_name: query_virginia-facts
f1-score: 0.4118
accuracy: 0.4059
recall: 0.4118
precision: 0.4118
====================================================================================================
content_name: query_north-carolina-facts
f1-score: 0.4786
accuracy: 0.448
recall: 0.5045
precision: 0.4553
====================================================================================================
content_name: query_illinois-facts
f1-score: 0.5251
accuracy: 0.5214
recall: 0.5271
precision: 0.5231
====================================================================================================
content_name: query_new-mexico-facts
f1-score: 0.5535
accuracy: 0.5359
recall: 0.5714
precision: 0.5366
====================================================================================================
content_name: query_us-states-facts
f1-score: 0.4766
accuracy: 0.4924
recall: 0.4621
precision: 0.4919
====================================================================================================
content_name: query_oregon-facts
f1-score: 0.5077
accuracy: 0.5
recall: 0.5156
precision: 0.5
====================================================================================================
content_name: query_texas-facts
f1-score: 0.5578
accuracy: 0.539
recall: 0.5775
precision: 0.5395
====================================================================================================
content_name: query_pennsylvania-facts
f1-score: 0.5314
accuracy: 0.5076
recall: 0.5556
precision: 0.5093
====================================================================================================
content_name: query_connecticut-facts
f1-score: 0.5439
accuracy: 0.5357
recall: 0.5536
precision: 0.5345
====================================================================================================
content_name: query_louisiana-facts
f1-score: 0.488
accuracy: 0.4755
recall: 0.5
precision: 0.4766
====================================================================================================
content_name: query_hawaii-facts
f1-score: 0.5665
accuracy: 0.5739
recall: 0.5568
precision: 0.5765
====================================================================================================
content_name: query_alaska-facts
f1-score: 0.5395
accuracy: 0.5395
recall: 0.5395
precision: 0.5395
====================================================================================================
content_name: query_kentucky-facts
f1-score: 0.4915
accuracy: 0.5041
recall: 0.4754
precision: 0.5088
====================================================================================================
content_name: query_montana-facts
f1-score: 0.4685
accuracy: 0.4661
recall: 0.4685
precision: 0.4685
====================================================================================================
