content_name: query_las-vegas-facts
f1-score: 0.5682
accuracy: 0.5581
recall: 0.5814
precision: 0.5556
====================================================================================================
content_name: query_barcelona-facts
f1-score: 0.8684
accuracy: 0.8817
recall: 0.7765
precision: 0.9851
====================================================================================================
content_name: query_city-facts
f1-score: 0.547
accuracy: 0.581
recall: 0.5039
precision: 0.5981
====================================================================================================
content_name: query_london-facts
f1-score: 0.728
accuracy: 0.6852
recall: 0.8426
precision: 0.6408
====================================================================================================
content_name: query_berlin-facts
f1-score: 0.8462
accuracy: 0.8416
recall: 0.8627
precision: 0.8302
====================================================================================================
content_name: query_new-york-facts
f1-score: 0.75
accuracy: 0.7689
recall: 0.6903
precision: 0.8211
====================================================================================================
content_name: query_galapagos-islands-facts
f1-score: 0.8643
accuracy: 0.8773
recall: 0.7818
precision: 0.9663
====================================================================================================
content_name: query_pompeii-facts
f1-score: 0.88
accuracy: 0.8929
recall: 0.7857
precision: 1.0
====================================================================================================
content_name: query_paris-facts
f1-score: 0.6572
accuracy: 0.6632
recall: 0.6458
precision: 0.6691
====================================================================================================
content_name: query_tokyo-facts
f1-score: 0.8125
accuracy: 0.8371
recall: 0.7027
precision: 0.963
====================================================================================================
content_name: query_venice-facts
f1-score: 0.8276
accuracy: 0.823
recall: 0.8421
precision: 0.8136
====================================================================================================
content_name: query_costa-rica-facts
f1-score: 0.7598
accuracy: 0.776
recall: 0.7083
precision: 0.8193
====================================================================================================
content_name: query_ancient-egypt-facts
f1-score: 0.8585
accuracy: 0.85
recall: 0.91
precision: 0.8125
====================================================================================================
content_name: query_nigeria-facts
f1-score: 0.8372
accuracy: 0.8187
recall: 0.9278
precision: 0.7627
====================================================================================================
content_name: query_pakistan-facts
f1-score: 0.7059
accuracy: 0.7545
recall: 0.5893
precision: 0.88
====================================================================================================
content_name: query_ancient-rome-facts
f1-score: 0.9242
accuracy: 0.9277
recall: 0.8809
precision: 0.9721
====================================================================================================
content_name: query_panama-facts
f1-score: 0.8451
accuracy: 0.8483
recall: 0.8219
precision: 0.8696
====================================================================================================
content_name: query_scotland-facts
f1-score: 0.8776
accuracy: 0.8812
recall: 0.8431
precision: 0.9149
====================================================================================================
content_name: query_portugal-facts
f1-score: 0.823
accuracy: 0.8186
recall: 0.8431
precision: 0.8037
====================================================================================================
content_name: query_ancient-greece-facts
f1-score: 0.832
accuracy: 0.7981
recall: 1.0
precision: 0.7123
====================================================================================================
content_name: query_country-facts
f1-score: 0.6761
accuracy: 0.7061
recall: 0.6115
precision: 0.7559
====================================================================================================
content_name: query_russia-facts
f1-score: 0.8298
accuracy: 0.8408
recall: 0.7723
precision: 0.8966
====================================================================================================
content_name: query_afghanistan-facts
f1-score: 0.8333
accuracy: 0.8529
recall: 0.7353
precision: 0.9615
====================================================================================================
content_name: query_north-korea-facts
f1-score: 0.987
accuracy: 0.9872
recall: 0.9744
precision: 1.0
====================================================================================================
content_name: query_brazil-facts
f1-score: 0.8046
accuracy: 0.7703
recall: 0.9459
precision: 0.7
====================================================================================================
content_name: query_venezuela-facts
f1-score: 0.8
accuracy: 0.7794
recall: 0.8824
precision: 0.7317
====================================================================================================
content_name: query_israel-facts
f1-score: 0.8927
accuracy: 0.8902
recall: 0.908
precision: 0.8778
====================================================================================================
content_name: query_argentina-facts
f1-score: 0.7
accuracy: 0.7143
recall: 0.6632
precision: 0.7412
====================================================================================================
content_name: query_switzerland-facts
f1-score: 0.9737
accuracy: 0.9742
recall: 0.9487
precision: 1.0
====================================================================================================
content_name: query_philippines-facts
f1-score: 0.875
accuracy: 0.87
recall: 0.91
precision: 0.8426
====================================================================================================
content_name: query_haiti-facts
f1-score: 0.9617
accuracy: 0.963
recall: 0.9263
precision: 1.0
====================================================================================================
content_name: query_iceland-facts
f1-score: 0.9674
accuracy: 0.9676
recall: 0.957
precision: 0.978
====================================================================================================
content_name: query_canada-facts
f1-score: 0.7985
accuracy: 0.7754
recall: 0.8898
precision: 0.7241
====================================================================================================
content_name: query_facts-about-greece
f1-score: 0.9399
accuracy: 0.9393
recall: 0.95
precision: 0.9301
====================================================================================================
content_name: query_poland-facts
f1-score: 0.8783
accuracy: 0.8793
recall: 0.8707
precision: 0.886
====================================================================================================
content_name: query_greenland-facts
f1-score: 1.0
accuracy: 1.0
recall: 1.0
precision: 1.0
====================================================================================================
content_name: query_colombia-facts
f1-score: 0.934
accuracy: 0.9355
recall: 0.9083
precision: 0.9612
====================================================================================================
content_name: query_mexico-facts
f1-score: 0.7935
accuracy: 0.8207
recall: 0.6872
precision: 0.9389
====================================================================================================
content_name: query_germany-facts
f1-score: 0.8136
accuracy: 0.8364
recall: 0.7111
precision: 0.9505
====================================================================================================
content_name: query_belgium-facts
f1-score: 0.7081
accuracy: 0.765
recall: 0.57
precision: 0.9344
====================================================================================================
content_name: query_ecuador-facts
f1-score: 0.9367
accuracy: 0.9379
recall: 0.9136
precision: 0.961
====================================================================================================
content_name: query_spain-facts
f1-score: 0.9053
accuracy: 0.9078
recall: 0.8776
precision: 0.9348
====================================================================================================
content_name: query_egypt-facts
f1-score: 0.9164
accuracy: 0.9167
recall: 0.9133
precision: 0.9195
====================================================================================================
content_name: query_honduras-facts
f1-score: 0.8851
accuracy: 0.8817
recall: 0.9059
precision: 0.8652
====================================================================================================
content_name: query_sweden-facts
f1-score: 0.8954
accuracy: 0.8951
recall: 0.8954
precision: 0.8954
====================================================================================================
content_name: query_japan-facts
f1-score: 0.7574
accuracy: 0.8028
recall: 0.6138
precision: 0.9889
====================================================================================================
content_name: query_turkey-facts
f1-score: 0.8612
accuracy: 0.8497
recall: 0.9278
precision: 0.8036
====================================================================================================
content_name: query_hong-kong-facts
f1-score: 0.8868
accuracy: 0.8909
recall: 0.8545
precision: 0.9216
====================================================================================================
content_name: query_iran-facts
f1-score: 0.7679
accuracy: 0.7636
recall: 0.7818
precision: 0.7544
====================================================================================================
content_name: query_italy-facts
f1-score: 0.8643
accuracy: 0.8601
recall: 0.8866
precision: 0.8431
====================================================================================================
content_name: query_bolivia-facts
f1-score: 0.8202
accuracy: 0.8408
recall: 0.7228
precision: 0.9481
====================================================================================================
content_name: query_south-korea-facts
f1-score: 0.8692
accuracy: 0.8789
recall: 0.8047
precision: 0.945
====================================================================================================
content_name: query_china-facts
f1-score: 0.8988
accuracy: 0.8958
recall: 0.925
precision: 0.874
====================================================================================================
content_name: query_denmark-facts
f1-score: 0.9338
accuracy: 0.9377
recall: 0.8758
precision: 1.0
====================================================================================================
content_name: query_singapore-facts
f1-score: 0.8984
accuracy: 0.9
recall: 0.8846
precision: 0.9127
====================================================================================================
content_name: query_norway-facts
f1-score: 0.8596
accuracy: 0.8681
recall: 0.8077
precision: 0.9187
====================================================================================================
content_name: query_new-zealand-facts
f1-score: 0.8108
accuracy: 0.8409
recall: 0.6818
precision: 1.0
====================================================================================================
content_name: query_vietnam-facts
f1-score: 0.8284
accuracy: 0.8408
recall: 0.7655
precision: 0.9024
====================================================================================================
content_name: query_guatemala-facts
f1-score: 0.7577
accuracy: 0.7465
recall: 0.789
precision: 0.7288
====================================================================================================
content_name: query_dominican-republic-facts
f1-score: 0.9224
accuracy: 0.9231
recall: 0.9099
precision: 0.9352
====================================================================================================
content_name: query_mongolia-facts
f1-score: 0.9357
accuracy: 0.9392
recall: 0.8791
precision: 1.0
====================================================================================================
content_name: query_puerto-rico-facts
f1-score: 0.8157
accuracy: 0.8278
recall: 0.7591
precision: 0.8814
====================================================================================================
content_name: query_thailand-facts
f1-score: 0.75
accuracy: 0.7746
recall: 0.6761
precision: 0.8421
====================================================================================================
content_name: query_india-facts
f1-score: 0.8959
accuracy: 0.8991
recall: 0.8684
precision: 0.9252
====================================================================================================
content_name: query_panama-canal-facts
f1-score: 0.9159
accuracy: 0.9224
recall: 0.8448
precision: 1.0
====================================================================================================
content_name: query_victoria-falls-facts
f1-score: 0.9434
accuracy: 0.9423
recall: 0.9615
precision: 0.9259
====================================================================================================
content_name: query_colosseum-facts
f1-score: 0.9899
accuracy: 0.99
recall: 0.98
precision: 1.0
====================================================================================================
content_name: query_winchester-house-facts
f1-score: 0.8136
accuracy: 0.7905
recall: 0.9057
precision: 0.7385
====================================================================================================
content_name: query_sydney-opera-house-facts
f1-score: 0.9744
accuracy: 0.975
recall: 0.95
precision: 1.0
====================================================================================================
content_name: query_niagara-falls-facts
f1-score: 0.9159
accuracy: 0.9224
recall: 0.8448
precision: 1.0
====================================================================================================
content_name: query_buckingham-palace-facts
f1-score: 0.9346
accuracy: 0.9333
recall: 0.9434
precision: 0.9259
====================================================================================================
content_name: query_big-ben-facts
f1-score: 0.9048
accuracy: 0.8974
recall: 0.9744
precision: 0.8444
====================================================================================================
content_name: query_stonehenge-facts
f1-score: 0.9905
accuracy: 0.9905
recall: 0.9811
precision: 1.0
====================================================================================================
content_name: query_eiffel-tower-facts
f1-score: 0.9224
accuracy: 0.9181
recall: 0.9741
precision: 0.876
====================================================================================================
content_name: query_area-51-facts
f1-score: 0.9485
accuracy: 0.95
recall: 0.92
precision: 0.9787
====================================================================================================
content_name: query_statue-of-liberty-facts
f1-score: 0.93
accuracy: 0.9259
recall: 0.9789
precision: 0.8857
====================================================================================================
content_name: query_nevada-facts
f1-score: 0.6125
accuracy: 0.6847
recall: 0.497
precision: 0.7981
====================================================================================================
content_name: query_yellowstone-national-park-facts
f1-score: 0.86
accuracy: 0.875
recall: 0.7679
precision: 0.9773
====================================================================================================
content_name: query_grand-canyon-national-park-facts
f1-score: 0.7985
accuracy: 0.8265
recall: 0.6855
precision: 0.9561
====================================================================================================
content_name: query_burj-khalifa-facts
f1-score: 0.9104
accuracy: 0.9118
recall: 0.8971
precision: 0.9242
====================================================================================================
content_name: query_golden-gate-bridge-facts
f1-score: 0.9316
accuracy: 0.9325
recall: 0.916
precision: 0.9478
====================================================================================================
content_name: query_notre-dame-cathedral-facts
f1-score: 1.0
accuracy: 1.0
recall: 1.0
precision: 1.0
====================================================================================================
content_name: query_machu-picchu-facts
f1-score: 0.8224
accuracy: 0.8304
recall: 0.7857
precision: 0.8627
====================================================================================================
content_name: query_mount-rushmore-facts
f1-score: 0.8219
accuracy: 0.8227
recall: 0.8182
precision: 0.8257
====================================================================================================
content_name: query_virginia-plan-vs-new-jersey-plan
f1-score: 0.9516
accuracy: 0.9531
recall: 0.9219
precision: 0.9833
====================================================================================================
content_name: query_new-hampshire-facts
f1-score: 0.7578
accuracy: 0.7692
recall: 0.7176
precision: 0.8026
====================================================================================================
content_name: query_south-carolina-facts
f1-score: 0.7013
accuracy: 0.7278
recall: 0.6353
precision: 0.7826
====================================================================================================
content_name: query_new-york-state-facts
f1-score: 0.654
accuracy: 0.6762
recall: 0.6099
precision: 0.7049
====================================================================================================
content_name: query_nebraska-facts
f1-score: 0.6154
accuracy: 0.6951
recall: 0.4878
precision: 0.8333
====================================================================================================
content_name: query_ohio-facts
f1-score: 0.8031
accuracy: 0.8132
recall: 0.7591
precision: 0.8525
====================================================================================================
content_name: query_maine-facts
f1-score: 0.7692
accuracy: 0.7898
recall: 0.6962
precision: 0.8594
====================================================================================================
content_name: query_missouri-facts
f1-score: 0.6465
accuracy: 0.6714
recall: 0.5981
precision: 0.7033
====================================================================================================
content_name: query_minnesota-facts
f1-score: 0.6256
accuracy: 0.678
recall: 0.5379
precision: 0.7474
====================================================================================================
content_name: query_wisconsin-facts
f1-score: 0.7071
accuracy: 0.6723
recall: 0.7865
precision: 0.6422
====================================================================================================
content_name: query_michigan-facts
f1-score: 0.6477
accuracy: 0.6754
recall: 0.5948
precision: 0.7109
====================================================================================================
content_name: query_maryland-facts
f1-score: 0.7059
accuracy: 0.7452
recall: 0.6076
precision: 0.8421
====================================================================================================
content_name: query_kansas-facts
f1-score: 0.7934
accuracy: 0.7992
recall: 0.768
precision: 0.8205
====================================================================================================
content_name: query_indiana-facts
f1-score: 0.6323
accuracy: 0.6174
recall: 0.6533
precision: 0.6125
====================================================================================================
content_name: query_rhode-island-facts
f1-score: 0.7483
accuracy: 0.7132
recall: 0.8462
precision: 0.6707
====================================================================================================
content_name: query_virginia-facts
f1-score: 0.7573
accuracy: 0.7525
recall: 0.7647
precision: 0.75
====================================================================================================
content_name: query_north-carolina-facts
f1-score: 0.7854
accuracy: 0.7602
recall: 0.8739
precision: 0.7132
====================================================================================================
content_name: query_illinois-facts
f1-score: 0.6311
accuracy: 0.6498
recall: 0.5969
precision: 0.6696
====================================================================================================
content_name: query_new-mexico-facts
f1-score: 0.7742
accuracy: 0.7712
recall: 0.7792
precision: 0.7692
====================================================================================================
content_name: query_us-states-facts
f1-score: 0.8358
accuracy: 0.8333
recall: 0.8485
precision: 0.8235
====================================================================================================
content_name: query_oregon-facts
f1-score: 0.7619
accuracy: 0.7656
recall: 0.75
precision: 0.7742
====================================================================================================
content_name: query_texas-facts
f1-score: 0.8387
accuracy: 0.8227
recall: 0.9155
precision: 0.7738
====================================================================================================
content_name: query_pennsylvania-facts
f1-score: 0.7308
accuracy: 0.7157
recall: 0.7677
precision: 0.6972
====================================================================================================
content_name: query_connecticut-facts
f1-score: 0.8525
accuracy: 0.8393
recall: 0.9286
precision: 0.7879
====================================================================================================
content_name: query_louisiana-facts
f1-score: 0.3358
accuracy: 0.5539
recall: 0.2255
precision: 0.6571
====================================================================================================
content_name: query_hawaii-facts
f1-score: 0.75
accuracy: 0.7614
recall: 0.7159
precision: 0.7875
====================================================================================================
content_name: query_alaska-facts
f1-score: 0.8302
accuracy: 0.8224
recall: 0.8684
precision: 0.7952
====================================================================================================
content_name: query_kentucky-facts
f1-score: 0.7397
accuracy: 0.686
recall: 0.8852
precision: 0.6353
====================================================================================================
content_name: query_montana-facts
f1-score: 0.835
accuracy: 0.8462
recall: 0.7748
precision: 0.9053
====================================================================================================
content_name: query_biology-facts
f1-score: 0.7101
accuracy: 0.7083
recall: 0.7143
precision: 0.7059
====================================================================================================
content_name: query_bacteria-facts
f1-score: 0.7917
accuracy: 0.7521
recall: 0.9344
precision: 0.6867
====================================================================================================
content_name: query_lithium-facts
f1-score: 0.8649
accuracy: 0.8558
recall: 0.9231
precision: 0.8136
====================================================================================================
content_name: query_chemistry-facts
f1-score: 0.648
accuracy: 0.6408
recall: 0.6585
precision: 0.6378
====================================================================================================
content_name: query_gold-facts
f1-score: 0.885
accuracy: 0.875
recall: 0.9615
precision: 0.8197
====================================================================================================
content_name: query_taiga-biomes-facts
f1-score: 0.6707
accuracy: 0.7027
recall: 0.6022
precision: 0.7568
====================================================================================================
content_name: query_deforestation-facts
f1-score: 0.8976
accuracy: 0.9023
recall: 0.8507
precision: 0.95
====================================================================================================
content_name: query_desert-facts
f1-score: 0.7458
accuracy: 0.7143
recall: 0.8302
precision: 0.6769
====================================================================================================
content_name: query_geography-facts
f1-score: 0.763
accuracy: 0.7684
recall: 0.7416
precision: 0.7857
====================================================================================================
content_name: query_rainforest-facts
f1-score: 0.9016
accuracy: 0.8974
recall: 0.9322
precision: 0.873
====================================================================================================
content_name: query_great-pacific-garbage-patch-facts
f1-score: 0.8305
accuracy: 0.8165
recall: 0.8909
precision: 0.7778
====================================================================================================
content_name: query_weather-facts
f1-score: 0.6604
accuracy: 0.7188
recall: 0.5469
precision: 0.8333
====================================================================================================
content_name: query_technology-facts
f1-score: 0.7543
accuracy: 0.7806
recall: 0.6735
precision: 0.8571
====================================================================================================
content_name: query_car-facts
f1-score: 0.9209
accuracy: 0.9257
recall: 0.8649
precision: 0.9846
====================================================================================================
content_name: query_apollo-11-facts
f1-score: 0.9615
accuracy: 0.9625
recall: 0.9375
precision: 0.9868
====================================================================================================
content_name: query_linkedin-facts
f1-score: 0.8504
accuracy: 0.8311
recall: 0.9572
precision: 0.765
====================================================================================================
content_name: query_paypal-facts
f1-score: 0.8342
accuracy: 0.8239
recall: 0.8864
precision: 0.7879
====================================================================================================
content_name: query_yahoo-facts
f1-score: 0.858
accuracy: 0.8414
recall: 0.9548
precision: 0.7789
====================================================================================================
content_name: query_whatsapp-facts
f1-score: 0.7287
accuracy: 0.7819
recall: 0.5839
precision: 0.9691
====================================================================================================
content_name: query_airbnb-facts
f1-score: 0.8343
accuracy: 0.8205
recall: 0.9038
precision: 0.7747
====================================================================================================
content_name: query_amazon-facts
f1-score: 0.7225
accuracy: 0.6997
recall: 0.7797
precision: 0.6732
====================================================================================================
content_name: query_internet-facts
f1-score: 0.8134
accuracy: 0.8377
recall: 0.7078
precision: 0.9561
====================================================================================================
content_name: query_hispanic-culture-facts
f1-score: 0.7687
accuracy: 0.7198
recall: 0.931
precision: 0.6545
====================================================================================================
content_name: query_egyptian-gods-and-goddesses
f1-score: 0.7634
accuracy: 0.7143
recall: 0.9174
precision: 0.6536
====================================================================================================
content_name: query_the-mayans-facts
f1-score: 0.9134
accuracy: 0.9173
recall: 0.8657
precision: 0.9667
====================================================================================================
content_name: query_culture-facts
f1-score: 0.5676
accuracy: 0.5
recall: 0.6563
precision: 0.5
====================================================================================================
content_name: query_st-patricks-day-facts
f1-score: 0.8769
accuracy: 0.8632
recall: 0.9661
precision: 0.8028
====================================================================================================
content_name: query_thanksgiving-facts
f1-score: 0.9375
accuracy: 0.94
recall: 0.9
precision: 0.9783
====================================================================================================
content_name: query_valentines-day-facts
f1-score: 0.7518
accuracy: 0.7009
recall: 0.8983
precision: 0.6463
====================================================================================================
content_name: query_language-facts
f1-score: 0.8932
accuracy: 0.9018
recall: 0.8214
precision: 0.9787
====================================================================================================
content_name: query_korean-war-facts
f1-score: 0.8037
accuracy: 0.7941
recall: 0.8431
precision: 0.7679
====================================================================================================
content_name: query_historical-events-facts
f1-score: 0.6075
accuracy: 0.683
recall: 0.4887
precision: 0.8025
====================================================================================================
content_name: query_911-facts
f1-score: 0.5385
accuracy: 0.6436
recall: 0.4118
precision: 0.7778
====================================================================================================
content_name: query_ww2-facts
f1-score: 0.8024
accuracy: 0.7705
recall: 0.9315
precision: 0.7047
====================================================================================================
content_name: query_boston-tea-party-facts
f1-score: 0.931
accuracy: 0.9259
recall: 1.0
precision: 0.871
====================================================================================================
content_name: query_pearl-harbor-facts
f1-score: 0.8199
accuracy: 0.8362
recall: 0.7416
precision: 0.9167
====================================================================================================
content_name: query_auschwitz-facts
f1-score: 0.866
accuracy: 0.8807
recall: 0.7636
precision: 1.0
====================================================================================================
content_name: query_4th-of-july-facts
f1-score: 0.9126
accuracy: 0.9143
recall: 0.8868
precision: 0.94
====================================================================================================
content_name: query_cinco-de-mayo-facts
f1-score: 0.855
accuracy: 0.8362
recall: 0.9655
precision: 0.7671
====================================================================================================
content_name: query_ww1-facts
f1-score: 0.7395
accuracy: 0.7033
recall: 0.8394
precision: 0.6609
====================================================================================================
content_name: query_andre-the-giant-facts
f1-score: 0.8142
accuracy: 0.825
recall: 0.7667
precision: 0.8679
====================================================================================================
content_name: query_mother-teresa-facts
f1-score: 0.812
accuracy: 0.7984
recall: 0.871
precision: 0.7606
====================================================================================================
content_name: query_hades-facts
f1-score: 0.7236
accuracy: 0.6792
recall: 0.8396
precision: 0.6357
====================================================================================================
content_name: query_hera-facts
f1-score: 0.918
accuracy: 0.9223
recall: 0.866
precision: 0.9767
====================================================================================================
content_name: query_jesus-facts
f1-score: 0.9485
accuracy: 0.95
recall: 0.92
precision: 0.9787
====================================================================================================
content_name: query_people-facts
f1-score: 0.3571
accuracy: 0.5755
recall: 0.2358
precision: 0.7353
====================================================================================================
content_name: query_oprah-winfrey-facts
f1-score: 0.9804
accuracy: 0.9808
recall: 0.9615
precision: 1.0
====================================================================================================
content_name: query_julius-caesar-facts
f1-score: 0.3916
accuracy: 0.5817
recall: 0.2692
precision: 0.7179
====================================================================================================
content_name: query_william-shakespeare-facts
f1-score: 0.9156
accuracy: 0.914
recall: 0.9279
precision: 0.9035
====================================================================================================
content_name: query_florence-nightingale-facts
f1-score: 0.9216
accuracy: 0.9231
recall: 0.9038
precision: 0.94
====================================================================================================
content_name: query_bill-gates-facts
f1-score: 0.957
accuracy: 0.9577
recall: 0.9368
precision: 0.978
====================================================================================================
content_name: query_alexander-the-great-facts
f1-score: 0.906
accuracy: 0.8981
recall: 0.9815
precision: 0.8413
====================================================================================================
content_name: query_michael-jackson-facts
f1-score: 0.8824
accuracy: 0.873
recall: 0.9474
precision: 0.8257
====================================================================================================
content_name: query_neil-armstrong-facts
f1-score: 0.8403
accuracy: 0.8257
recall: 0.9091
precision: 0.7812
====================================================================================================
content_name: query_george-washington-facts
f1-score: 0.9293
accuracy: 0.9333
recall: 0.8679
precision: 1.0
====================================================================================================
content_name: query_marilyn-monroe-facts
f1-score: 0.94
accuracy: 0.94
recall: 0.94
precision: 0.94
====================================================================================================
content_name: query_cleopatra-facts
f1-score: 0.9574
accuracy: 0.9577
recall: 0.9474
precision: 0.9677
====================================================================================================
content_name: query_the-beatles-facts
f1-score: 0.8699
accuracy: 0.8837
recall: 0.7748
precision: 0.9915
====================================================================================================
content_name: query_martin-luther-king-jr-facts
f1-score: 0.9344
accuracy: 0.931
recall: 0.9828
precision: 0.8906
====================================================================================================
content_name: query_bruce-lee-facts
f1-score: 0.9241
accuracy: 0.9231
recall: 0.9359
precision: 0.9125
====================================================================================================
content_name: query_michael-jordan-facts
f1-score: 0.9778
accuracy: 0.9778
recall: 0.9778
precision: 0.9778
====================================================================================================
content_name: query_beethoven-facts
f1-score: 0.9655
accuracy: 0.9667
recall: 0.9333
precision: 1.0
====================================================================================================
content_name: query_marie-curie-facts
f1-score: 1.0
accuracy: 1.0
recall: 1.0
precision: 1.0
====================================================================================================
content_name: query_pablo-escobar-facts
f1-score: 0.9464
accuracy: 0.9464
recall: 0.9464
precision: 0.9464
====================================================================================================
content_name: query_poseidon-facts
f1-score: 0.9937
accuracy: 0.9938
recall: 0.9875
precision: 1.0
====================================================================================================
content_name: query_aphrodite-facts
f1-score: 0.9836
accuracy: 0.9838
recall: 0.9677
precision: 1.0
====================================================================================================
content_name: query_maya-angelou-facts
f1-score: 0.8171
accuracy: 0.8077
recall: 0.859
precision: 0.7791
====================================================================================================
content_name: query_mozart-facts
f1-score: 0.9759
accuracy: 0.9758
recall: 0.9759
precision: 0.9759
====================================================================================================
content_name: query_donald-trump-facts
f1-score: 0.8773
accuracy: 0.8904
recall: 0.7815
precision: 1.0
====================================================================================================
content_name: query_us-presidents-facts
f1-score: 0.9072
accuracy: 0.9126
recall: 0.8516
precision: 0.9706
====================================================================================================
content_name: query_women-leaders-facts
f1-score: 0.8762
accuracy: 0.8889
recall: 0.7797
precision: 1.0
====================================================================================================
content_name: query_steve-jobs-facts
f1-score: 0.8824
accuracy: 0.8678
recall: 0.9836
precision: 0.8
====================================================================================================
content_name: query_barack-obama-facts
f1-score: 0.9205
accuracy: 0.9222
recall: 0.9
precision: 0.9419
====================================================================================================
content_name: query_confucius-facts
f1-score: 0.902
accuracy: 0.9083
recall: 0.8364
precision: 0.9787
====================================================================================================
content_name: query_pythagoras-facts
f1-score: 0.7612
accuracy: 0.7265
recall: 0.8644
precision: 0.68
====================================================================================================
content_name: query_buddhism-facts
f1-score: 0.7857
accuracy: 0.746
recall: 0.9263
precision: 0.6822
====================================================================================================
content_name: query_bible-facts
f1-score: 0.8519
accuracy: 0.8416
recall: 0.902
precision: 0.807
====================================================================================================
content_name: query_easter-facts
f1-score: 0.7188
accuracy: 0.7081
recall: 0.7419
precision: 0.697
====================================================================================================
content_name: query_entertainment-facts
f1-score: 0.5227
accuracy: 0.58
recall: 0.46
precision: 0.6053
====================================================================================================
content_name: query_my-cousin-vinny-facts
f1-score: 0.7473
accuracy: 0.781
recall: 0.6415
precision: 0.8947
====================================================================================================
content_name: query_friends-facts
f1-score: 0.8209
accuracy: 0.8378
recall: 0.7432
precision: 0.9167
====================================================================================================
content_name: query_star-wars-facts
f1-score: 0.8444
accuracy: 0.8542
recall: 0.7917
precision: 0.9048
====================================================================================================
content_name: query_christmas-songs
f1-score: 0.7874
accuracy: 0.73
recall: 1.0
precision: 0.6494
====================================================================================================
content_name: query_tiktok-facts
f1-score: 0.7782
accuracy: 0.7254
recall: 0.9588
precision: 0.6549
====================================================================================================
content_name: query_rock-paper-scissors-facts
f1-score: 0.752
accuracy: 0.69
recall: 0.94
precision: 0.6267
====================================================================================================
content_name: query_lego-facts
f1-score: 0.9162
accuracy: 0.9107
recall: 0.9762
precision: 0.8632
====================================================================================================
content_name: query_disney-facts
f1-score: 0.7789
accuracy: 0.7831
recall: 0.7645
precision: 0.794
====================================================================================================
content_name: query_spotify-facts
f1-score: 0.8588
accuracy: 0.8476
recall: 0.9268
precision: 0.8
====================================================================================================
content_name: query_netflix-facts
f1-score: 0.9048
accuracy: 0.9093
recall: 0.8588
precision: 0.956
====================================================================================================
content_name: query_harry-potter-facts
f1-score: 0.83
accuracy: 0.8532
recall: 0.7143
precision: 0.9906
====================================================================================================
content_name: query_marvel-facts
f1-score: 0.907
accuracy: 0.9093
recall: 0.885
precision: 0.9302
====================================================================================================
content_name: query_bts-facts
f1-score: 0.8744
accuracy: 0.8798
recall: 0.8365
precision: 0.9158
====================================================================================================
content_name: query_minecraft-facts
f1-score: 0.8399
accuracy: 0.8544
recall: 0.7613
precision: 0.9365
====================================================================================================
content_name: query_pokemon-facts
f1-score: 0.8542
accuracy: 0.8564
recall: 0.8392
precision: 0.8698
====================================================================================================
content_name: query_books-facts
f1-score: 0.9305
accuracy: 0.9297
recall: 0.9355
precision: 0.9255
====================================================================================================
content_name: query_lord-of-the-rings-facts
f1-score: 0.8039
accuracy: 0.8347
recall: 0.6721
precision: 1.0
====================================================================================================
content_name: query_video-game-facts
f1-score: 0.7097
accuracy: 0.6875
recall: 0.7639
precision: 0.6627
====================================================================================================
content_name: query_food-facts
f1-score: 0.7134
accuracy: 0.7361
recall: 0.655
precision: 0.7832
====================================================================================================
content_name: query_chocolate-facts
f1-score: 0.7544
accuracy: 0.7172
recall: 0.8658
precision: 0.6684
====================================================================================================
content_name: query_strawberry-facts
f1-score: 0.8788
accuracy: 0.8632
recall: 0.9831
precision: 0.7945
====================================================================================================
content_name: query_nutella-facts
f1-score: 0.8099
accuracy: 0.8034
recall: 0.8305
precision: 0.7903
====================================================================================================
content_name: query_watermelon-facts
f1-score: 0.8125
accuracy: 0.8017
recall: 0.8525
precision: 0.7761
====================================================================================================
content_name: query_cornflakes-facts
f1-score: 0.8264
accuracy: 0.7981
recall: 0.9615
precision: 0.7246
====================================================================================================
content_name: query_breakfast-around-the-world
f1-score: 0.7786
accuracy: 0.7212
recall: 0.9808
precision: 0.6456
====================================================================================================
content_name: query_pizza-hut-facts
f1-score: 0.8701
accuracy: 0.8567
recall: 0.9565
precision: 0.7979
====================================================================================================
content_name: query_starbucks-facts
f1-score: 0.6892
accuracy: 0.5477
recall: 1.0
precision: 0.5258
====================================================================================================
content_name: query_beer-facts
f1-score: 0.8367
accuracy: 0.814
recall: 0.9535
precision: 0.7455
====================================================================================================
content_name: query_mcdonalds-facts
f1-score: 0.7975
accuracy: 0.7841
recall: 0.8477
precision: 0.7529
====================================================================================================
content_name: query_coca-cola-facts
f1-score: 0.8056
accuracy: 0.776
recall: 0.9206
precision: 0.716
====================================================================================================
content_name: query_pizza-facts
f1-score: 0.7322
accuracy: 0.7179
recall: 0.7714
precision: 0.6968
====================================================================================================
content_name: query_ice-cream-facts
f1-score: 0.8174
accuracy: 0.8073
recall: 0.8545
precision: 0.7833
====================================================================================================
content_name: query_avocado-facts
f1-score: 0.7934
accuracy: 0.7596
recall: 0.9231
precision: 0.6957
====================================================================================================
content_name: query_pineapple-facts
f1-score: 0.9
accuracy: 0.9083
recall: 0.8182
precision: 1.0
====================================================================================================
content_name: query_coffee-facts
f1-score: 0.7761
accuracy: 0.7321
recall: 0.9286
precision: 0.6667
====================================================================================================
content_name: query_wine-facts
f1-score: 0.8475
accuracy: 0.8276
recall: 0.9542
precision: 0.7622
====================================================================================================
content_name: query_egg-facts
f1-score: 0.8246
accuracy: 0.8
recall: 0.94
precision: 0.7344
====================================================================================================
content_name: query_health-facts
f1-score: 0.6557
accuracy: 0.6546
recall: 0.6579
precision: 0.6536
====================================================================================================
content_name: query_sports-facts
f1-score: 0.5691
accuracy: 0.6268
recall: 0.493
precision: 0.6731
====================================================================================================
content_name: query_soccer-facts
f1-score: 0.8778
accuracy: 0.8836
recall: 0.8316
precision: 0.9294
====================================================================================================
content_name: query_basketball-facts
f1-score: 0.7419
accuracy: 0.6667
recall: 0.9583
precision: 0.6053
====================================================================================================
content_name: query_baseball-facts
f1-score: 0.8427
accuracy: 0.8451
recall: 0.8272
precision: 0.8587
====================================================================================================
content_name: query_espn-facts
f1-score: 0.8828
accuracy: 0.8712
recall: 0.9697
precision: 0.8101
====================================================================================================
content_name: query_golf-facts
f1-score: 0.8966
accuracy: 0.8837
recall: 1.0
precision: 0.8125
====================================================================================================
content_name: query_running-facts
f1-score: 0.8531
accuracy: 0.8567
recall: 0.8299
precision: 0.8777
====================================================================================================
content_name: query_little-red-flying-fox-facts
f1-score: 0.4198
accuracy: 0.5648
recall: 0.3148
precision: 0.6296
====================================================================================================
content_name: query_types-of-starfish
f1-score: 0.9244
accuracy: 0.9267
recall: 0.8966
precision: 0.9541
====================================================================================================
content_name: query_black-bear-facts
f1-score: 0.781
accuracy: 0.781
recall: 0.7736
precision: 0.7885
====================================================================================================
content_name: query_hippo-facts
f1-score: 0.2128
accuracy: 0.5034
recall: 0.1333
precision: 0.5263
====================================================================================================
content_name: query_cow-facts
f1-score: 0.7414
accuracy: 0.7222
recall: 0.7963
precision: 0.6935
====================================================================================================
content_name: query_red-tailed-hawk-facts
f1-score: 0.8594
accuracy: 0.85
recall: 0.9167
precision: 0.8088
====================================================================================================
content_name: query_pigeon-facts
f1-score: 0.86
accuracy: 0.8654
recall: 0.8269
precision: 0.8958
====================================================================================================
content_name: query_animal-facts
f1-score: 0.7042
accuracy: 0.6645
recall: 0.7962
precision: 0.6313
====================================================================================================
content_name: query_rabbit-facts
f1-score: 0.9048
accuracy: 0.9008
recall: 0.9344
precision: 0.8769
====================================================================================================
content_name: query_golden-retriever-facts
f1-score: 0.8741
accuracy: 0.8547
recall: 1.0
precision: 0.7763
====================================================================================================
content_name: query_bobcat-facts
f1-score: 0.7972
accuracy: 0.75
recall: 0.9828
precision: 0.6706
====================================================================================================
content_name: query_frog-facts
f1-score: 0.8369
accuracy: 0.8034
recall: 1.0
precision: 0.7195
====================================================================================================
content_name: query_penguin-facts
f1-score: 0.9123
accuracy: 0.9038
recall: 1.0
precision: 0.8387
====================================================================================================
content_name: query_cat-facts
f1-score: 0.8372
accuracy: 0.8056
recall: 1.0
precision: 0.72
====================================================================================================
content_name: query_corgi-facts
f1-score: 0.8952
accuracy: 0.9052
recall: 0.8103
precision: 1.0
====================================================================================================
content_name: query_otter-facts
f1-score: 0.8376
accuracy: 0.8190
recall: 0.9245
precision: 0.7656
====================================================================================================
content_name: query_lobster-facts
f1-score: 0.8302
accuracy: 0.8157
recall: 0.898
precision: 0.7719
====================================================================================================
content_name: query_fish-facts
f1-score: 0.7511
accuracy: 0.7454
recall: 0.7685
precision: 0.7345
====================================================================================================
content_name: query_bug-facts
f1-score: 0.8707
accuracy: 0.8571
recall: 0.9552
precision: 0.8
====================================================================================================
content_name: query_megalodon-facts
f1-score: 0.8732
accuracy: 0.856
recall: 0.9841
precision: 0.7848
====================================================================================================
content_name: query_lion-facts
f1-score: 0.8435
accuracy: 0.8145
recall: 1.0
precision: 0.7294
====================================================================================================
content_name: query_owl-facts
f1-score: 0.7706
accuracy: 0.7297
recall: 0.9032
precision: 0.672
====================================================================================================
content_name: query_bat-facts
f1-score: 0.7461
accuracy: 0.7158
recall: 0.8322
precision: 0.6761
====================================================================================================
content_name: query_bee-facts
f1-score: 0.9762
accuracy: 0.9758
recall: 0.9919
precision: 0.9609
====================================================================================================
content_name: query_tiger-facts
f1-score: 0.8324
accuracy: 0.7986
recall: 1.0
precision: 0.7129
====================================================================================================
content_name: query_monarch-butterfly-facts
f1-score: 0.9167
accuracy: 0.9138
recall: 0.9483
precision: 0.8871
====================================================================================================
content_name: query_killer-whale-facts
f1-score: 0.8031
accuracy: 0.7525
recall: 1.0
precision: 0.6711
====================================================================================================
content_name: query_horse-facts
f1-score: 0.8439
accuracy: 0.8364
recall: 0.8795
precision: 0.8111
====================================================================================================
content_name: query_bear-facts
f1-score: 0.8843
accuracy: 0.8733
recall: 0.9640
precision: 0.8168
====================================================================================================
content_name: query_elephant-facts
f1-score: 0.8588
accuracy: 0.8389
recall: 0.9733
precision: 0.7684
====================================================================================================
content_name: query_dolphin-facts
f1-score: 0.8175
accuracy: 0.7768
recall: 1.0
precision: 0.6914
====================================================================================================
content_name: query_wolf-facts
f1-score: 0.75
accuracy: 0.7179
recall: 0.8462
precision: 0.6735
====================================================================================================
content_name: query_chihuahua-facts
f1-score: 0.9811
accuracy: 0.9809
recall: 0.9905
precision: 0.972
====================================================================================================
content_name: query_siberian-husky-facts
f1-score: 0.7364
accuracy: 0.7018
recall: 0.8333
precision: 0.6597
====================================================================================================
content_name: query_whale-facts
f1-score: 0.784
accuracy: 0.7429
recall: 0.9245
precision: 0.6806
====================================================================================================
content_name: query_snake-facts
f1-score: 0.8898
accuracy: 0.8795
recall: 0.9732
precision: 0.8195
====================================================================================================
content_name: query_chicken-facts
f1-score: 0.7692
accuracy: 0.7273
recall: 0.9091
precision: 0.6667
====================================================================================================
content_name: query_monkey-facts
f1-score: 0.8072
accuracy: 0.7663
recall: 0.9783
precision: 0.687
====================================================================================================
content_name: query_camel-facts
f1-score: 0.8911
accuracy: 0.89
recall: 0.9
precision: 0.8824
====================================================================================================
content_name: query_parasite-facts
f1-score: 0.76
accuracy: 0.7209
recall: 0.8808
precision: 0.6683
====================================================================================================
content_name: query_shark-facts
f1-score: 0.7919
accuracy: 0.7417
recall: 0.9833
precision: 0.6629
====================================================================================================
content_name: query_human-body-facts
f1-score: 0.7674
accuracy: 0.7179
recall: 0.927
precision: 0.6546
====================================================================================================
content_name: query_redhead-facts
f1-score: 0.8516
accuracy: 0.8403
recall: 0.9167
precision: 0.7952
====================================================================================================
content_name: query_baby-facts
f1-score: 0.7778
accuracy: 0.7237
recall: 0.9671
precision: 0.6504
====================================================================================================
content_name: query_sex-facts
f1-score: 0.8239
accuracy: 0.8
recall: 0.9357
precision: 0.736
====================================================================================================
content_name: query_plant-facts
f1-score: 0.6905
accuracy: 0.5616
recall: 0.9783
precision: 0.5336
====================================================================================================
content_name: query_sunflower-facts
f1-score: 0.7742
accuracy: 0.7586
recall: 0.8219
precision: 0.7317
====================================================================================================
content_name: query_universe-facts
f1-score: 0.7475
accuracy: 0.705
recall: 0.8702
precision: 0.6552
====================================================================================================
content_name: query_saturn-facts
f1-score: 0.6964
accuracy: 0.6634
recall: 0.7647
precision: 0.6393
====================================================================================================
content_name: query_jupiter-facts
f1-score: 0.7273
accuracy: 0.6857
recall: 0.8302
precision: 0.6471
====================================================================================================
content_name: query_moon-facts
f1-score: 0.6949
accuracy: 0.6538
recall: 0.7885
precision: 0.6212
====================================================================================================
content_name: query_pluto-facts
f1-score: 0.8033
accuracy: 0.76
recall: 0.98
precision: 0.6806
====================================================================================================
content_name: query_earth-facts
f1-score: 0.5763
accuracy: 0.6193
recall: 0.5152
precision: 0.6538
====================================================================================================
content_name: query_northern-lights-facts
f1-score: 0.878
accuracy: 0.8624
recall: 0.9818
precision: 0.7941
====================================================================================================
