content_name: query_hispanic-culture-facts
f1-score: 0.7418
accuracy: 0.694
recall: 0.8793
precision: 0.6415
====================================================================================================
content_name: query_egyptian-gods-and-goddesses
f1-score: 0.7674
accuracy: 0.7235
recall: 0.9083
precision: 0.6644
====================================================================================================
content_name: query_the-mayans-facts
f1-score: 0.66
accuracy: 0.7444
recall: 0.4925
precision: 1.0
====================================================================================================
content_name: query_culture-facts
f1-score: 0.5314
accuracy: 0.4948
recall: 0.5729
precision: 0.4955
====================================================================================================
content_name: query_st-patricks-day-facts
f1-score: 0.8244
accuracy: 0.8034
recall: 0.9153
precision: 0.75
====================================================================================================
content_name: query_thanksgiving-facts
f1-score: 0.9362
accuracy: 0.94
recall: 0.88
precision: 1.0
====================================================================================================
content_name: query_valentines-day-facts
f1-score: 0.7259
accuracy: 0.6838
recall: 0.8305
precision: 0.6447
====================================================================================================
content_name: query_language-facts
f1-score: 0.8911
accuracy: 0.9018
recall: 0.8036
precision: 1.0
====================================================================================================
content_name: query_korean-war-facts
f1-score: 0.7908
accuracy: 0.777
recall: 0.8431
precision: 0.7446
====================================================================================================
content_name: query_historical-events-facts
f1-score: 0.4398
accuracy: 0.5962
recall: 0.3158
precision: 0.7241
====================================================================================================
content_name: query_911-facts
f1-score: 0.7527
accuracy: 0.7723
recall: 0.6863
precision: 0.8333
====================================================================================================
content_name: query_ww2-facts
f1-score: 0.8303
accuracy: 0.8082
recall: 0.9384
precision: 0.7446
====================================================================================================
content_name: query_boston-tea-party-facts
f1-score: 0.9153
accuracy: 0.9074
recall: 1.0
precision: 0.8438
====================================================================================================
content_name: query_pearl-harbor-facts
f1-score: 0.8045
accuracy: 0.8023
recall: 0.809
precision: 0.8
====================================================================================================
content_name: query_auschwitz-facts
f1-score: 0.8542
accuracy: 0.8716
recall: 0.7455
precision: 1.0
====================================================================================================
content_name: query_4th-of-july-facts
f1-score: 0.8649
accuracy: 0.8571
recall: 0.9057
precision: 0.8276
====================================================================================================
content_name: query_cinco-de-mayo-facts
f1-score: 0.896
accuracy: 0.8879
recall: 0.9655
precision: 0.8358
====================================================================================================
content_name: query_ww1-facts
f1-score: 0.7662
accuracy: 0.7363
recall: 0.8613
precision: 0.6901
====================================================================================================
content_name: query_andre-the-giant-facts
f1-score: 0.7083
accuracy: 0.7667
recall: 0.5667
precision: 0.9444
====================================================================================================
content_name: query_mother-teresa-facts
f1-score: 0.9043
accuracy: 0.9113
recall: 0.8387
precision: 0.9811
====================================================================================================
content_name: query_hades-facts
f1-score: 0.7177
accuracy: 0.6698
recall: 0.8396
precision: 0.6268
====================================================================================================
content_name: query_hera-facts
f1-score: 0.9405
accuracy: 0.943
recall: 0.8969
precision: 0.9886
====================================================================================================
content_name: query_jesus-facts
f1-score: 0.9505
accuracy: 0.95
recall: 0.96
precision: 0.9412
====================================================================================================
content_name: query_people-facts
f1-score: 0.2017
accuracy: 0.5519
recall: 0.1132
precision: 0.9231
====================================================================================================
content_name: query_oprah-winfrey-facts
f1-score: 0.9903
accuracy: 0.9904
recall: 0.9808
precision: 1.0
====================================================================================================
content_name: query_julius-caesar-facts
f1-score: 0.7292
accuracy: 0.75
recall: 0.6731
precision: 0.7955
====================================================================================================
content_name: query_william-shakespeare-facts
f1-score: 0.9581
accuracy: 0.9593
recall: 0.9279
precision: 0.9904
====================================================================================================
content_name: query_florence-nightingale-facts
f1-score: 0.9714
accuracy: 0.9712
recall: 0.9808
precision: 0.9623
====================================================================================================
content_name: query_bill-gates-facts
f1-score: 0.9508
accuracy: 0.9524
recall: 0.9158
precision: 0.9886
====================================================================================================
content_name: query_alexander-the-great-facts
f1-score: 0.9558
accuracy: 0.9537
recall: 1.0
precision: 0.9153
====================================================================================================
content_name: query_michael-jackson-facts
f1-score: 0.871
accuracy: 0.873
recall: 0.8526
precision: 0.8901
====================================================================================================
content_name: query_neil-armstrong-facts
f1-score: 0.8649
accuracy: 0.8624
recall: 0.8727
precision: 0.8571
====================================================================================================
content_name: query_george-washington-facts
f1-score: 0.9714
accuracy: 0.9714
recall: 0.9623
precision: 0.9808
====================================================================================================
content_name: query_marilyn-monroe-facts
f1-score: 0.9412
accuracy: 0.94
recall: 0.96
precision: 0.9231
====================================================================================================
content_name: query_cleopatra-facts
f1-score: 0.957
accuracy: 0.9577
recall: 0.9368
precision: 0.978
====================================================================================================
content_name: query_the-beatles-facts
f1-score: 0.9181
accuracy: 0.9236
recall: 0.8543
precision: 0.9923
====================================================================================================
content_name: query_martin-luther-king-jr-facts
f1-score: 0.9355
accuracy: 0.931
recall: 1.0
precision: 0.8788
====================================================================================================
content_name: query_bruce-lee-facts
f1-score: 0.9281
accuracy: 0.9295
recall: 0.9103
precision: 0.9467
====================================================================================================
content_name: query_michael-jordan-facts
f1-score: 0.9727
accuracy: 0.9722
recall: 0.9889
precision: 0.957
====================================================================================================
content_name: query_beethoven-facts
f1-score: 0.9744
accuracy: 0.975
recall: 0.95
precision: 1.0
====================================================================================================
content_name: query_marie-curie-facts
f1-score: 0.9815
accuracy: 0.9815
recall: 0.9815
precision: 0.9815
====================================================================================================
content_name: query_pablo-escobar-facts
f1-score: 0.9636
accuracy: 0.9643
recall: 0.9464
precision: 0.9815
====================================================================================================
content_name: query_poseidon-facts
f1-score: 0.9937
accuracy: 0.9938
recall: 0.9875
precision: 1.0
====================================================================================================
content_name: query_aphrodite-facts
f1-score: 0.9891
accuracy: 0.9892
recall: 0.9785
precision: 1.0
====================================================================================================
content_name: query_maya-angelou-facts
f1-score: 0.8571
accuracy: 0.859
recall: 0.8462
precision: 0.8684
====================================================================================================
content_name: query_mozart-facts
f1-score: 0.9816
accuracy: 0.9818
recall: 0.9639
precision: 1.0
====================================================================================================
content_name: query_donald-trump-facts
f1-score: 0.9253
accuracy: 0.9302
recall: 0.8609
precision: 1.0
====================================================================================================
content_name: query_us-presidents-facts
f1-score: 0.8927
accuracy: 0.8997
recall: 0.8323
precision: 0.9627
====================================================================================================
content_name: query_women-leaders-facts
f1-score: 0.8654
accuracy: 0.8803
recall: 0.7627
precision: 1.0
====================================================================================================
content_name: query_steve-jobs-facts
f1-score: 0.8321
accuracy: 0.8099
recall: 0.9344
precision: 0.75
====================================================================================================
content_name: query_barack-obama-facts
f1-score: 0.8553
accuracy: 0.8722
recall: 0.7556
precision: 0.9855
====================================================================================================
content_name: query_confucius-facts
f1-score: 0.8727
accuracy: 0.8716
recall: 0.8727
precision: 0.8727
====================================================================================================
content_name: query_pythagoras-facts
f1-score: 0.7419
accuracy: 0.7265
recall: 0.7797
precision: 0.7077
====================================================================================================
content_name: query_buddhism-facts
f1-score: 0.7721
accuracy: 0.7407
recall: 0.8737
precision: 0.6917
====================================================================================================
content_name: query_bible-facts
f1-score: 0.8929
accuracy: 0.8812
recall: 0.9804
precision: 0.8197
====================================================================================================
content_name: query_easter-facts
f1-score: 0.6552
accuracy: 0.6757
recall: 0.6129
precision: 0.7037
====================================================================================================
content_name: query_entertainment-facts
f1-score: 0.5263
accuracy: 0.55
recall: 0.5
precision: 0.5556
====================================================================================================
content_name: query_my-cousin-vinny-facts
f1-score: 0.6353
accuracy: 0.7048
recall: 0.5094
precision: 0.8438
====================================================================================================
content_name: query_friends-facts
f1-score: 0.8615
accuracy: 0.8784
recall: 0.7568
precision: 1.0
====================================================================================================
content_name: query_star-wars-facts
f1-score: 0.871
accuracy: 0.875
recall: 0.8438
precision: 0.9
====================================================================================================
content_name: query_christmas-songs
f1-score: 0.7937
accuracy: 0.74
recall: 1.0
precision: 0.6579
====================================================================================================
content_name: query_tiktok-facts
f1-score: 0.7692
accuracy: 0.7202
recall: 0.9278
precision: 0.6569
====================================================================================================
content_name: query_rock-paper-scissors-facts
f1-score: 0.7402
accuracy: 0.67
recall: 0.94
precision: 0.6104
====================================================================================================
content_name: query_lego-facts
f1-score: 0.8889
accuracy: 0.875
recall: 1.0
precision: 0.8
====================================================================================================
content_name: query_disney-facts
f1-score: 0.8195
accuracy: 0.8244
recall: 0.7975
precision: 0.8428
====================================================================================================
content_name: query_spotify-facts
f1-score: 0.8817
accuracy: 0.8659
recall: 1.0
precision: 0.7885
====================================================================================================
content_name: query_netflix-facts
f1-score: 0.9263
accuracy: 0.9292
recall: 0.887
precision: 0.9691
====================================================================================================
content_name: query_harry-potter-facts
f1-score: 0.8679
accuracy: 0.8805
recall: 0.7823
precision: 0.9746
====================================================================================================
content_name: query_marvel-facts
f1-score: 0.884
accuracy: 0.896
recall: 0.792
precision: 1.0
====================================================================================================
content_name: query_bts-facts
f1-score: 0.8156
accuracy: 0.8413
recall: 0.7019
precision: 0.9733
====================================================================================================
content_name: query_minecraft-facts
f1-score: 0.8143
accuracy: 0.8317
recall: 0.7355
precision: 0.912
====================================================================================================
content_name: query_pokemon-facts
f1-score: 0.8721
accuracy: 0.8766
recall: 0.8392
precision: 0.9076
====================================================================================================
content_name: query_books-facts
f1-score: 0.9213
accuracy: 0.9243
recall: 0.8817
precision: 0.9647
====================================================================================================
content_name: query_lord-of-the-rings-facts
f1-score: 0.8491
accuracy: 0.8678
recall: 0.7377
precision: 1.0
====================================================================================================
content_name: query_video-game-facts
f1-score: 0.702
accuracy: 0.6875
recall: 0.7361
precision: 0.6709
====================================================================================================
content_name: query_food-facts
f1-score: 0.7925
accuracy: 0.8065
recall: 0.7368
precision: 0.8571
====================================================================================================
content_name: query_chocolate-facts
f1-score: 0.8284
accuracy: 0.8047
recall: 0.9396
precision: 0.7407
====================================================================================================
content_name: query_strawberry-facts
f1-score: 0.8194
accuracy: 0.7778
recall: 1.0
precision: 0.6941
====================================================================================================
content_name: query_nutella-facts
f1-score: 0.8
accuracy: 0.7607
recall: 0.9492
precision: 0.6914
====================================================================================================
content_name: query_watermelon-facts
f1-score: 0.8676
accuracy: 0.8512
recall: 0.9672
precision: 0.7867
====================================================================================================
content_name: query_cornflakes-facts
f1-score: 0.8125
accuracy: 0.7692
recall: 1.0
precision: 0.6842
====================================================================================================
content_name: query_breakfast-around-the-world
f1-score: 0.8293
accuracy: 0.7981
recall: 0.9808
precision: 0.7183
====================================================================================================
content_name: query_pizza-hut-facts
f1-score: 0.8635
accuracy: 0.8474
recall: 0.9627
precision: 0.7828
====================================================================================================
content_name: query_starbucks-facts
f1-score: 0.7742
accuracy: 0.72
recall: 0.9571
precision: 0.65
====================================================================================================
content_name: query_beer-facts
f1-score: 0.8571
accuracy: 0.8488
recall: 0.907
precision: 0.8125
====================================================================================================
content_name: query_mcdonalds-facts
f1-score: 0.8165
accuracy: 0.8073
recall: 0.8543
precision: 0.7818
====================================================================================================
content_name: query_coca-cola-facts
f1-score: 0.84
accuracy: 0.808
recall: 1.0
precision: 0.7241
====================================================================================================
content_name: query_pizza-facts
f1-score: 0.7962
accuracy: 0.7714
recall: 0.8929
precision: 0.7184
====================================================================================================
content_name: query_ice-cream-facts
f1-score: 0.7869
accuracy: 0.7615
recall: 0.8727
precision: 0.7164
====================================================================================================
content_name: query_avocado-facts
f1-score: 0.8348
accuracy: 0.8173
recall: 0.9231
precision: 0.7619
====================================================================================================
content_name: query_pineapple-facts
f1-score: 0.9216
accuracy: 0.9266
recall: 0.8545
precision: 1.0
====================================================================================================
content_name: query_coffee-facts
f1-score: 0.7669
accuracy: 0.7232
recall: 0.9107
precision: 0.6623
====================================================================================================
content_name: query_wine-facts
f1-score: 0.8976
accuracy: 0.9004
recall: 0.8702
precision: 0.9268
====================================================================================================
content_name: query_egg-facts
f1-score: 0.8704
accuracy: 0.86
recall: 0.94
precision: 0.8103
====================================================================================================
content_name: query_health-facts
f1-score: 0.6467
accuracy: 0.6513
recall: 0.6382
precision: 0.6554
====================================================================================================
content_name: query_sports-facts
f1-score: 0.5654
accuracy: 0.6373
recall: 0.4718
precision: 0.7053
====================================================================================================
content_name: query_soccer-facts
f1-score: 0.8977
accuracy: 0.9048
recall: 0.8316
precision: 0.9753
====================================================================================================
content_name: query_basketball-facts
f1-score: 0.7991
accuracy: 0.763
recall: 0.9427
precision: 0.6935
====================================================================================================
content_name: query_baseball-facts
f1-score: 0.8734
accuracy: 0.8714
recall: 0.8848
precision: 0.8622
====================================================================================================
content_name: query_espn-facts
f1-score: 0.9028
accuracy: 0.8939
recall: 0.9848
precision: 0.8333
====================================================================================================
content_name: query_golf-facts
f1-score: 0.9155
accuracy: 0.907
recall: 1.0
precision: 0.8442
====================================================================================================
content_name: query_running-facts
f1-score: 0.8858
accuracy: 0.8874
recall: 0.8707
precision: 0.9014
====================================================================================================
content_name: query_little-red-flying-fox-facts
f1-score: 0.6984
accuracy: 0.6481
recall: 0.8148
precision: 0.6111
====================================================================================================
content_name: query_types-of-starfish
f1-score: 0.9198
accuracy: 0.9181
recall: 0.9397
precision: 0.9008
====================================================================================================
content_name: query_black-bear-facts
f1-score: 0.8224
accuracy: 0.819
recall: 0.8302
precision: 0.8148
====================================================================================================
content_name: query_hippo-facts
f1-score: 0.6275
accuracy: 0.6174
recall: 0.64
precision: 0.6154
====================================================================================================
content_name: query_cow-facts
f1-score: 0.748
accuracy: 0.713
recall: 0.8519
precision: 0.6667
====================================================================================================
content_name: query_red-tailed-hawk-facts
f1-score: 0.8889
accuracy: 0.8917
recall: 0.8667
precision: 0.9123
====================================================================================================
content_name: query_pigeon-facts
f1-score: 0.92
accuracy: 0.9231
recall: 0.8846
precision: 0.9583
====================================================================================================
content_name: query_animal-facts
f1-score: 0.6986
accuracy: 0.6581
recall: 0.7898
precision: 0.6263
====================================================================================================
content_name: query_rabbit-facts
f1-score: 0.7361
accuracy: 0.686
recall: 0.8689
precision: 0.6386
====================================================================================================
content_name: query_golden-retriever-facts
f1-score: 0.9244
accuracy: 0.9231
recall: 0.9322
precision: 0.9167
====================================================================================================
content_name: query_bobcat-facts
f1-score: 0.7917
accuracy: 0.7414
recall: 0.9828
precision: 0.6628
====================================================================================================
content_name: query_frog-facts
f1-score: 0.8369
accuracy: 0.8034
recall: 1.0
precision: 0.7195
====================================================================================================
content_name: query_penguin-facts
f1-score: 0.8644
accuracy: 0.8462
recall: 0.9808
precision: 0.7727
====================================================================================================
content_name: query_cat-facts
f1-score: 0.8339
accuracy: 0.816
recall: 0.9236
precision: 0.76
====================================================================================================
content_name: query_corgi-facts
f1-score: 0.8738
accuracy: 0.8879
recall: 0.7759
precision: 1.0
====================================================================================================
content_name: query_otter-facts
f1-score: 0.8376
accuracy: 0.819
recall: 0.9245
precision: 0.7656
====================================================================================================
content_name: query_lobster-facts
f1-score: 0.7988
accuracy: 0.7747
recall: 0.8912
precision: 0.7238
====================================================================================================
content_name: query_fish-facts
f1-score: 0.8368
accuracy: 0.8194
recall: 0.9259
precision: 0.7634
====================================================================================================
content_name: query_bug-facts
f1-score: 0.8649
accuracy: 0.8496
recall: 0.9552
precision: 0.7901
====================================================================================================
content_name: query_megalodon-facts
f1-score: 0.8077
accuracy: 0.76
recall: 1.0
precision: 0.6774
====================================================================================================
content_name: query_lion-facts
f1-score: 0.8299
accuracy: 0.7984
recall: 0.9839
precision: 0.7176
====================================================================================================
content_name: query_owl-facts
f1-score: 0.7465
accuracy: 0.7027
recall: 0.871
precision: 0.6532
====================================================================================================
content_name: query_bat-facts
f1-score: 0.7774
accuracy: 0.7368
recall: 0.9161
precision: 0.6753
====================================================================================================
content_name: query_bee-facts
f1-score: 0.9764
accuracy: 0.9758
recall: 1.0
precision: 0.9538
====================================================================================================
content_name: query_tiger-facts
f1-score: 0.8136
accuracy: 0.7708
recall: 1.0
precision: 0.6857
====================================================================================================
content_name: query_monarch-butterfly-facts
f1-score: 0.9333
accuracy: 0.931
recall: 0.9655
precision: 0.9032
====================================================================================================
content_name: query_killer-whale-facts
f1-score: 0.8095
accuracy: 0.7624
recall: 1.0
precision: 0.68
====================================================================================================
content_name: query_horse-facts
f1-score: 0.8621
accuracy: 0.8545
recall: 0.9036
precision: 0.8242
====================================================================================================
content_name: query_bear-facts
f1-score: 0.886
accuracy: 0.8824
recall: 0.9099
precision: 0.8632
====================================================================================================
content_name: query_elephant-facts
f1-score: 0.8249
accuracy: 0.7919
recall: 0.9733
precision: 0.7157
====================================================================================================
content_name: query_dolphin-facts
f1-score: 0.8358
accuracy: 0.8036
recall: 1.0
precision: 0.7179
====================================================================================================
content_name: query_wolf-facts
f1-score: 0.8022
accuracy: 0.7692
recall: 0.9359
precision: 0.7019
====================================================================================================
content_name: query_chihuahua-facts
f1-score: 0.9906
accuracy: 0.9904
recall: 1.0
precision: 0.9813
====================================================================================================
content_name: query_siberian-husky-facts
f1-score: 0.7669
accuracy: 0.7281
recall: 0.8947
precision: 0.6711
====================================================================================================
content_name: query_whale-facts
f1-score: 0.7934
accuracy: 0.7619
recall: 0.9057
precision: 0.7059
====================================================================================================
content_name: query_snake-facts
f1-score: 0.8618
accuracy: 0.8482
recall: 0.9464
precision: 0.791
====================================================================================================
content_name: query_chicken-facts
f1-score: 0.7516
accuracy: 0.7045
recall: 0.8939
precision: 0.6484
====================================================================================================
content_name: query_monkey-facts
f1-score: 0.8091
accuracy: 0.7717
recall: 0.9674
precision: 0.6953
====================================================================================================
content_name: query_camel-facts
f1-score: 0.8288
accuracy: 0.81
recall: 0.92
precision: 0.7541
====================================================================================================
content_name: query_parasite-facts
f1-score: 0.7836
accuracy: 0.7375
recall: 0.947
precision: 0.6682
====================================================================================================
content_name: query_shark-facts
f1-score: 0.7671
accuracy: 0.7167
recall: 0.9333
precision: 0.6512
====================================================================================================
content_name: query_human-body-facts
f1-score: 0.7633
accuracy: 0.707
recall: 0.9416
precision: 0.6418
====================================================================================================
content_name: query_redhead-facts
f1-score: 0.8143
accuracy: 0.8194
recall: 0.7917
precision: 0.8382
====================================================================================================
content_name: query_baby-facts
f1-score: 0.7726
accuracy: 0.727
recall: 0.9276
precision: 0.662
====================================================================================================
content_name: query_sex-facts
f1-score: 0.8299
accuracy: 0.8214
recall: 0.8714
precision: 0.7922
====================================================================================================
content_name: query_plant-facts
f1-score: 0.6801
accuracy: 0.5399
recall: 0.9783
precision: 0.5212
====================================================================================================
content_name: query_sunflower-facts
f1-score: 0.8421
accuracy: 0.8138
recall: 0.9863
precision: 0.7347
====================================================================================================
content_name: query_universe-facts
f1-score: 0.7566
accuracy: 0.7165
recall: 0.8779
precision: 0.6647
====================================================================================================
content_name: query_saturn-facts
f1-score: 0.7563
accuracy: 0.7129
recall: 0.8824
precision: 0.6618
====================================================================================================
content_name: query_jupiter-facts
f1-score: 0.7333
accuracy: 0.6952
recall: 0.8302
precision: 0.6567
====================================================================================================
content_name: query_moon-facts
f1-score: 0.7939
accuracy: 0.7404
recall: 1.0
precision: 0.6582
====================================================================================================
content_name: query_pluto-facts
f1-score: 0.8235
accuracy: 0.79
recall: 0.98
precision: 0.7101
====================================================================================================
content_name: query_earth-facts
f1-score: 0.724
accuracy: 0.6904
recall: 0.8081
precision: 0.6557
====================================================================================================
content_name: query_northern-lights-facts
f1-score: 0.8281
accuracy: 0.7982
recall: 0.9636
precision: 0.726
====================================================================================================
content_name: query_biology-facts
f1-score: 0.6788
accuracy: 0.6845
recall: 0.6667
precision: 0.6914
====================================================================================================
content_name: query_bacteria-facts
f1-score: 0.7681
accuracy: 0.7355
recall: 0.8689
precision: 0.6883
====================================================================================================
content_name: query_lithium-facts
f1-score: 0.8475
accuracy: 0.8269
recall: 0.9615
precision: 0.7576
====================================================================================================
content_name: query_chemistry-facts
f1-score: 0.664
accuracy: 0.6571
recall: 0.6748
precision: 0.6535
====================================================================================================
content_name: query_gold-facts
f1-score: 0.8455
accuracy: 0.8173
recall: 1.0
precision: 0.7324
====================================================================================================
content_name: query_taiga-biomes-facts
f1-score: 0.6943
accuracy: 0.6811
recall: 0.7204
precision: 0.67
====================================================================================================
content_name: query_deforestation-facts
f1-score: 0.8571
accuracy: 0.8421
recall: 0.9403
precision: 0.7875
====================================================================================================
content_name: query_desert-facts
f1-score: 0.7812
accuracy: 0.7333
recall: 0.9434
precision: 0.6667
====================================================================================================
content_name: query_geography-facts
f1-score: 0.7931
accuracy: 0.7966
recall: 0.7753
precision: 0.8118
====================================================================================================
content_name: query_rainforest-facts
f1-score: 0.931
accuracy: 0.9316
recall: 0.9153
precision: 0.9474
====================================================================================================
content_name: query_great-pacific-garbage-patch-facts
f1-score: 0.8235
accuracy: 0.8073
recall: 0.8909
precision: 0.7656
====================================================================================================
content_name: query_weather-facts
f1-score: 0.7304
accuracy: 0.7578
recall: 0.6562
precision: 0.8235
====================================================================================================
content_name: query_technology-facts
f1-score: 0.6323
accuracy: 0.7092
recall: 0.5
precision: 0.8596
====================================================================================================
content_name: query_car-facts
f1-score: 0.8938
accuracy: 0.902
recall: 0.8243
precision: 0.976
====================================================================================================
content_name: query_apollo-11-facts
f1-score: 0.9747
accuracy: 0.975
recall: 0.9625
precision: 0.9872
====================================================================================================
content_name: query_linkedin-facts
f1-score: 0.8113
accuracy: 0.7668
recall: 1.0
precision: 0.6825
====================================================================================================
content_name: query_paypal-facts
f1-score: 0.8371
accuracy: 0.8153
recall: 0.9489
precision: 0.7489
====================================================================================================
content_name: query_yahoo-facts
f1-score: 0.8088
accuracy: 0.8026
recall: 0.8323
precision: 0.7866
====================================================================================================
content_name: query_whatsapp-facts
f1-score: 0.9316
accuracy: 0.9346
recall: 0.8882
precision: 0.9795
====================================================================================================
content_name: query_airbnb-facts
f1-score: 0.8314
accuracy: 0.8141
recall: 0.9167
precision: 0.7606
====================================================================================================
content_name: query_amazon-facts
f1-score: 0.761
accuracy: 0.7224
recall: 0.8814
precision: 0.6695
====================================================================================================
content_name: query_internet-facts
f1-score: 0.749
accuracy: 0.7955
recall: 0.6104
precision: 0.9691
====================================================================================================
content_name: query_las-vegas-facts
f1-score: 0.5745
accuracy: 0.5349
recall: 0.6279
precision: 0.5294
====================================================================================================
content_name: query_barcelona-facts
f1-score: 0.8987
accuracy: 0.9053
recall: 0.8353
precision: 0.9726
====================================================================================================
content_name: query_city-facts
f1-score: 0.5787
accuracy: 0.6087
recall: 0.5354
precision: 0.6296
====================================================================================================
content_name: query_london-facts
f1-score: 0.7113
accuracy: 0.6806
recall: 0.787
precision: 0.6489
====================================================================================================
content_name: query_berlin-facts
f1-score: 0.8081
accuracy: 0.8119
recall: 0.7843
precision: 0.8333
====================================================================================================
content_name: query_new-york-facts
f1-score: 0.7246
accuracy: 0.7467
recall: 0.6637
precision: 0.7979
====================================================================================================
content_name: query_galapagos-islands-facts
f1-score: 0.8868
accuracy: 0.8909
recall: 0.8545
precision: 0.9216
====================================================================================================
content_name: query_pompeii-facts
f1-score: 0.7957
accuracy: 0.8304
recall: 0.6607
precision: 1.0
====================================================================================================
content_name: query_paris-facts
f1-score: 0.6466
accuracy: 0.6736
recall: 0.5972
precision: 0.7049
====================================================================================================
content_name: query_tokyo-facts
f1-score: 0.6707
accuracy: 0.7511
recall: 0.5045
precision: 1.0
====================================================================================================
content_name: query_venice-facts
f1-score: 0.7899
accuracy: 0.7788
recall: 0.8246
precision: 0.7581
====================================================================================================
content_name: query_costa-rica-facts
f1-score: 0.7527
accuracy: 0.7604
recall: 0.7292
precision: 0.7778
====================================================================================================
content_name: query_ancient-egypt-facts
f1-score: 0.8844
accuracy: 0.885
recall: 0.88
precision: 0.8889
====================================================================================================
content_name: query_nigeria-facts
f1-score: 0.8093
accuracy: 0.7876
recall: 0.8969
precision: 0.7373
====================================================================================================
content_name: query_pakistan-facts
f1-score: 0.7474
accuracy: 0.7857
recall: 0.6339
precision: 0.9103
====================================================================================================
content_name: query_ancient-rome-facts
f1-score: 0.8772
accuracy: 0.8861
recall: 0.8123
precision: 0.9534
====================================================================================================
content_name: query_panama-facts
f1-score: 0.8267
accuracy: 0.8207
recall: 0.8493
precision: 0.8052
====================================================================================================
content_name: query_scotland-facts
f1-score: 0.9072
accuracy: 0.9109
recall: 0.8627
precision: 0.9565
====================================================================================================
content_name: query_portugal-facts
f1-score: 0.7817
accuracy: 0.7892
recall: 0.7549
precision: 0.8105
====================================================================================================
content_name: query_ancient-greece-facts
f1-score: 0.7965
accuracy: 0.7788
recall: 0.8654
precision: 0.7377
====================================================================================================
content_name: query_country-facts
f1-score: 0.4912
accuracy: 0.6294
recall: 0.3567
precision: 0.7887
====================================================================================================
content_name: query_russia-facts
f1-score: 0.8298
accuracy: 0.8408
recall: 0.7723
precision: 0.8966
====================================================================================================
content_name: query_afghanistan-facts
f1-score: 0.7455
accuracy: 0.7941
recall: 0.6029
precision: 0.9762
====================================================================================================
content_name: query_north-korea-facts
f1-score: 0.9737
accuracy: 0.9744
recall: 0.9487
precision: 1.0
====================================================================================================
content_name: query_brazil-facts
f1-score: 0.7176
accuracy: 0.6757
recall: 0.8243
precision: 0.6354
====================================================================================================
content_name: query_venezuela-facts
f1-score: 0.8152
accuracy: 0.8088
recall: 0.8431
precision: 0.789
====================================================================================================
content_name: query_israel-facts
f1-score: 0.9318
accuracy: 0.9306
recall: 0.9425
precision: 0.9213
====================================================================================================
content_name: query_argentina-facts
f1-score: 0.6629
accuracy: 0.6878
recall: 0.6105
precision: 0.725
====================================================================================================
content_name: query_switzerland-facts
f1-score: 0.9782
accuracy: 0.9785
recall: 0.9573
precision: 1.0
====================================================================================================
content_name: query_philippines-facts
f1-score: 0.8727
accuracy: 0.86
recall: 0.96
precision: 0.8
====================================================================================================
content_name: query_haiti-facts
f1-score: 0.9617
accuracy: 0.963
recall: 0.9263
precision: 1.0
====================================================================================================
content_name: query_iceland-facts
f1-score: 0.9785
accuracy: 0.9784
recall: 0.9785
precision: 0.9785
====================================================================================================
content_name: query_canada-facts
f1-score: 0.8264
accuracy: 0.822
recall: 0.8475
precision: 0.8065
====================================================================================================
content_name: query_facts-about-greece
f1-score: 0.9433
accuracy: 0.9429
recall: 0.95
precision: 0.9366
====================================================================================================
content_name: query_poland-facts
f1-score: 0.8364
accuracy: 0.8448
recall: 0.7931
precision: 0.8846
====================================================================================================
content_name: query_greenland-facts
f1-score: 0.9809
accuracy: 0.9809
recall: 0.9747
precision: 0.9872
====================================================================================================
content_name: query_colombia-facts
f1-score: 0.8981
accuracy: 0.8986
recall: 0.8899
precision: 0.9065
====================================================================================================
content_name: query_mexico-facts
f1-score: 0.7722
accuracy: 0.7983
recall: 0.6816
precision: 0.8905
====================================================================================================
content_name: query_germany-facts
f1-score: 0.8368
accuracy: 0.855
recall: 0.7407
precision: 0.9615
====================================================================================================
content_name: query_belgium-facts
f1-score: 0.7979
accuracy: 0.81
recall: 0.75
precision: 0.8523
====================================================================================================
content_name: query_ecuador-facts
f1-score: 0.9125
accuracy: 0.913
recall: 0.9012
precision: 0.9241
====================================================================================================
content_name: query_spain-facts
f1-score: 0.9404
accuracy: 0.942
recall: 0.9116
precision: 0.971
====================================================================================================
content_name: query_egypt-facts
f1-score: 0.9517
accuracy: 0.9533
recall: 0.92
precision: 0.9857
====================================================================================================
content_name: query_honduras-facts
f1-score: 0.8941
accuracy: 0.8935
recall: 0.8941
precision: 0.8941
====================================================================================================
content_name: query_sweden-facts
f1-score: 0.8889
accuracy: 0.8885
recall: 0.8889
precision: 0.8889
====================================================================================================
content_name: query_japan-facts
f1-score: 0.9014
accuracy: 0.9031
recall: 0.8828
precision: 0.9209
====================================================================================================
content_name: query_turkey-facts
f1-score: 0.8617
accuracy: 0.8653
recall: 0.8351
precision: 0.8901
====================================================================================================
content_name: query_hong-kong-facts
f1-score: 0.8837
accuracy: 0.8864
recall: 0.8636
precision: 0.9048
====================================================================================================
content_name: query_iran-facts
f1-score: 0.8145
accuracy: 0.8136
recall: 0.8182
precision: 0.8108
====================================================================================================
content_name: query_italy-facts
f1-score: 0.883
accuracy: 0.886
recall: 0.8557
precision: 0.9121
====================================================================================================
content_name: query_bolivia-facts
f1-score: 0.8586
accuracy: 0.8657
recall: 0.8119
precision: 0.9111
====================================================================================================
content_name: query_south-korea-facts
f1-score: 0.8304
accuracy: 0.8516
recall: 0.7266
precision: 0.9688
====================================================================================================
content_name: query_china-facts
f1-score: 0.9528
accuracy: 0.9542
recall: 0.925
precision: 0.9823
====================================================================================================
content_name: query_denmark-facts
f1-score: 0.943
accuracy: 0.9439
recall: 0.9255
precision: 0.9613
====================================================================================================
content_name: query_singapore-facts
f1-score: 0.8452
accuracy: 0.8577
recall: 0.7769
precision: 0.9266
====================================================================================================
content_name: query_norway-facts
f1-score: 0.8344
accuracy: 0.8516
recall: 0.7473
precision: 0.9444
====================================================================================================
content_name: query_new-zealand-facts
f1-score: 0.7826
accuracy: 0.8214
recall: 0.6429
precision: 1.0
====================================================================================================
content_name: query_vietnam-facts
f1-score: 0.8315
accuracy: 0.8374
recall: 0.8
precision: 0.8657
====================================================================================================
content_name: query_guatemala-facts
f1-score: 0.7331
accuracy: 0.6912
recall: 0.844
precision: 0.6479
====================================================================================================
content_name: query_dominican-republic-facts
f1-score: 0.9279
accuracy: 0.9276
recall: 0.9279
precision: 0.9279
====================================================================================================
content_name: query_mongolia-facts
f1-score: 0.9176
accuracy: 0.9227
recall: 0.8571
precision: 0.9873
====================================================================================================
content_name: query_puerto-rico-facts
f1-score: 0.7935
accuracy: 0.8132
recall: 0.7153
precision: 0.8909
====================================================================================================
content_name: query_thailand-facts
f1-score: 0.7647
accuracy: 0.8028
recall: 0.6408
precision: 0.9479
====================================================================================================
content_name: query_india-facts
f1-score: 0.9132
accuracy: 0.9167
recall: 0.8772
precision: 0.9524
====================================================================================================
content_name: query_panama-canal-facts
f1-score: 0.812
accuracy: 0.7845
recall: 0.931
precision: 0.72
====================================================================================================
content_name: query_victoria-falls-facts
f1-score: 0.9623
accuracy: 0.9615
recall: 0.9808
precision: 0.9444
====================================================================================================
content_name: query_colosseum-facts
f1-score: 0.9796
accuracy: 0.98
recall: 0.96
precision: 1.0
====================================================================================================
content_name: query_winchester-house-facts
f1-score: 0.8235
accuracy: 0.8
recall: 0.9245
precision: 0.7424
====================================================================================================
content_name: query_sydney-opera-house-facts
f1-score: 0.975
accuracy: 0.975
recall: 0.975
precision: 0.975
====================================================================================================
content_name: query_niagara-falls-facts
f1-score: 0.955
accuracy: 0.9569
recall: 0.9138
precision: 1.0
====================================================================================================
content_name: query_buckingham-palace-facts
f1-score: 0.9455
accuracy: 0.9429
recall: 0.9811
precision: 0.9123
====================================================================================================
content_name: query_big-ben-facts
f1-score: 0.9006
accuracy: 0.891
recall: 0.9872
precision: 0.828
====================================================================================================
content_name: query_stonehenge-facts
f1-score: 0.9623
accuracy: 0.9619
recall: 0.9623
precision: 0.9623
====================================================================================================
content_name: query_eiffel-tower-facts
f1-score: 0.9536
accuracy: 0.9526
recall: 0.9741
precision: 0.9339
====================================================================================================
content_name: query_area-51-facts
f1-score: 0.9592
accuracy: 0.96
recall: 0.94
precision: 0.9792
====================================================================================================
content_name: query_statue-of-liberty-facts
f1-score: 0.9286
accuracy: 0.9259
recall: 0.9579
precision: 0.901
====================================================================================================
testdata: /home/keonwoo/anaconda3/envs/crawl/crawler/test_data/world/statue-of-liberty-facts.csv
contentname: query_statue-of-liberty-facts
pos_train_path: /home/keonwoo/anaconda3/envs/paper/DPR/building_dataset/factsnet/world/query_statue-of-liberty-facts.csv_negative.csv
neg_train_path: /home/keonwoo/anaconda3/envs/paper/DPR/building_dataset/factsnet/world/query_statue-of-liberty-facts.csv_negative.csv
query: ['The Statue of Liberty stands 305 feet tall.', 'The statue was dedicated on October 28, 1886.', 'In 2019, the Statue of Liberty had over 4.2 million visitors.', 'The public has not had access to the torch since 1916.', 'The Statue of Liberty can be found in New York City.']
====================================================================================================
content_name: query_yellowstone-national-park-facts
f1-score: 0.7407
accuracy: 0.6875
recall: 0.8929
precision: 0.6329
====================================================================================================
content_name: query_grand-canyon-national-park-facts
f1-score: 0.6695
accuracy: 0.5047
recall: 1.0
precision: 0.5032
====================================================================================================
content_name: query_burj-khalifa-facts
f1-score: 0.7871
accuracy: 0.7574
recall: 0.8971
precision: 0.7011
====================================================================================================
content_name: query_golden-gate-bridge-facts
f1-score: 0.7594
accuracy: 0.73
recall: 0.8487
precision: 0.6871
====================================================================================================
content_name: query_notre-dame-cathedral-facts
f1-score: 0.8054
accuracy: 0.7583
recall: 1.0
precision: 0.6742
====================================================================================================
content_name: query_machu-picchu-facts
f1-score: 0.8269
accuracy: 0.8393
recall: 0.7679
precision: 0.8958
====================================================================================================
content_name: query_mount-rushmore-facts
f1-score: 0.3942
accuracy: 0.6227
recall: 0.2455
precision: 1.0
====================================================================================================
content_name: query_virginia-plan-vs-new-jersey-plan
f1-score: 0.1449
accuracy: 0.5391
recall: 0.0781
precision: 1.0
====================================================================================================
content_name: query_new-hampshire-facts
f1-score: 0.7545
accuracy: 0.7574
recall: 0.7412
precision: 0.7683
====================================================================================================
content_name: query_south-carolina-facts
f1-score: 0.6994
accuracy: 0.7101
recall: 0.6706
precision: 0.7308
====================================================================================================
content_name: query_new-york-state-facts
f1-score: 0.6324
accuracy: 0.669
recall: 0.5674
precision: 0.7143
====================================================================================================
content_name: query_nebraska-facts
f1-score: 0.6286
accuracy: 0.6829
recall: 0.5366
precision: 0.7586
====================================================================================================
content_name: query_ohio-facts
f1-score: 0.7985
accuracy: 0.8059
recall: 0.7664
precision: 0.8333
====================================================================================================
content_name: query_maine-facts
f1-score: 0.7246
accuracy: 0.758
recall: 0.6329
precision: 0.8475
====================================================================================================
content_name: query_missouri-facts
f1-score: 0.6927
accuracy: 0.7042
recall: 0.6636
precision: 0.7245
====================================================================================================
content_name: query_minnesota-facts
f1-score: 0.5991
accuracy: 0.6553
recall: 0.5152
precision: 0.7158
====================================================================================================
content_name: query_wisconsin-facts
f1-score: 0.6965
accuracy: 0.6554
recall: 0.7865
precision: 0.625
====================================================================================================
content_name: query_michigan-facts
f1-score: 0.7004
accuracy: 0.7279
recall: 0.634
precision: 0.7823
====================================================================================================
content_name: query_maryland-facts
f1-score: 0.7792
accuracy: 0.7834
recall: 0.7595
precision: 0.8
====================================================================================================
content_name: query_kansas-facts
f1-score: 0.6996
accuracy: 0.7309
recall: 0.624
precision: 0.7959
====================================================================================================
content_name: query_indiana-facts
f1-score: 0.5828
accuracy: 0.5772
recall: 0.5867
precision: 0.5789
====================================================================================================
content_name: query_rhode-island-facts
f1-score: 0.7211
accuracy: 0.6822
recall: 0.8154
precision: 0.6463
====================================================================================================
content_name: query_virginia-facts
f1-score: 0.7818
accuracy: 0.7624
recall: 0.8431
precision: 0.7288
====================================================================================================
content_name: query_north-carolina-facts
f1-score: 0.8
accuracy: 0.7964
recall: 0.8108
precision: 0.7895
====================================================================================================
content_name: query_illinois-facts
f1-score: 0.6406
accuracy: 0.642
recall: 0.6357
precision: 0.6457
====================================================================================================
content_name: query_new-mexico-facts
f1-score: 0.7703
accuracy: 0.7778
recall: 0.7403
precision: 0.8028
====================================================================================================
content_name: query_us-states-facts
f1-score: 0.8041
accuracy: 0.7803
recall: 0.9015
precision: 0.7256
====================================================================================================
content_name: query_oregon-facts
f1-score: 0.8062
accuracy: 0.8047
recall: 0.8125
precision: 0.8
====================================================================================================
content_name: query_texas-facts
f1-score: 0.8533
accuracy: 0.844
recall: 0.9014
precision: 0.8101
====================================================================================================
content_name: query_pennsylvania-facts
f1-score: 0.682
accuracy: 0.6497
recall: 0.7475
precision: 0.6271
====================================================================================================
content_name: query_connecticut-facts
f1-score: 0.8455
accuracy: 0.8304
recall: 0.9286
precision: 0.7761
====================================================================================================
content_name: query_louisiana-facts
f1-score: 0.4663
accuracy: 0.5735
recall: 0.3725
precision: 0.623
====================================================================================================
content_name: query_hawaii-facts
f1-score: 0.8671
accuracy: 0.8693
recall: 0.8523
precision: 0.8824
====================================================================================================
content_name: query_alaska-facts
f1-score: 0.7792
accuracy: 0.7763
recall: 0.7895
precision: 0.7692
====================================================================================================
content_name: query_kentucky-facts
f1-score: 0.8085
accuracy: 0.7769
recall: 0.9344
precision: 0.7125
====================================================================================================
content_name: query_montana-facts
f1-score: 0.8259
accuracy: 0.8416
recall: 0.7477
precision: 0.9222
====================================================================================================
